<?xml version="1.0" encoding="UTF-8" standalone="no"?>
<testsuite failures="1" name="cucumber.runtime.formatter.JUnitFormatter" skipped="0" tests="1" time="64.187349">
<testcase classname="e-Arsiv Faturalar Buton Kontrolu" name="e-Arsiv Faturalar Buton Kontrolu" time="64.187349">
<failure message="com.kms.katalon.core.exception.StepErrorException: Call Test Case 'Test Cases/Filtreler/FiltreVarMi' failed because of error(s)&#13;&#10;&#9;at com.kms.katalon.core.keyword.builtin.CallTestCaseKeyword$_callTestCase_closure1.doCall(CallTestCaseKeyword.groovy:66)&#13;&#10;&#9;at com.kms.katalon.core.keyword.builtin.CallTestCaseKeyword$_callTestCase_closure1.call(CallTestCaseKeyword.groovy)&#13;&#10;&#9;at com.kms.katalon.core.keyword.internal.KeywordMain.runKeyword(KeywordMain.groovy:68)&#13;&#10;&#9;at com.kms.katalon.core.keyword.builtin.CallTestCaseKeyword.callTestCase(CallTestCaseKeyword.groovy:81)&#13;&#10;&#9;at com.kms.katalon.core.keyword.builtin.CallTestCaseKeyword.execute(CallTestCaseKeyword.groovy:44)&#13;&#10;&#9;at com.kms.katalon.core.keyword.internal.KeywordExecutor.executeKeywordForPlatform(KeywordExecutor.groovy:73)&#13;&#10;&#9;at com.kms.katalon.core.keyword.BuiltinKeywords.callTestCase(BuiltinKeywords.groovy:334)&#13;&#10;&#9;at filtreler.filtreler.filtreVarMi(filtreler.groovy:104)&#13;&#10;&#9;at ✽.Filtre alanlarında Belge Statüsü var mı(C:/Users/DELL/Documents/GitHub/EES_KatalonLogo/Include/features/e-Arsiv/e-Arsiv Hareketleri/e-Arsiv Faturalari/Ekran Kontrolu.feature:41)&#13;&#10;Caused by: org.codehaus.groovy.runtime.InvokerInvocationException: Assertion failed: &#10;&#10;assert a&#10;       |&#10;       false&#10;&#13;&#10;&#9;at Method.invokeMethod(Method.groovy)&#13;&#10;&#9;at com.kms.katalon.core.main.CustomKeywordDelegatingMetaClass.invokeStaticMethod(CustomKeywordDelegatingMetaClass.java:50)&#13;&#10;&#9;at FiltreVarMi.run(FiltreVarMi:19)&#13;&#10;&#9;at com.kms.katalon.core.main.ScriptEngine.run(ScriptEngine.java:194)&#13;&#10;&#9;at com.kms.katalon.core.main.ScriptEngine.runScriptAsRawText(ScriptEngine.java:119)&#13;&#10;&#9;at com.kms.katalon.core.main.TestCaseExecutor.runScript(TestCaseExecutor.java:369)&#13;&#10;&#9;at com.kms.katalon.core.main.TestCaseExecutor.doExecute(TestCaseExecutor.java:360)&#13;&#10;&#9;at com.kms.katalon.core.main.TestCaseExecutor.processExecutionPhase(TestCaseExecutor.java:339)&#13;&#10;&#9;at com.kms.katalon.core.main.TestCaseExecutor.accessMainPhase(TestCaseExecutor.java:331)&#13;&#10;&#9;at com.kms.katalon.core.main.TestCaseExecutor.execute(TestCaseExecutor.java:248)&#13;&#10;&#9;at com.kms.katalon.core.main.TestCaseMain.runTestCase(TestCaseMain.java:138)&#13;&#10;&#9;at com.kms.katalon.core.keyword.builtin.CallTestCaseKeyword$_callTestCase_closure1.doCall(CallTestCaseKeyword.groovy:59)&#13;&#10;&#9;at com.kms.katalon.core.keyword.builtin.CallTestCaseKeyword$_callTestCase_closure1.call(CallTestCaseKeyword.groovy)&#13;&#10;&#9;at com.kms.katalon.core.keyword.internal.KeywordMain.runKeyword(KeywordMain.groovy:68)&#13;&#10;&#9;at com.kms.katalon.core.keyword.builtin.CallTestCaseKeyword.callTestCase(CallTestCaseKeyword.groovy:81)&#13;&#10;&#9;at com.kms.katalon.core.keyword.builtin.CallTestCaseKeyword.execute(CallTestCaseKeyword.groovy:44)&#13;&#10;&#9;at com.kms.katalon.core.keyword.internal.KeywordExecutor.executeKeywordForPlatform(KeywordExecutor.groovy:73)&#13;&#10;&#9;at com.kms.katalon.core.keyword.BuiltinKeywords.callTestCase(BuiltinKeywords.groovy:334)&#13;&#10;&#9;at filtreler.filtreler.filtreVarMi(filtreler.groovy:104)&#13;&#10;&#9;at cucumber.runtime.Utils$1.call(Utils.java:26)&#13;&#10;&#9;at cucumber.runtime.Timeout.timeout(Timeout.java:16)&#13;&#10;&#9;at cucumber.runtime.Utils.invoke(Utils.java:20)&#13;&#10;&#9;at cucumber.runtime.java.JavaStepDefinition.execute(JavaStepDefinition.java:49)&#13;&#10;&#9;at cucumber.runner.PickleStepDefinitionMatch.runStep(PickleStepDefinitionMatch.java:50)&#13;&#10;&#9;at cucumber.runner.TestStep.executeStep(TestStep.java:63)&#13;&#10;&#9;at cucumber.runner.TestStep.run(TestStep.java:49)&#13;&#10;&#9;at cucumber.runner.PickleStepTestStep.run(PickleStepTestStep.java:43)&#13;&#10;&#9;at cucumber.runner.TestCase.run(TestCase.java:44)&#13;&#10;&#9;at cucumber.runner.Runner.runPickle(Runner.java:40)&#13;&#10;&#9;at cucumber.runtime.Runtime$1.run(Runtime.java:84)&#13;&#10;&#9;at cucumber.runtime.Runtime$SameThreadExecutorService.execute(Runtime.java:220)&#13;&#10;&#9;at cucumber.runtime.Runtime.run(Runtime.java:81)&#13;&#10;&#9;at cucumber.api.cli.Main.run(Main.java:26)&#13;&#10;&#9;at cucumber.api.cli.Main$run.call(Unknown Source)&#13;&#10;&#9;at com.kms.katalon.core.cucumber.keyword.CucumberBuiltinKeywords$_runFeatureFile_closure1.doCall(CucumberBuiltinKeywords.groovy:106)&#13;&#10;&#9;at com.kms.katalon.core.cucumber.keyword.CucumberBuiltinKeywords$_runFeatureFile_closure1.doCall(CucumberBuiltinKeywords.groovy)&#13;&#10;&#9;at com.kms.katalon.core.keyword.internal.KeywordMain.runKeyword(KeywordMain.groovy:68)&#13;&#10;&#9;at com.kms.katalon.core.keyword.internal.KeywordMain$runKeyword.call(Unknown Source)&#13;&#10;&#9;at com.kms.katalon.core.cucumber.keyword.CucumberBuiltinKeywords.runFeatureFile(CucumberBuiltinKeywords.groovy:73)&#13;&#10;&#9;at com.kms.katalon.core.cucumber.keyword.CucumberBuiltinKeywords$runFeatureFile$0.callStatic(Unknown Source)&#13;&#10;&#9;at com.kms.katalon.core.cucumber.keyword.CucumberBuiltinKeywords.runFeatureFile(CucumberBuiltinKeywords.groovy:246)&#13;&#10;&#9;at com.kms.katalon.core.cucumber.keyword.CucumberBuiltinKeywords$runFeatureFile.call(Unknown Source)&#13;&#10;&#9;at Ekran Kontrolu.run(Ekran Kontrolu:19)&#13;&#10;&#9;at com.kms.katalon.core.main.ScriptEngine.run(ScriptEngine.java:194)&#13;&#10;&#9;at com.kms.katalon.core.main.ScriptEngine.runScriptAsRawText(ScriptEngine.java:119)&#13;&#10;&#9;at com.kms.katalon.core.main.TestCaseExecutor.runScript(TestCaseExecutor.java:369)&#13;&#10;&#9;at com.kms.katalon.core.main.TestCaseExecutor.doExecute(TestCaseExecutor.java:360)&#13;&#10;&#9;at com.kms.katalon.core.main.TestCaseExecutor.processExecutionPhase(TestCaseExecutor.java:339)&#13;&#10;&#9;at com.kms.katalon.core.main.TestCaseExecutor.accessMainPhase(TestCaseExecutor.java:331)&#13;&#10;&#9;at com.kms.katalon.core.main.TestCaseExecutor.execute(TestCaseExecutor.java:248)&#13;&#10;&#9;at com.kms.katalon.core.main.TestSuiteExecutor.accessTestCaseMainPhase(TestSuiteExecutor.java:191)&#13;&#10;&#9;at com.kms.katalon.core.main.TestSuiteExecutor.accessTestSuiteMainPhase(TestSuiteExecutor.java:140)&#13;&#10;&#9;at com.kms.katalon.core.main.TestSuiteExecutor.execute(TestSuiteExecutor.java:89)&#13;&#10;&#9;at com.kms.katalon.core.main.TestCaseMain.startTestSuite(TestCaseMain.java:181)&#13;&#10;&#9;at com.kms.katalon.core.main.TestCaseMain$startTestSuite$0.call(Unknown Source)&#13;&#10;&#9;at TempTestSuite1637329532010.run(TempTestSuite1637329532010.groovy:39)&#13;&#10;Caused by: Assertion failed: &#10;&#10;assert a&#10;       |&#10;       false&#10;&#13;&#10;&#9;at Method.TextDegerineEsitElementVarMi(Method.groovy:277)&#13;&#10;&#9;... 56 more&#13;&#10;"><![CDATA[* Kullanıcı adı ELOGO6 ve Şifre 123456 olarak giriş yapılır.................passed
* Ana menüden e-Arşiv seçilir...............................................passed
* Alt menü e-Arşiv Hareketleri başlığı altındaki e-Arşiv Faturaları seçilir.passed
* Filtrelerden Oluşturma Tarihi filtresine 01.01.2020 baslangic degerini yaz.passed
* Filtrelerden Oluşturma Tarihi filtresine 10.04.2020 bitis degerini yaz....passed
* Filtre butonlarından Listele seçilir......................................passed
* Tablodan deney deney isimli verinin detayı tıklanır.......................passed
* Tablodan deney deney isimli verinin detayı tıklanır.......................passed
* Listelenen öğe sayısı Sayfa 1 / 61 (603 öğe) mi...........................passed
* Filtrelerden Tür filtresine İADE dropdowndan degeri seçilir...............passed
* Filtre butonlarından Listele seçilir......................................passed
* Tabloda veri var mı kontrol edilir........................................passed
* Anasayfaya geri dönülür...................................................passed
* Ana menüden e-Arşiv seçilir...............................................passed
* Alt menü e-Arşiv Hareketleri başlığı altındaki e-Arşiv Faturaları seçilir.passed
* Filtrelerden Oluşturma Tarihi filtresine 01.01.2020 baslangic degerini yaz.passed
* Filtrelerden Oluşturma Tarihi filtresine 10.04.2020 bitis degerini yaz....passed
* Filtrelerden Fatura Tarihi filtresine 10.01.2020 baslangic degerini yaz...passed
* Filtrelerden Fatura Tarihi filtresine 11.01.2020 bitis degerini yaz.......passed
* Filtre butonlarından Listele seçilir......................................passed
* Listelenen öğe sayısı Sayfa 1 / 1 (2 öğe) mi..............................passed
* Filtre alanlarında Alıcı Ünvanı var mı....................................passed
* Filtre alanlarında Vergi Dahil Tutar var mı...............................passed
* Filtre alanlarında Fatura Tarihi var mı...................................passed
* Filtre alanlarında Saklama var mı.........................................passed
* Filtre alanlarında Müşteri Bayi Kodu var mı...............................passed
* Filtre alanlarında Oluşturma Tarihi var mı................................passed
* Filtre alanlarında Fatura No var mı.......................................passed
* Filtre alanlarında Vergi Hariç Tutar var mı...............................passed
* Filtre alanlarında Rapor Durumu var mı....................................passed
* Filtre alanlarında Atanan Departman var mı................................passed
* Filtre alanlarında Gönderim Şekli var mı..................................passed
* Filtre alanlarında İptal / İtiraz Tarihi var mı...........................passed
* Filtre alanlarında Vkn/Tckn var mı........................................passed
* Filtre alanlarında ETTN var mı............................................passed
* Filtre alanlarında Durum var mı...........................................passed
* Filtre alanlarında Belge Statüsü var mı...................................failed
* Filtre alanlarında İptal / İtiraz Durumu var mı...........................skipped
* Filtre butonlarında Filtreleri Kaydet var mı..............................skipped
* Filtre butonlarında Listele var mı........................................skipped
* Filtre butonlarında Temizle var mı........................................skipped
* Tablodaki Fatura Görseli sütunu dogru mu..................................skipped
* Tablodaki Fatura No sütunu dogru mu.......................................skipped
* Tablodaki Durum sütunu dogru mu...........................................skipped
* Butonlardan Excel var mı..................................................skipped
* Butonlardan Toplu İndirme var mı..........................................skipped
* Butonlardan UBL var mı....................................................skipped
* Butonlardan PDF var mı....................................................skipped
* Butonlardan Varsayılan İle Göster var mı..................................skipped
* Butonlardan Yazdır var mı.................................................skipped
* Butonlardan İptal Et var mı...............................................skipped
* Butonlardan Departman Ata var mı..........................................skipped
* Butonlardan Departman Geri Al var mı......................................skipped
* Butonlardan Statü Ata var mı..............................................skipped
* Butonlardan Excel isimli butona tıklanır..................................skipped
* Alt butonlardan Excel 'e Aktar var mı.....................................skipped
* Alt butonlardan Tümünü Excel 'e Aktar var mı..............................skipped
* Butonlardan Toplu İndirme isimli butona tıklanır..........................skipped
* Alt butonlardan PDF Seçilenleri İndir var mı..............................skipped
* Alt butonlardan PDF Tümünü İndir var mı...................................skipped
* Butonlardan PDF isimli butona tıklanır....................................skipped
* Alt butonlardan Göster var mı.............................................skipped
* Alt butonlardan İndir var mı..............................................skipped
* Butonlardan Statü Ata isimli butona tıklanır..............................skipped
* Alt butonlardan Öndeğer var mı............................................skipped
* Anasayfaya geri dönülür...................................................skipped
* Ana menüden e-Arşiv seçilir...............................................skipped
* Alt menü e-Arşiv Hareketleri başlığı altındaki e-Arşiv Faturaları seçilir.skipped
* Filtrelerden Oluşturma Tarihi filtresine 01.01.2020 baslangic degerini yaz.skipped
* Filtrelerden Oluşturma Tarihi filtresine 10.04.2020 bitis degerini yaz....skipped
* Filtrelerden Alıcı Ünvanı filtresine ERKOÇ MAKİNA VE PLASTİK SAN. VE TİC. AHMET USTABAŞ textini yaz.skipped
* Filtre butonlarından Listele seçilir......................................skipped
* Tabloda veri var mı kontrol edilir........................................skipped
* Filtrelerden Alıcı Ünvanı filtresine ERKOÇ MAKİNA VE PLASTİK SAN. VE TİC textini yaz.skipped
* Filtre butonlarından Listele seçilir......................................skipped
* Tabloda veri var mı kontrol edilir........................................skipped
* Filtrelerden Alıcı Ünvanı filtresine *est test textini yaz................skipped
* Filtre butonlarından Listele seçilir......................................skipped
* Tabloda veri var mı kontrol edilir........................................skipped
* Filtrelerden Alıcı Ünvanı filtresine sena* textini yaz....................skipped
* Filtre butonlarından Listele seçilir......................................skipped
* Tabloda veri var mı kontrol edilir........................................skipped
* Filtrelerden Alıcı Ünvanı filtresine *DENEME* textini yaz.................skipped
* Filtre butonlarından Listele seçilir......................................skipped
* Tabloda veri var mı kontrol edilir........................................skipped
* Filtrelerden Alıcı Ünvanı filtresinin iceriğini sil.......................skipped
* Filtrelerden Fatura No filtresine AAA2020000000039 textini yaz............skipped
* Filtre butonlarından Listele seçilir......................................skipped
* Tabloda veri var mı kontrol edilir........................................skipped
* Filtrelerden Fatura No filtresine *0000041 textini yaz....................skipped
* Filtre butonlarından Listele seçilir......................................skipped
* Tabloda veri var mı kontrol edilir........................................skipped
* Filtrelerden Fatura No filtresine AAA20200000* textini yaz................skipped
* Filtre butonlarından Listele seçilir......................................skipped
* Tabloda veri var mı kontrol edilir........................................skipped
* Filtrelerden Fatura No filtresine *AA2020000000* textini yaz..............skipped
* Filtre butonlarından Listele seçilir......................................skipped
* Tabloda veri var mı kontrol edilir........................................skipped
* Filtrelerden Fatura No filtresinin iceriğini sil..........................skipped
* Filtrelerden Vkn/Tckn filtresine 40708619814 textini yaz..................skipped
* Filtre butonlarından Listele seçilir......................................skipped
* Tabloda veri var mı kontrol edilir........................................skipped
* Filtrelerden Vkn/Tckn filtresine *8619814 textini yaz.....................skipped
* Filtre butonlarından Listele seçilir......................................skipped
* Tabloda veri var mı kontrol edilir........................................skipped
* Filtrelerden Vkn/Tckn filtresine 4070861* textini yaz.....................skipped
* Filtre butonlarından Listele seçilir......................................skipped
* Tabloda veri var mı kontrol edilir........................................skipped
* Filtrelerden Vkn/Tckn filtresine *7086198* textini yaz....................skipped
* Filtre butonlarından Listele seçilir......................................skipped
* Tabloda veri var mı kontrol edilir........................................skipped
* Filtrelerden Vkn/Tckn filtresinin iceriğini sil...........................skipped
* Filtrelerden Müşteri Bayi Kodu filtresine CustomerDealerNo textini yaz....skipped
* Filtre butonlarından Listele seçilir......................................skipped
* Tabloda veri var mı kontrol edilir........................................skipped
* Filtrelerden Müşteri Bayi Kodu filtresine *omerDealerNo textini yaz.......skipped
* Filtre butonlarından Listele seçilir......................................skipped
* Tabloda veri var mı kontrol edilir........................................skipped
* Filtrelerden Müşteri Bayi Kodu filtresine CustomerDeale* textini yaz......skipped
* Filtre butonlarından Listele seçilir......................................skipped
* Tabloda veri var mı kontrol edilir........................................skipped
* Filtrelerden Müşteri Bayi Kodu filtresine *tomerDealer* textini yaz.......skipped
* Filtre butonlarından Listele seçilir......................................skipped
* Tabloda veri var mı kontrol edilir........................................skipped
* Kullanıcı işlemlerinden Çıkış seçilir.....................................skipped

StackTrace:
com.kms.katalon.core.exception.StepErrorException: Call Test Case 'Test Cases/Filtreler/FiltreVarMi' failed because of error(s)
	at com.kms.katalon.core.keyword.builtin.CallTestCaseKeyword$_callTestCase_closure1.doCall(CallTestCaseKeyword.groovy:66)
	at com.kms.katalon.core.keyword.builtin.CallTestCaseKeyword$_callTestCase_closure1.call(CallTestCaseKeyword.groovy)
	at com.kms.katalon.core.keyword.internal.KeywordMain.runKeyword(KeywordMain.groovy:68)
	at com.kms.katalon.core.keyword.builtin.CallTestCaseKeyword.callTestCase(CallTestCaseKeyword.groovy:81)
	at com.kms.katalon.core.keyword.builtin.CallTestCaseKeyword.execute(CallTestCaseKeyword.groovy:44)
	at com.kms.katalon.core.keyword.internal.KeywordExecutor.executeKeywordForPlatform(KeywordExecutor.groovy:73)
	at com.kms.katalon.core.keyword.BuiltinKeywords.callTestCase(BuiltinKeywords.groovy:334)
	at filtreler.filtreler.filtreVarMi(filtreler.groovy:104)
	at ✽.Filtre alanlarında Belge Statüsü var mı(C:/Users/DELL/Documents/GitHub/EES_KatalonLogo/Include/features/e-Arsiv/e-Arsiv Hareketleri/e-Arsiv Faturalari/Ekran Kontrolu.feature:41)
Caused by: org.codehaus.groovy.runtime.InvokerInvocationException: Assertion failed: 

assert a
       |
       false

	at Method.invokeMethod(Method.groovy)
	at com.kms.katalon.core.main.CustomKeywordDelegatingMetaClass.invokeStaticMethod(CustomKeywordDelegatingMetaClass.java:50)
	at FiltreVarMi.run(FiltreVarMi:19)
	at com.kms.katalon.core.main.ScriptEngine.run(ScriptEngine.java:194)
	at com.kms.katalon.core.main.ScriptEngine.runScriptAsRawText(ScriptEngine.java:119)
	at com.kms.katalon.core.main.TestCaseExecutor.runScript(TestCaseExecutor.java:369)
	at com.kms.katalon.core.main.TestCaseExecutor.doExecute(TestCaseExecutor.java:360)
	at com.kms.katalon.core.main.TestCaseExecutor.processExecutionPhase(TestCaseExecutor.java:339)
	at com.kms.katalon.core.main.TestCaseExecutor.accessMainPhase(TestCaseExecutor.java:331)
	at com.kms.katalon.core.main.TestCaseExecutor.execute(TestCaseExecutor.java:248)
	at com.kms.katalon.core.main.TestCaseMain.runTestCase(TestCaseMain.java:138)
	at com.kms.katalon.core.keyword.builtin.CallTestCaseKeyword$_callTestCase_closure1.doCall(CallTestCaseKeyword.groovy:59)
	at com.kms.katalon.core.keyword.builtin.CallTestCaseKeyword$_callTestCase_closure1.call(CallTestCaseKeyword.groovy)
	at com.kms.katalon.core.keyword.internal.KeywordMain.runKeyword(KeywordMain.groovy:68)
	at com.kms.katalon.core.keyword.builtin.CallTestCaseKeyword.callTestCase(CallTestCaseKeyword.groovy:81)
	at com.kms.katalon.core.keyword.builtin.CallTestCaseKeyword.execute(CallTestCaseKeyword.groovy:44)
	at com.kms.katalon.core.keyword.internal.KeywordExecutor.executeKeywordForPlatform(KeywordExecutor.groovy:73)
	at com.kms.katalon.core.keyword.BuiltinKeywords.callTestCase(BuiltinKeywords.groovy:334)
	at filtreler.filtreler.filtreVarMi(filtreler.groovy:104)
	at cucumber.runtime.Utils$1.call(Utils.java:26)
	at cucumber.runtime.Timeout.timeout(Timeout.java:16)
	at cucumber.runtime.Utils.invoke(Utils.java:20)
	at cucumber.runtime.java.JavaStepDefinition.execute(JavaStepDefinition.java:49)
	at cucumber.runner.PickleStepDefinitionMatch.runStep(PickleStepDefinitionMatch.java:50)
	at cucumber.runner.TestStep.executeStep(TestStep.java:63)
	at cucumber.runner.TestStep.run(TestStep.java:49)
	at cucumber.runner.PickleStepTestStep.run(PickleStepTestStep.java:43)
	at cucumber.runner.TestCase.run(TestCase.java:44)
	at cucumber.runner.Runner.runPickle(Runner.java:40)
	at cucumber.runtime.Runtime$1.run(Runtime.java:84)
	at cucumber.runtime.Runtime$SameThreadExecutorService.execute(Runtime.java:220)
	at cucumber.runtime.Runtime.run(Runtime.java:81)
	at cucumber.api.cli.Main.run(Main.java:26)
	at cucumber.api.cli.Main$run.call(Unknown Source)
	at com.kms.katalon.core.cucumber.keyword.CucumberBuiltinKeywords$_runFeatureFile_closure1.doCall(CucumberBuiltinKeywords.groovy:106)
	at com.kms.katalon.core.cucumber.keyword.CucumberBuiltinKeywords$_runFeatureFile_closure1.doCall(CucumberBuiltinKeywords.groovy)
	at com.kms.katalon.core.keyword.internal.KeywordMain.runKeyword(KeywordMain.groovy:68)
	at com.kms.katalon.core.keyword.internal.KeywordMain$runKeyword.call(Unknown Source)
	at com.kms.katalon.core.cucumber.keyword.CucumberBuiltinKeywords.runFeatureFile(CucumberBuiltinKeywords.groovy:73)
	at com.kms.katalon.core.cucumber.keyword.CucumberBuiltinKeywords$runFeatureFile$0.callStatic(Unknown Source)
	at com.kms.katalon.core.cucumber.keyword.CucumberBuiltinKeywords.runFeatureFile(CucumberBuiltinKeywords.groovy:246)
	at com.kms.katalon.core.cucumber.keyword.CucumberBuiltinKeywords$runFeatureFile.call(Unknown Source)
	at Ekran Kontrolu.run(Ekran Kontrolu:19)
	at com.kms.katalon.core.main.ScriptEngine.run(ScriptEngine.java:194)
	at com.kms.katalon.core.main.ScriptEngine.runScriptAsRawText(ScriptEngine.java:119)
	at com.kms.katalon.core.main.TestCaseExecutor.runScript(TestCaseExecutor.java:369)
	at com.kms.katalon.core.main.TestCaseExecutor.doExecute(TestCaseExecutor.java:360)
	at com.kms.katalon.core.main.TestCaseExecutor.processExecutionPhase(TestCaseExecutor.java:339)
	at com.kms.katalon.core.main.TestCaseExecutor.accessMainPhase(TestCaseExecutor.java:331)
	at com.kms.katalon.core.main.TestCaseExecutor.execute(TestCaseExecutor.java:248)
	at com.kms.katalon.core.main.TestSuiteExecutor.accessTestCaseMainPhase(TestSuiteExecutor.java:191)
	at com.kms.katalon.core.main.TestSuiteExecutor.accessTestSuiteMainPhase(TestSuiteExecutor.java:140)
	at com.kms.katalon.core.main.TestSuiteExecutor.execute(TestSuiteExecutor.java:89)
	at com.kms.katalon.core.main.TestCaseMain.startTestSuite(TestCaseMain.java:181)
	at com.kms.katalon.core.main.TestCaseMain$startTestSuite$0.call(Unknown Source)
	at TempTestSuite1637329532010.run(TempTestSuite1637329532010.groovy:39)
Caused by: Assertion failed: 

assert a
       |
       false

	at Method.TextDegerineEsitElementVarMi(Method.groovy:277)
	... 56 more
]]></failure>
</testcase>
</testsuite>
