[
  {
    "line": 1,
    "elements": [
      {
        "BDD_TESTRUN_UUID": "ecac42cf-60e8-4aca-a572-93166f4868be",
        "line": 20,
        "name": "Tasarim Araclari Yukle e-Fatura",
        "description": "",
        "id": "tasarim-araclari-yukle-e-fatura;tasarim-araclari-yukle-e-fatura;;2",
        "type": "scenario",
        "keyword": "Scenario Outline",
        "steps": [
          {
            "result": {
              "duration": 9655033600,
              "status": "passed"
            },
            "line": 4,
            "name": "Kullanıcı adı ELOGO6 ve Şifre 123456 olarak giriş yapılır",
            "match": {
              "arguments": [
                {
                  "val": "ELOGO6",
                  "offset": 14
                },
                {
                  "val": "123456",
                  "offset": 30
                }
              ],
              "location": "girisSayfasi.login(String,String)"
            },
            "keyword": "* ",
            "BDD_STEP_UUID": "06baa0bc-14c0-4838-a942-57ef1e4fc45b"
          },
          {
            "result": {
              "duration": 595505800,
              "status": "passed"
            },
            "line": 5,
            "name": "Ana menüden Ayarlar seçilir",
            "match": {
              "arguments": [
                {
                  "val": "Ayarlar",
                  "offset": 12
                }
              ],
              "location": "menu.anaMenuSecimi(String)"
            },
            "keyword": "* ",
            "BDD_STEP_UUID": "886afd75-a49c-4676-87e8-f136169af341"
          },
          {
            "result": {
              "duration": 5052349800,
              "status": "passed"
            },
            "line": 6,
            "name": "Alt menü Görsel Tasarımlar başlığı altındaki Tasarım Araçları seçilir",
            "match": {
              "arguments": [
                {
                  "val": "Görsel Tasarımlar",
                  "offset": 9
                },
                {
                  "val": "Tasarım Araçları",
                  "offset": 45
                }
              ],
              "location": "menu.basligaGoreAltMenuSecimi(String,String)"
            },
            "keyword": "* ",
            "BDD_STEP_UUID": "f151414c-d99f-403d-8f1c-cb600e2d4764"
          },
          {
            "result": {
              "duration": 555088700,
              "status": "passed"
            },
            "line": 7,
            "name": "Tabloda veri var mı kontrol edilir",
            "match": {
              "location": "tablo.tablodaVeriVarMi()"
            },
            "keyword": "* ",
            "BDD_STEP_UUID": "00abe263-0807-4dc8-b3a5-7954f39f5ca7"
          },
          {
            "result": {
              "duration": 541898400,
              "status": "passed"
            },
            "line": 8,
            "name": "Butonlardan Yukle isimli butona tıklanır",
            "match": {
              "arguments": [
                {
                  "val": "Yukle",
                  "offset": 12
                }
              ],
              "location": "butonlar.butonaTikla(String)"
            },
            "keyword": "* ",
            "BDD_STEP_UUID": "cce2c2bf-ee49-4a9f-ace4-3030afb66f3d"
          },
          {
            "result": {
              "duration": 864024100,
              "status": "passed"
            },
            "line": 9,
            "name": "Alt butonlardan e-Fatura butonuna tıklanır",
            "match": {
              "arguments": [
                {
                  "val": "e-Fatura",
                  "offset": 16
                }
              ],
              "location": "butonlar.altButonaTikla(String)"
            },
            "keyword": "* ",
            "BDD_STEP_UUID": "565371cc-ed94-4936-a063-fd425dd4b7c0"
          },
          {
            "result": {
              "error_message": "com.kms.katalon.core.exception.StepFailedException: Call Test Case \u0027Test Cases/Yukle/TasarimAraclariDosyaYukleme\u0027 failed\r\n\tat com.kms.katalon.core.keyword.builtin.CallTestCaseKeyword$_callTestCase_closure1.doCall(CallTestCaseKeyword.groovy:63)\r\n\tat com.kms.katalon.core.keyword.builtin.CallTestCaseKeyword$_callTestCase_closure1.call(CallTestCaseKeyword.groovy)\r\n\tat com.kms.katalon.core.keyword.internal.KeywordMain.runKeyword(KeywordMain.groovy:68)\r\n\tat com.kms.katalon.core.keyword.builtin.CallTestCaseKeyword.callTestCase(CallTestCaseKeyword.groovy:81)\r\n\tat com.kms.katalon.core.keyword.builtin.CallTestCaseKeyword.execute(CallTestCaseKeyword.groovy:44)\r\n\tat com.kms.katalon.core.keyword.internal.KeywordExecutor.executeKeywordForPlatform(KeywordExecutor.groovy:73)\r\n\tat com.kms.katalon.core.keyword.BuiltinKeywords.callTestCase(BuiltinKeywords.groovy:334)\r\n\tat yukle.yukle.tasaarimAraclariDosyaYukleme(yukle.groovy:66)\r\n\tat ✽.Tasarım Araçları Dosya Yükleme alanına C:\\otomasyonupfiles\\Ayarlar\\FCDD449F-F6B4-4D5F-B436-1E81B80A7193.xslt dizinindeki dosya yüklenir(C:/Users/DELL/Downloads/EES_Katalon-main/Include/features/Ayarlar/Gorsel Tasarimlar/Tasarim Araclari/Yukle e-Fatura.feature:10)\r\nCaused by: com.kms.katalon.core.exception.StepFailedException: Unable to send keys \u0027C:\\otomasyonupfiles\\Ayarlar\\FCDD449F-F6B4-4D5F-B436-1E81B80A7193.xslt\u0027 to object \u0027Object Repository/Yukle/DosyaYukle\u0027\r\n\tat com.kms.katalon.core.webui.keyword.internal.WebUIKeywordMain.stepFailed(WebUIKeywordMain.groovy:64)\r\n\tat com.kms.katalon.core.webui.keyword.internal.WebUIKeywordMain.runKeyword(WebUIKeywordMain.groovy:26)\r\n\tat com.kms.katalon.core.webui.keyword.builtin.SendKeysKeyword.sendKeys(SendKeysKeyword.groovy:60)\r\n\tat com.kms.katalon.core.webui.keyword.builtin.SendKeysKeyword.execute(SendKeysKeyword.groovy:38)\r\n\tat com.kms.katalon.core.keyword.internal.KeywordExecutor.executeKeywordForPlatform(KeywordExecutor.groovy:73)\r\n\tat com.kms.katalon.core.webui.keyword.WebUiBuiltInKeywords.sendKeys(WebUiBuiltInKeywords.groovy:864)\r\n\tat com.kms.katalon.core.webui.keyword.WebUiBuiltInKeywords$sendKeys$2.call(Unknown Source)\r\n\tat TasarimAraclariDosyaYukleme.run(TasarimAraclariDosyaYukleme:27)\r\n\tat com.kms.katalon.core.main.ScriptEngine.run(ScriptEngine.java:194)\r\n\tat com.kms.katalon.core.main.ScriptEngine.runScriptAsRawText(ScriptEngine.java:119)\r\n\tat com.kms.katalon.core.main.TestCaseExecutor.runScript(TestCaseExecutor.java:369)\r\n\tat com.kms.katalon.core.main.TestCaseExecutor.doExecute(TestCaseExecutor.java:360)\r\n\tat com.kms.katalon.core.main.TestCaseExecutor.processExecutionPhase(TestCaseExecutor.java:339)\r\n\tat com.kms.katalon.core.main.TestCaseExecutor.accessMainPhase(TestCaseExecutor.java:331)\r\n\tat com.kms.katalon.core.main.TestCaseExecutor.execute(TestCaseExecutor.java:248)\r\n\tat com.kms.katalon.core.main.TestCaseMain.runTestCase(TestCaseMain.java:138)\r\n\tat com.kms.katalon.core.keyword.builtin.CallTestCaseKeyword$_callTestCase_closure1.doCall(CallTestCaseKeyword.groovy:59)\r\n\tat com.kms.katalon.core.keyword.builtin.CallTestCaseKeyword$_callTestCase_closure1.call(CallTestCaseKeyword.groovy)\r\n\tat com.kms.katalon.core.keyword.internal.KeywordMain.runKeyword(KeywordMain.groovy:68)\r\n\tat com.kms.katalon.core.keyword.builtin.CallTestCaseKeyword.callTestCase(CallTestCaseKeyword.groovy:81)\r\n\tat com.kms.katalon.core.keyword.builtin.CallTestCaseKeyword.execute(CallTestCaseKeyword.groovy:44)\r\n\tat com.kms.katalon.core.keyword.internal.KeywordExecutor.executeKeywordForPlatform(KeywordExecutor.groovy:73)\r\n\tat com.kms.katalon.core.keyword.BuiltinKeywords.callTestCase(BuiltinKeywords.groovy:334)\r\n\tat yukle.yukle.tasaarimAraclariDosyaYukleme(yukle.groovy:66)\r\n\tat cucumber.runtime.Utils$1.call(Utils.java:26)\r\n\tat cucumber.runtime.Timeout.timeout(Timeout.java:16)\r\n\tat cucumber.runtime.Utils.invoke(Utils.java:20)\r\n\tat cucumber.runtime.java.JavaStepDefinition.execute(JavaStepDefinition.java:49)\r\n\tat cucumber.runner.PickleStepDefinitionMatch.runStep(PickleStepDefinitionMatch.java:50)\r\n\tat cucumber.runner.TestStep.executeStep(TestStep.java:63)\r\n\tat cucumber.runner.TestStep.run(TestStep.java:49)\r\n\tat cucumber.runner.PickleStepTestStep.run(PickleStepTestStep.java:43)\r\n\tat cucumber.runner.TestCase.run(TestCase.java:44)\r\n\tat cucumber.runner.Runner.runPickle(Runner.java:40)\r\n\tat cucumber.runtime.Runtime$1.run(Runtime.java:84)\r\n\tat cucumber.runtime.Runtime$SameThreadExecutorService.execute(Runtime.java:220)\r\n\tat cucumber.runtime.Runtime.run(Runtime.java:81)\r\n\tat cucumber.api.cli.Main.run(Main.java:26)\r\n\tat cucumber.api.cli.Main$run.call(Unknown Source)\r\n\tat com.kms.katalon.core.cucumber.keyword.CucumberBuiltinKeywords$_runFeatureFile_closure1.doCall(CucumberBuiltinKeywords.groovy:106)\r\n\tat com.kms.katalon.core.cucumber.keyword.CucumberBuiltinKeywords$_runFeatureFile_closure1.doCall(CucumberBuiltinKeywords.groovy)\r\n\tat com.kms.katalon.core.keyword.internal.KeywordMain.runKeyword(KeywordMain.groovy:68)\r\n\tat com.kms.katalon.core.keyword.internal.KeywordMain$runKeyword.call(Unknown Source)\r\n\tat com.kms.katalon.core.cucumber.keyword.CucumberBuiltinKeywords.runFeatureFile(CucumberBuiltinKeywords.groovy:73)\r\n\tat com.kms.katalon.core.cucumber.keyword.CucumberBuiltinKeywords$runFeatureFile$0.callStatic(Unknown Source)\r\n\tat com.kms.katalon.core.cucumber.keyword.CucumberBuiltinKeywords.runFeatureFile(CucumberBuiltinKeywords.groovy:246)\r\n\tat com.kms.katalon.core.cucumber.keyword.CucumberBuiltinKeywords$runFeatureFile.call(Unknown Source)\r\n\tat Yukle e-Fatura.run(Yukle e-Fatura:19)\r\n\tat com.kms.katalon.core.main.ScriptEngine.run(ScriptEngine.java:194)\r\n\tat com.kms.katalon.core.main.ScriptEngine.runScriptAsRawText(ScriptEngine.java:119)\r\n\tat com.kms.katalon.core.main.TestCaseExecutor.runScript(TestCaseExecutor.java:369)\r\n\tat com.kms.katalon.core.main.TestCaseExecutor.doExecute(TestCaseExecutor.java:360)\r\n\tat com.kms.katalon.core.main.TestCaseExecutor.processExecutionPhase(TestCaseExecutor.java:339)\r\n\tat com.kms.katalon.core.main.TestCaseExecutor.accessMainPhase(TestCaseExecutor.java:331)\r\n\tat com.kms.katalon.core.main.TestCaseExecutor.execute(TestCaseExecutor.java:248)\r\n\tat com.kms.katalon.core.main.TestSuiteExecutor.accessTestCaseMainPhase(TestSuiteExecutor.java:191)\r\n\tat com.kms.katalon.core.main.TestSuiteExecutor.accessTestSuiteMainPhase(TestSuiteExecutor.java:140)\r\n\tat com.kms.katalon.core.main.TestSuiteExecutor.execute(TestSuiteExecutor.java:89)\r\n\tat com.kms.katalon.core.main.TestCaseMain.startTestSuite(TestCaseMain.java:181)\r\n\tat com.kms.katalon.core.main.TestCaseMain$startTestSuite$0.call(Unknown Source)\r\n\tat TempTestSuite1634220091832.run(TempTestSuite1634220091832.groovy:39)\r\nCaused by: org.openqa.selenium.InvalidArgumentException: invalid argument: File not found : C:\\otomasyonupfiles\\Ayarlar\\FCDD449F-F6B4-4D5F-B436-1E81B80A7193.xslt\n  (Session info: chrome\u003d94.0.4606.81)\nBuild info: version: \u00273.141.59\u0027, revision: \u0027e82be7d358\u0027, time: \u00272018-11-14T08:25:53\u0027\nSystem info: host: \u0027DESKTOP-QBVMTUG\u0027, ip: \u002710.10.3.14\u0027, os.name: \u0027Windows 10\u0027, os.arch: \u0027amd64\u0027, os.version: \u002710.0\u0027, java.version: \u00271.8.0_282\u0027\nDriver info: com.kms.katalon.selenium.driver.CChromeDriver\nCapabilities {acceptInsecureCerts: false, browserName: chrome, browserVersion: 94.0.4606.81, chrome: {chromedriverVersion: 94.0.4606.61 (418b78f5838ed..., userDataDir: C:\\Users\\DELL\\AppData\\Local...}, goog:chromeOptions: {debuggerAddress: localhost:53202}, javascriptEnabled: true, networkConnectionEnabled: false, pageLoadStrategy: normal, platform: WINDOWS, platformName: WINDOWS, proxy: Proxy(), setWindowRect: true, strictFileInteractability: false, timeouts: {implicit: 0, pageLoad: 300000, script: 30000}, unhandledPromptBehavior: dismiss and notify, webauthn:extension:credBlob: true, webauthn:extension:largeBlob: true, webauthn:virtualAuthenticators: true}\nSession ID: d077b2329195a20e6c70b7d07ed1c158\r\n\tat org.openqa.selenium.remote.http.W3CHttpResponseCodec.createException(W3CHttpResponseCodec.java:187)\r\n\tat org.openqa.selenium.remote.http.W3CHttpResponseCodec.decode(W3CHttpResponseCodec.java:122)\r\n\tat org.openqa.selenium.remote.http.W3CHttpResponseCodec.decode(W3CHttpResponseCodec.java:49)\r\n\tat org.openqa.selenium.remote.HttpCommandExecutor.execute(HttpCommandExecutor.java:158)\r\n\tat org.openqa.selenium.remote.service.DriverCommandExecutor.execute(DriverCommandExecutor.java:83)\r\n\tat org.openqa.selenium.remote.RemoteWebDriver.execute(RemoteWebDriver.java:552)\r\n\tat com.kms.katalon.selenium.driver.CChromeDriver.execute(CChromeDriver.java:19)\r\n\tat org.openqa.selenium.remote.RemoteWebElement.execute(RemoteWebElement.java:285)\r\n\tat org.openqa.selenium.remote.RemoteWebElement.sendKeys(RemoteWebElement.java:106)\r\n\tat org.openqa.selenium.support.events.EventFiringWebDriver$EventFiringWebElement.lambda$new$0(EventFiringWebDriver.java:404)\r\n\tat com.sun.proxy.$Proxy20.sendKeys(Unknown Source)\r\n\tat org.openqa.selenium.support.events.EventFiringWebDriver$EventFiringWebElement.sendKeys(EventFiringWebDriver.java:429)\r\n\tat com.kms.katalon.core.webui.keyword.builtin.SendKeysKeyword$_sendKeys_closure1.doCall(SendKeysKeyword.groovy:53)\r\n\tat com.kms.katalon.core.webui.keyword.builtin.SendKeysKeyword$_sendKeys_closure1.call(SendKeysKeyword.groovy)\r\n\tat com.kms.katalon.core.webui.keyword.internal.WebUIKeywordMain.runKeyword(WebUIKeywordMain.groovy:20)\r\n\t... 59 more\r\n",
              "duration": 1154196200,
              "status": "failed"
            },
            "line": 10,
            "name": "Tasarım Araçları Dosya Yükleme alanına C:\\otomasyonupfiles\\Ayarlar\\FCDD449F-F6B4-4D5F-B436-1E81B80A7193.xslt dizinindeki dosya yüklenir",
            "match": {
              "arguments": [
                {
                  "val": "C:\\otomasyonupfiles\\Ayarlar\\FCDD449F-F6B4-4D5F-B436-1E81B80A7193.xslt",
                  "offset": 39
                }
              ],
              "location": "yukle.tasaarimAraclariDosyaYukleme(String)"
            },
            "keyword": "* ",
            "BDD_STEP_UUID": "374f40d1-35fa-4ff7-af61-ce461208f086"
          },
          {
            "result": {
              "duration": 10000,
              "status": "skipped"
            },
            "line": 15,
            "name": "Tabloda FCDD449F-F6B4-4D5F-B436-1E81B80A7193.xslt- ünvanlı veri oluşturuldu mu",
            "match": {
              "arguments": [
                {
                  "val": "FCDD449F-F6B4-4D5F-B436-1E81B80A7193.xslt-",
                  "offset": 8
                }
              ],
              "location": "tablo.tablodaUnvanliVeriOlusturulduMu(String)"
            },
            "keyword": "* ",
            "BDD_STEP_UUID": "743877d4-effa-4638-bfa7-37b439fbedfc"
          },
          {
            "result": {
              "duration": 1200,
              "status": "skipped"
            },
            "line": 16,
            "name": "Kullanıcı işlemlerinden Çıkış seçilir",
            "match": {
              "arguments": [
                {
                  "val": "Çıkış",
                  "offset": 24
                }
              ],
              "location": "kullaniciIslemleri.kullaniciIslemi(String)"
            },
            "keyword": "* ",
            "BDD_STEP_UUID": "3ec6a17c-a501-4bb1-b121-86c6827da2bf"
          }
        ]
      }
    ],
    "name": "Tasarim Araclari Yukle e-Fatura",
    "description": "",
    "id": "tasarim-araclari-yukle-e-fatura",
    "keyword": "Feature",
    "uri": "C:/Users/DELL/Downloads/EES_Katalon-main/Include/features/Ayarlar/Gorsel Tasarimlar/Tasarim Araclari/Yukle e-Fatura.feature",
    "tags": []
  }
]