<?xml version="1.0" encoding="UTF-8"?>
<testsuites name="e-Saklama" time="221.256" tests="5" failures="1" errors="0">
   <testsuite name="e-Saklama" tests="5" failures="1" errors="0" time="221.256" skipped="0" timestamp="2021-11-12 11:06:10" hostname="DELL - DESKTOP-QBVMTUG" id="">
      <properties>
         <property name="deviceName" value=""/>
         <property name="devicePlatform" value=""/>
         <property name="logFolder" value="C:\\Users\\DELL\\Documents\\GitHub\\EES_KatalonLogo\\Reports\\20211112_103406\\Suite Repository\\e-Saklama\\20211112_103457"/>
         <property name="logFiles" value="C:\\Users\\DELL\\Documents\\GitHub\\EES_KatalonLogo\\Reports\\20211112_103406\\Suite Repository\\e-Saklama\\20211112_103457\\execution0.log"/>
         <property name="attachments" value=""/>
         <property name="hostName" value="DELL - DESKTOP-QBVMTUG"/>
         <property name="os" value="Windows 10 64bit"/>
         <property name="katalonVersion" value="8.0.5.208"/>
         <property name="browser" value="Chrome 95.0.4638.69"/>
         <property name="hostAddress" value="192.168.1.18"/>
         <property name="sessionId" value="22d85f33483835a058db5dfbbdf7726b"/>
         <property name="seleniumVersion" value="3.141.59"/>
         <property name="proxyInformation" value="ProxyInformation { proxyOption=NO_PROXY, proxyServerType=HTTP, username=, password=********, proxyServerAddress=, proxyServerPort=0, executionList=&quot;&quot;, isApplyToDesiredCapabilities=true }"/>
         <property name="platform" value="Windows 10"/>
      </properties>
      <testcase name="Test Cases/Case Repository/e-Saklama/e-Defter/e-Defter Saklama/Ekran Kontrolu" time="44.925" classname="Test Cases/Case Repository/e-Saklama/e-Defter/e-Defter Saklama/Ekran Kontrolu" status="PASSED">
         <system-out><![CDATA[2021-11-12 11:06:11 - [TEST_CASE][PASSED] - Test Cases/Case Repository/e-Saklama/e-Defter/e-Defter Saklama/Ekran Kontrolu: Test Cases/Case Repository/e-Saklama/e-Defter/e-Defter Saklama/Ekran Kontrolu

2021-11-12 11:06:11 - [TEST_STEP][PASSED] - Start listener action : sampleBeforeTestSuite: Invoke 'com.kms.katalon.core.annotation.BeforeTestCase' method: 'Listener.sampleBeforeTestSuite(...)' completed.

2021-11-12 11:06:11 - [MESSAGE][INFO] - Starting invoke 'com.kms.katalon.core.annotation.BeforeTestCase' method: 'Listener.sampleBeforeTestSuite(...)'

2021-11-12 11:06:11 - [TEST_STEP][PASSED] - openBrowser(baseUrl): Browser is opened with url: 'https://efatura-stage.elogo.com.tr/'

2021-11-12 11:06:12 - [MESSAGE][INFO] - Opening browser

2021-11-12 11:06:12 - [MESSAGE][INFO] - Starting 'Chrome' driver

2021-11-12 11:06:12 - [MESSAGE][INFO] - User set preference: ['prefs', '{download.default_directory=C:\otomasyondownfiles}']

2021-11-12 11:06:12 - [MESSAGE][INFO] - Action delay is set to 0 milliseconds

2021-11-12 11:06:14 - [MESSAGE][INFO] - Navigating browser to: 'https://efatura-stage.elogo.com.tr/'

2021-11-12 11:06:17 - [MESSAGE][PASSED] - Browser is opened with url: 'https://efatura-stage.elogo.com.tr/'

2021-11-12 11:06:17 - [TEST_STEP][PASSED] - maximizeWindow(): Invoke 'com.kms.katalon.core.annotation.BeforeTestCase' method: 'Listener.sampleBeforeTestSuite(...)' completed.

2021-11-12 11:06:17 - [MESSAGE][INFO] - Maximizing current window

2021-11-12 11:06:17 - [MESSAGE][PASSED] - Current window maximized

2021-11-12 11:06:17 - [MESSAGE][INFO] - Invoke 'com.kms.katalon.core.annotation.BeforeTestCase' method: 'Listener.sampleBeforeTestSuite(...)' completed.

2021-11-12 11:06:17 - [TEST_STEP][PASSED] - runFeatureFile("Include/features/e-Saklama/e-Defter/e-Defter Saklama/Ekran Kontrolu.feature"): Feature file: 'Include/features/e-Saklama/e-Defter/e-Defter Saklama/Ekran Kontrolu.feature' was passed

2021-11-12 11:06:18 - [MESSAGE][INFO] - Starting run keyword runFeatureFile: 'Include/features/e-Saklama/e-Defter/e-Defter Saklama/Ekran Kontrolu.feature' and extract report to folder: 'C:\Users\DELL\Documents\GitHub\EES_KatalonLogo\Reports\20211112_103406\Suite Repository\e-Saklama\20211112_103457/cucumber_report/1636704378035'...

2021-11-12 11:06:18 - [MESSAGE][INFO] - Glue: []

2021-11-12 11:06:20 - [MESSAGE][INFO] - Checking called Test Case

2021-11-12 11:06:20 - [MESSAGE][INFO] - Starting to call Test Case 'Test Cases/Sayfalar/Giris_Sayfasi/Login'

2021-11-12 11:06:20 - [TEST_CASE][PASSED] - Test Cases/Sayfalar/Giris_Sayfasi/Login: Test Cases/Sayfalar/Giris_Sayfasi/Login

2021-11-12 11:06:21 - [TEST_STEP][PASSED] - Sayfa_Basligi = getWindowTitle(): Current window's title is: 'LOGO e-Fatura'

2021-11-12 11:06:21 - [MESSAGE][INFO] - Getting current window's title

2021-11-12 11:06:21 - [MESSAGE][PASSED] - Current window's title is: 'LOGO e-Fatura'

2021-11-12 11:06:21 - [TEST_STEP][PASSED] - verifyMatch(Sayfa_Basligi, "LOGO e-Fatura", false): Actual text 'LOGO e-Fatura' and expected text 'LOGO e-Fatura' are matched 

2021-11-12 11:06:21 - [MESSAGE][INFO] - Matching actual text 'LOGO e-Fatura' with expected text 'LOGO e-Fatura'

2021-11-12 11:06:21 - [MESSAGE][PASSED] - Actual text 'LOGO e-Fatura' and expected text 'LOGO e-Fatura' are matched 

2021-11-12 11:06:21 - [TEST_STEP][PASSED] - sendKeys(findTestObject("Sayfalar/Giris_Sayfasi/Firma_Kodu"), KullaniciAdi): Keys 'ELOGO6' sent to object: 'Object Repository/Sayfalar/Giris_Sayfasi/Firma_Kodu'

2021-11-12 11:06:21 - [MESSAGE][INFO] - Finding Test Object 'Object Repository/Sayfalar/Giris_Sayfasi/Firma_Kodu'

2021-11-12 11:06:22 - [MESSAGE][INFO] - Sending keys 'ELOGO6' to object: 'Object Repository/Sayfalar/Giris_Sayfasi/Firma_Kodu'

2021-11-12 11:06:22 - [MESSAGE][INFO] - Finding web element from Test Object's properties

2021-11-12 11:06:22 - [MESSAGE][INFO] - Checking timeout

2021-11-12 11:06:22 - [MESSAGE][INFO] - Finding web element with id: 'Object Repository/Sayfalar/Giris_Sayfasi/Firma_Kodu' located by 'By.xpath: //*[@id = 'AccountName']' in '30' second(s)

2021-11-12 11:06:22 - [MESSAGE][INFO] - Smart Wait Function is triggered

2021-11-12 11:06:22 - [MESSAGE][INFO] - Found 1 web elements with id: 'Object Repository/Sayfalar/Giris_Sayfasi/Firma_Kodu' located by 'By.xpath: //*[@id = 'AccountName']' in '30' second(s)

2021-11-12 11:06:22 - [MESSAGE][PASSED] - Keys 'ELOGO6' sent to object: 'Object Repository/Sayfalar/Giris_Sayfasi/Firma_Kodu'

2021-11-12 11:06:22 - [TEST_STEP][PASSED] - sendKeys(findTestObject("Sayfalar/Giris_Sayfasi/Sifre"), Sifre): Keys '123456' sent to object: 'Object Repository/Sayfalar/Giris_Sayfasi/Sifre'

2021-11-12 11:06:22 - [MESSAGE][INFO] - Finding Test Object 'Object Repository/Sayfalar/Giris_Sayfasi/Sifre'

2021-11-12 11:06:22 - [MESSAGE][INFO] - Sending keys '123456' to object: 'Object Repository/Sayfalar/Giris_Sayfasi/Sifre'

2021-11-12 11:06:22 - [MESSAGE][INFO] - Finding web element from Test Object's properties

2021-11-12 11:06:22 - [MESSAGE][INFO] - Checking timeout

2021-11-12 11:06:22 - [MESSAGE][INFO] - Finding web element with id: 'Object Repository/Sayfalar/Giris_Sayfasi/Sifre' located by 'By.xpath: //*[@id = 'Password']' in '30' second(s)

2021-11-12 11:06:22 - [MESSAGE][INFO] - Smart Wait Function is triggered

2021-11-12 11:06:23 - [MESSAGE][INFO] - Found 1 web elements with id: 'Object Repository/Sayfalar/Giris_Sayfasi/Sifre' located by 'By.xpath: //*[@id = 'Password']' in '30' second(s)

2021-11-12 11:06:23 - [MESSAGE][PASSED] - Keys '123456' sent to object: 'Object Repository/Sayfalar/Giris_Sayfasi/Sifre'

2021-11-12 11:06:23 - [TEST_STEP][PASSED] - findWebElement(findTestObject("Sayfalar/Giris_Sayfasi/Giris_Butonu")).click(): Found 1 web elements with id: 'Object Repository/Sayfalar/Giris_Sayfasi/Giris_Butonu' located by 'By.cssSelector: #btnLogin' in '30' second(s)

2021-11-12 11:06:23 - [MESSAGE][INFO] - Finding Test Object 'Object Repository/Sayfalar/Giris_Sayfasi/Giris_Butonu'

2021-11-12 11:06:23 - [MESSAGE][INFO] - Finding web element from Test Object's properties

2021-11-12 11:06:23 - [MESSAGE][INFO] - Checking timeout

2021-11-12 11:06:23 - [MESSAGE][INFO] - Finding web element with id: 'Object Repository/Sayfalar/Giris_Sayfasi/Giris_Butonu' located by 'By.cssSelector: #btnLogin' in '30' second(s)

2021-11-12 11:06:23 - [MESSAGE][INFO] - Smart Wait Function is triggered

2021-11-12 11:06:23 - [MESSAGE][INFO] - Found 1 web elements with id: 'Object Repository/Sayfalar/Giris_Sayfasi/Giris_Butonu' located by 'By.cssSelector: #btnLogin' in '30' second(s)

2021-11-12 11:06:26 - [TEST_STEP][PASSED] - if (verifyElementPresent(findTestObject("Object Repository/Sayfalar/Giris_Sayfasi/RetveTamam_Butonu"), 5, OPTIONAL)): null

2021-11-12 11:06:26 - [MESSAGE][INFO] - Finding Test Object 'Object Repository/Sayfalar/Giris_Sayfasi/RetveTamam_Butonu'

2021-11-12 11:06:26 - [MESSAGE][INFO] - Checking object

2021-11-12 11:06:26 - [MESSAGE][INFO] - Finding web element from Test Object's properties

2021-11-12 11:06:26 - [MESSAGE][INFO] - Checking timeout

2021-11-12 11:06:26 - [MESSAGE][INFO] - Finding web element with id: 'Object Repository/Sayfalar/Giris_Sayfasi/RetveTamam_Butonu' located by 'By.xpath: //*[@class = 'btn btn-default']' in '5' second(s)

2021-11-12 11:06:26 - [MESSAGE][INFO] - Smart Wait Function is triggered

2021-11-12 11:06:26 - [MESSAGE][INFO] - Found 1 web elements with id: 'Object Repository/Sayfalar/Giris_Sayfasi/RetveTamam_Butonu' located by 'By.xpath: //*[@class = 'btn btn-default']' in '5' second(s)

2021-11-12 11:06:26 - [MESSAGE][PASSED] - Object 'Object Repository/Sayfalar/Giris_Sayfasi/RetveTamam_Butonu' is present

2021-11-12 11:06:26 - [TEST_STEP][PASSED] - click(findTestObject("Object Repository/Sayfalar/Giris_Sayfasi/RetveTamam_Butonu")): Object: 'Object Repository/Sayfalar/Giris_Sayfasi/RetveTamam_Butonu' is clicked on

2021-11-12 11:06:26 - [MESSAGE][INFO] - Finding Test Object 'Object Repository/Sayfalar/Giris_Sayfasi/RetveTamam_Butonu'

2021-11-12 11:06:26 - [MESSAGE][INFO] - Checking object

2021-11-12 11:06:26 - [MESSAGE][INFO] - Finding web element from Test Object's properties

2021-11-12 11:06:26 - [MESSAGE][INFO] - Checking timeout

2021-11-12 11:06:26 - [MESSAGE][INFO] - Finding web element with id: 'Object Repository/Sayfalar/Giris_Sayfasi/RetveTamam_Butonu' located by 'By.xpath: //*[@class = 'btn btn-default']' in '30' second(s)

2021-11-12 11:06:26 - [MESSAGE][INFO] - Smart Wait Function is triggered

2021-11-12 11:06:27 - [MESSAGE][INFO] - Found 1 web elements with id: 'Object Repository/Sayfalar/Giris_Sayfasi/RetveTamam_Butonu' located by 'By.xpath: //*[@class = 'btn btn-default']' in '30' second(s)

2021-11-12 11:06:27 - [MESSAGE][INFO] - Clicking on object: 'Object Repository/Sayfalar/Giris_Sayfasi/RetveTamam_Butonu'

2021-11-12 11:06:27 - [MESSAGE][PASSED] - Object: 'Object Repository/Sayfalar/Giris_Sayfasi/RetveTamam_Butonu' is clicked on

2021-11-12 11:06:27 - [TEST_STEP][PASSED] - click(findTestObject("Object Repository/Sayfalar/Giris_Sayfasi/RetveTamam_Butonu")): Object: 'Object Repository/Sayfalar/Giris_Sayfasi/RetveTamam_Butonu' is clicked on

2021-11-12 11:06:27 - [MESSAGE][INFO] - Finding Test Object 'Object Repository/Sayfalar/Giris_Sayfasi/RetveTamam_Butonu'

2021-11-12 11:06:27 - [MESSAGE][INFO] - Checking object

2021-11-12 11:06:27 - [MESSAGE][INFO] - Finding web element from Test Object's properties

2021-11-12 11:06:27 - [MESSAGE][INFO] - Checking timeout

2021-11-12 11:06:27 - [MESSAGE][INFO] - Finding web element with id: 'Object Repository/Sayfalar/Giris_Sayfasi/RetveTamam_Butonu' located by 'By.xpath: //*[@class = 'btn btn-default']' in '30' second(s)

2021-11-12 11:06:27 - [MESSAGE][INFO] - Smart Wait Function is triggered

2021-11-12 11:06:35 - [MESSAGE][INFO] - Found 1 web elements with id: 'Object Repository/Sayfalar/Giris_Sayfasi/RetveTamam_Butonu' located by 'By.xpath: //*[@class = 'btn btn-default']' in '30' second(s)

2021-11-12 11:06:35 - [MESSAGE][INFO] - Clicking on object: 'Object Repository/Sayfalar/Giris_Sayfasi/RetveTamam_Butonu'

2021-11-12 11:06:35 - [MESSAGE][PASSED] - Object: 'Object Repository/Sayfalar/Giris_Sayfasi/RetveTamam_Butonu' is clicked on

2021-11-12 11:06:35 - [TEST_STEP][PASSED] - if (verifyElementPresent(findTestObject("Sayfalar/Giris_Sayfasi/PopupOK"), 5, OPTIONAL)): null

2021-11-12 11:06:35 - [MESSAGE][INFO] - Finding Test Object 'Object Repository/Sayfalar/Giris_Sayfasi/PopupOK'

2021-11-12 11:06:35 - [MESSAGE][INFO] - Checking object

2021-11-12 11:06:35 - [MESSAGE][INFO] - Finding web element from Test Object's properties

2021-11-12 11:06:35 - [MESSAGE][INFO] - Checking timeout

2021-11-12 11:06:35 - [MESSAGE][INFO] - Finding web element with id: 'Object Repository/Sayfalar/Giris_Sayfasi/PopupOK' located by 'By.cssSelector: .btn.btn-success' in '5' second(s)

2021-11-12 11:06:35 - [MESSAGE][INFO] - Smart Wait Function is triggered

2021-11-12 11:06:35 - [MESSAGE][INFO] - Found 1 web elements with id: 'Object Repository/Sayfalar/Giris_Sayfasi/PopupOK' located by 'By.cssSelector: .btn.btn-success' in '5' second(s)

2021-11-12 11:06:35 - [MESSAGE][PASSED] - Object 'Object Repository/Sayfalar/Giris_Sayfasi/PopupOK' is present

2021-11-12 11:06:35 - [TEST_STEP][PASSED] - click(findTestObject("Object Repository/Sayfalar/Giris_Sayfasi/PopupCarpiGiris")): Object: 'Object Repository/Sayfalar/Giris_Sayfasi/PopupCarpiGiris' is clicked on

2021-11-12 11:06:35 - [MESSAGE][INFO] - Finding Test Object 'Object Repository/Sayfalar/Giris_Sayfasi/PopupCarpiGiris'

2021-11-12 11:06:36 - [MESSAGE][INFO] - Checking object

2021-11-12 11:06:36 - [MESSAGE][INFO] - Finding web element from Test Object's properties

2021-11-12 11:06:36 - [MESSAGE][INFO] - Checking timeout

2021-11-12 11:06:36 - [MESSAGE][INFO] - Finding web element with id: 'Object Repository/Sayfalar/Giris_Sayfasi/PopupCarpiGiris' located by 'By.cssSelector: .bootbox-close-button.close' in '30' second(s)

2021-11-12 11:06:36 - [MESSAGE][INFO] - Smart Wait Function is triggered

2021-11-12 11:06:36 - [MESSAGE][INFO] - Found 1 web elements with id: 'Object Repository/Sayfalar/Giris_Sayfasi/PopupCarpiGiris' located by 'By.cssSelector: .bootbox-close-button.close' in '30' second(s)

2021-11-12 11:06:36 - [MESSAGE][INFO] - Clicking on object: 'Object Repository/Sayfalar/Giris_Sayfasi/PopupCarpiGiris'

2021-11-12 11:06:36 - [MESSAGE][PASSED] - Object: 'Object Repository/Sayfalar/Giris_Sayfasi/PopupCarpiGiris' is clicked on

2021-11-12 11:06:36 - [TEST_STEP][PASSED] - verifyElementVisible(findTestObject("Object Repository/Kullanici_Islemleri/KullaniciIslemleri")): Object 'Object Repository/Kullanici_Islemleri/KullaniciIslemleri' is visible

2021-11-12 11:06:36 - [MESSAGE][INFO] - Finding Test Object 'Object Repository/Kullanici_Islemleri/KullaniciIslemleri'

2021-11-12 11:06:36 - [MESSAGE][INFO] - Checking object

2021-11-12 11:06:36 - [MESSAGE][INFO] - Finding web element from Test Object's properties

2021-11-12 11:06:36 - [MESSAGE][INFO] - Checking timeout

2021-11-12 11:06:36 - [MESSAGE][INFO] - Finding web element with id: 'Object Repository/Kullanici_Islemleri/KullaniciIslemleri' located by 'By.cssSelector: .dropdown>a>img' in '30' second(s)

2021-11-12 11:06:36 - [MESSAGE][INFO] - Smart Wait Function is triggered

2021-11-12 11:06:37 - [MESSAGE][INFO] - Found 1 web elements with id: 'Object Repository/Kullanici_Islemleri/KullaniciIslemleri' located by 'By.cssSelector: .dropdown>a>img' in '30' second(s)

2021-11-12 11:06:37 - [MESSAGE][PASSED] - Object 'Object Repository/Kullanici_Islemleri/KullaniciIslemleri' is visible

2021-11-12 11:06:37 - [MESSAGE][PASSED] - Call Test Case 'Test Cases/Sayfalar/Giris_Sayfasi/Login' successfully

2021-11-12 11:06:37 - [MESSAGE][INFO] - Checking called Test Case

2021-11-12 11:06:37 - [MESSAGE][INFO] - Starting to call Test Case 'Test Cases/Menu/AnaMenuSecimi'

2021-11-12 11:06:37 - [TEST_CASE][PASSED] - Test Cases/Menu/AnaMenuSecimi: Test Cases/Menu/AnaMenuSecimi

2021-11-12 11:06:37 - [TEST_STEP][PASSED] - Method.TextDegerineEsitElementeTikla(findTestObject("Menu/Ana_Menu"), Ana_Menu): Method.TextDegerineEsitElementeTikla is PASSED

2021-11-12 11:06:37 - [MESSAGE][INFO] - Finding Test Object 'Object Repository/Menu/Ana_Menu'

2021-11-12 11:06:37 - [MESSAGE][INFO] - Checking timeout

2021-11-12 11:06:37 - [MESSAGE][INFO] - Finding web element with id: 'Object Repository/Menu/Ana_Menu' located by 'By.xpath: //*[@class = 'dropdown-toggle']' in '10' second(s)

2021-11-12 11:06:37 - [MESSAGE][INFO] - Smart Wait Function is triggered

2021-11-12 11:06:38 - [MESSAGE][INFO] - Found 14 web elements with id: 'Object Repository/Menu/Ana_Menu' located by 'By.xpath: //*[@class = 'dropdown-toggle']' in '10' second(s)

2021-11-12 11:06:38 - [MESSAGE][PASSED] - Method.TextDegerineEsitElementeTikla is PASSED

2021-11-12 11:06:38 - [MESSAGE][PASSED] - Call Test Case 'Test Cases/Menu/AnaMenuSecimi' successfully

2021-11-12 11:06:38 - [MESSAGE][INFO] - Checking called Test Case

2021-11-12 11:06:38 - [MESSAGE][INFO] - Starting to call Test Case 'Test Cases/Menu/BasligaGoreAltMenuSecimi'

2021-11-12 11:06:38 - [TEST_CASE][PASSED] - Test Cases/Menu/BasligaGoreAltMenuSecimi: Test Cases/Menu/BasligaGoreAltMenuSecimi

2021-11-12 11:06:39 - [TEST_STEP][PASSED] - Method.TextDegerineEsitElementinAltindakiTextDegerineEsitOlanaTikla(findTestObject("Menu/Menu_Basligi"), findTestObject("Menu/Basliga_Gore_Alt_Menu"), Baslik, Alt_Menu): Method.TextDegerineEsitElementinAltindakiTextDegerineEsitOlanaTikla is PASSED

2021-11-12 11:06:39 - [MESSAGE][INFO] - Finding Test Object 'Object Repository/Menu/Menu_Basligi'

2021-11-12 11:06:39 - [MESSAGE][INFO] - Finding Test Object 'Object Repository/Menu/Basliga_Gore_Alt_Menu'

2021-11-12 11:06:39 - [MESSAGE][INFO] - Checking timeout

2021-11-12 11:06:39 - [MESSAGE][INFO] - Finding web element with id: 'Object Repository/Menu/Menu_Basligi' located by 'By.xpath: //li[@class='dropdown dropdown-large open']//li[@class='dropdown-header']' in '10' second(s)

2021-11-12 11:06:39 - [MESSAGE][INFO] - Smart Wait Function is triggered

2021-11-12 11:06:39 - [MESSAGE][INFO] - Found 2 web elements with id: 'Object Repository/Menu/Menu_Basligi' located by 'By.xpath: //li[@class='dropdown dropdown-large open']//li[@class='dropdown-header']' in '10' second(s)

2021-11-12 11:06:39 - [MESSAGE][INFO] - Smart Wait Function is triggered

2021-11-12 11:06:46 - [MESSAGE][PASSED] - Method.TextDegerineEsitElementinAltindakiTextDegerineEsitOlanaTikla is PASSED

2021-11-12 11:06:46 - [MESSAGE][PASSED] - Call Test Case 'Test Cases/Menu/BasligaGoreAltMenuSecimi' successfully

2021-11-12 11:06:46 - [MESSAGE][INFO] - Checking called Test Case

2021-11-12 11:06:46 - [MESSAGE][INFO] - Starting to call Test Case 'Test Cases/Filtreler/FiltreVarMi'

2021-11-12 11:06:46 - [TEST_CASE][PASSED] - Test Cases/Filtreler/FiltreVarMi: Test Cases/Filtreler/FiltreVarMi

2021-11-12 11:06:47 - [TEST_STEP][PASSED] - Method.TextDegerineEsitElementVarMi(findTestObject("Filtreler/Basliklar"), Filtre_alan): Method.TextDegerineEsitElementVarMi is PASSED

2021-11-12 11:06:47 - [MESSAGE][INFO] - Finding Test Object 'Object Repository/Filtreler/Basliklar'

2021-11-12 11:06:47 - [MESSAGE][INFO] - Checking timeout

2021-11-12 11:06:47 - [MESSAGE][INFO] - Finding web element with id: 'Object Repository/Filtreler/Basliklar' located by 'By.cssSelector: .control-label.col-sm-4.paddingMarginRLC' in '10' second(s)

2021-11-12 11:06:47 - [MESSAGE][INFO] - Smart Wait Function is triggered

2021-11-12 11:06:47 - [MESSAGE][INFO] - Found 1 web elements with id: 'Object Repository/Filtreler/Basliklar' located by 'By.cssSelector: .control-label.col-sm-4.paddingMarginRLC' in '10' second(s)

2021-11-12 11:06:47 - [MESSAGE][PASSED] - Method.TextDegerineEsitElementVarMi is PASSED

2021-11-12 11:06:47 - [MESSAGE][PASSED] - Call Test Case 'Test Cases/Filtreler/FiltreVarMi' successfully

2021-11-12 11:06:47 - [MESSAGE][INFO] - Checking called Test Case

2021-11-12 11:06:47 - [MESSAGE][INFO] - Starting to call Test Case 'Test Cases/Filtreler/ButonVarMi'

2021-11-12 11:06:47 - [TEST_CASE][PASSED] - Test Cases/Filtreler/ButonVarMi: Test Cases/Filtreler/ButonVarMi

2021-11-12 11:06:48 - [TEST_STEP][PASSED] - Method.TextDegerineEsitElementVarMi(findTestObject("Filtreler/Butonlar"), Filtre_Buton): Method.TextDegerineEsitElementVarMi is PASSED

2021-11-12 11:06:48 - [MESSAGE][INFO] - Finding Test Object 'Object Repository/Filtreler/Butonlar'

2021-11-12 11:06:48 - [MESSAGE][INFO] - Checking timeout

2021-11-12 11:06:48 - [MESSAGE][INFO] - Finding web element with id: 'Object Repository/Filtreler/Butonlar' located by 'By.cssSelector: .dxb>span' in '10' second(s)

2021-11-12 11:06:48 - [MESSAGE][INFO] - Smart Wait Function is triggered

2021-11-12 11:06:49 - [MESSAGE][INFO] - Found 1 web elements with id: 'Object Repository/Filtreler/Butonlar' located by 'By.cssSelector: .dxb>span' in '10' second(s)

2021-11-12 11:06:49 - [MESSAGE][PASSED] - Method.TextDegerineEsitElementVarMi is PASSED

2021-11-12 11:06:49 - [MESSAGE][PASSED] - Call Test Case 'Test Cases/Filtreler/ButonVarMi' successfully

2021-11-12 11:06:49 - [MESSAGE][INFO] - Checking called Test Case

2021-11-12 11:06:49 - [MESSAGE][INFO] - Starting to call Test Case 'Test Cases/Butonlar/ButonVarMi'

2021-11-12 11:06:49 - [TEST_CASE][PASSED] - Test Cases/Butonlar/ButonVarMi: Test Cases/Butonlar/ButonVarMi

2021-11-12 11:06:49 - [TEST_STEP][PASSED] - Method.TextDegerineEsitElementVarMi(findTestObject("Butonlar/Butonlar"), Buton): Method.TextDegerineEsitElementVarMi is PASSED

2021-11-12 11:06:49 - [MESSAGE][INFO] - Finding Test Object 'Object Repository/Butonlar/Butonlar'

2021-11-12 11:06:49 - [MESSAGE][INFO] - Checking timeout

2021-11-12 11:06:49 - [MESSAGE][INFO] - Finding web element with id: 'Object Repository/Butonlar/Butonlar' located by 'By.cssSelector: .panel.panel-default.text-center.footerPanel .btn,.btn.btn-primary.btnControls' in '10' second(s)

2021-11-12 11:06:49 - [MESSAGE][INFO] - Smart Wait Function is triggered

2021-11-12 11:06:50 - [MESSAGE][INFO] - Found 9 web elements with id: 'Object Repository/Butonlar/Butonlar' located by 'By.cssSelector: .panel.panel-default.text-center.footerPanel .btn,.btn.btn-primary.btnControls' in '10' second(s)

2021-11-12 11:06:50 - [MESSAGE][PASSED] - Method.TextDegerineEsitElementVarMi is PASSED

2021-11-12 11:06:50 - [MESSAGE][PASSED] - Call Test Case 'Test Cases/Butonlar/ButonVarMi' successfully

2021-11-12 11:06:50 - [MESSAGE][INFO] - Checking called Test Case

2021-11-12 11:06:50 - [MESSAGE][INFO] - Starting to call Test Case 'Test Cases/Butonlar/ButonVarMi'

2021-11-12 11:06:50 - [TEST_CASE][PASSED] - Test Cases/Butonlar/ButonVarMi: Test Cases/Butonlar/ButonVarMi

2021-11-12 11:06:50 - [TEST_STEP][PASSED] - Method.TextDegerineEsitElementVarMi(findTestObject("Butonlar/Butonlar"), Buton): Method.TextDegerineEsitElementVarMi is PASSED

2021-11-12 11:06:50 - [MESSAGE][INFO] - Finding Test Object 'Object Repository/Butonlar/Butonlar'

2021-11-12 11:06:50 - [MESSAGE][INFO] - Checking timeout

2021-11-12 11:06:50 - [MESSAGE][INFO] - Finding web element with id: 'Object Repository/Butonlar/Butonlar' located by 'By.cssSelector: .panel.panel-default.text-center.footerPanel .btn,.btn.btn-primary.btnControls' in '10' second(s)

2021-11-12 11:06:50 - [MESSAGE][INFO] - Smart Wait Function is triggered

2021-11-12 11:06:50 - [MESSAGE][INFO] - Found 9 web elements with id: 'Object Repository/Butonlar/Butonlar' located by 'By.cssSelector: .panel.panel-default.text-center.footerPanel .btn,.btn.btn-primary.btnControls' in '10' second(s)

2021-11-12 11:06:50 - [MESSAGE][PASSED] - Method.TextDegerineEsitElementVarMi is PASSED

2021-11-12 11:06:50 - [MESSAGE][PASSED] - Call Test Case 'Test Cases/Butonlar/ButonVarMi' successfully

2021-11-12 11:06:50 - [MESSAGE][INFO] - Checking called Test Case

2021-11-12 11:06:50 - [MESSAGE][INFO] - Starting to call Test Case 'Test Cases/Butonlar/ButonVarMi'

2021-11-12 11:06:50 - [TEST_CASE][PASSED] - Test Cases/Butonlar/ButonVarMi: Test Cases/Butonlar/ButonVarMi

2021-11-12 11:06:50 - [TEST_STEP][PASSED] - Method.TextDegerineEsitElementVarMi(findTestObject("Butonlar/Butonlar"), Buton): Method.TextDegerineEsitElementVarMi is PASSED

2021-11-12 11:06:50 - [MESSAGE][INFO] - Finding Test Object 'Object Repository/Butonlar/Butonlar'

2021-11-12 11:06:50 - [MESSAGE][INFO] - Checking timeout

2021-11-12 11:06:50 - [MESSAGE][INFO] - Finding web element with id: 'Object Repository/Butonlar/Butonlar' located by 'By.cssSelector: .panel.panel-default.text-center.footerPanel .btn,.btn.btn-primary.btnControls' in '10' second(s)

2021-11-12 11:06:50 - [MESSAGE][INFO] - Smart Wait Function is triggered

2021-11-12 11:06:51 - [MESSAGE][INFO] - Found 9 web elements with id: 'Object Repository/Butonlar/Butonlar' located by 'By.cssSelector: .panel.panel-default.text-center.footerPanel .btn,.btn.btn-primary.btnControls' in '10' second(s)

2021-11-12 11:06:51 - [MESSAGE][PASSED] - Method.TextDegerineEsitElementVarMi is PASSED

2021-11-12 11:06:51 - [MESSAGE][PASSED] - Call Test Case 'Test Cases/Butonlar/ButonVarMi' successfully

2021-11-12 11:06:51 - [MESSAGE][INFO] - Checking called Test Case

2021-11-12 11:06:51 - [MESSAGE][INFO] - Starting to call Test Case 'Test Cases/Butonlar/ButonVarMi'

2021-11-12 11:06:51 - [TEST_CASE][PASSED] - Test Cases/Butonlar/ButonVarMi: Test Cases/Butonlar/ButonVarMi

2021-11-12 11:06:51 - [TEST_STEP][PASSED] - Method.TextDegerineEsitElementVarMi(findTestObject("Butonlar/Butonlar"), Buton): Method.TextDegerineEsitElementVarMi is PASSED

2021-11-12 11:06:51 - [MESSAGE][INFO] - Finding Test Object 'Object Repository/Butonlar/Butonlar'

2021-11-12 11:06:51 - [MESSAGE][INFO] - Checking timeout

2021-11-12 11:06:51 - [MESSAGE][INFO] - Finding web element with id: 'Object Repository/Butonlar/Butonlar' located by 'By.cssSelector: .panel.panel-default.text-center.footerPanel .btn,.btn.btn-primary.btnControls' in '10' second(s)

2021-11-12 11:06:51 - [MESSAGE][INFO] - Smart Wait Function is triggered

2021-11-12 11:06:51 - [MESSAGE][INFO] - Found 9 web elements with id: 'Object Repository/Butonlar/Butonlar' located by 'By.cssSelector: .panel.panel-default.text-center.footerPanel .btn,.btn.btn-primary.btnControls' in '10' second(s)

2021-11-12 11:06:51 - [MESSAGE][PASSED] - Method.TextDegerineEsitElementVarMi is PASSED

2021-11-12 11:06:51 - [MESSAGE][PASSED] - Call Test Case 'Test Cases/Butonlar/ButonVarMi' successfully

2021-11-12 11:06:51 - [MESSAGE][INFO] - Checking called Test Case

2021-11-12 11:06:51 - [MESSAGE][INFO] - Starting to call Test Case 'Test Cases/Kullanici_Islemleri/KullaniciIslemlerindenSecimYapilir'

2021-11-12 11:06:51 - [TEST_CASE][PASSED] - Test Cases/Kullanici_Islemleri/KullaniciIslemlerindenSecimYapilir: Test Cases/Kullanici_Islemleri/KullaniciIslemlerindenSecimYapilir

2021-11-12 11:06:52 - [TEST_STEP][PASSED] - waitForElementClickable(findTestObject("Object Repository/Kullanici_Islemleri/KullaniciIslemleri"), 10): Object 'Object Repository/Kullanici_Islemleri/KullaniciIslemleri' is clickable

2021-11-12 11:06:52 - [MESSAGE][INFO] - Finding Test Object 'Object Repository/Kullanici_Islemleri/KullaniciIslemleri'

2021-11-12 11:06:52 - [MESSAGE][INFO] - Checking object

2021-11-12 11:06:52 - [MESSAGE][INFO] - Checking timeout

2021-11-12 11:06:52 - [MESSAGE][INFO] - Finding web element from Test Object's properties

2021-11-12 11:06:52 - [MESSAGE][INFO] - Checking timeout

2021-11-12 11:06:52 - [MESSAGE][INFO] - Finding web element with id: 'Object Repository/Kullanici_Islemleri/KullaniciIslemleri' located by 'By.cssSelector: .dropdown>a>img' in '10' second(s)

2021-11-12 11:06:52 - [MESSAGE][INFO] - Smart Wait Function is triggered

2021-11-12 11:06:52 - [MESSAGE][INFO] - Found 1 web elements with id: 'Object Repository/Kullanici_Islemleri/KullaniciIslemleri' located by 'By.cssSelector: .dropdown>a>img' in '10' second(s)

2021-11-12 11:06:52 - [MESSAGE][PASSED] - Object 'Object Repository/Kullanici_Islemleri/KullaniciIslemleri' is clickable

2021-11-12 11:06:52 - [TEST_STEP][PASSED] - click(findTestObject("Object Repository/Kullanici_Islemleri/KullaniciIslemleri")): Object: 'Object Repository/Kullanici_Islemleri/KullaniciIslemleri' is clicked on

2021-11-12 11:06:52 - [MESSAGE][INFO] - Finding Test Object 'Object Repository/Kullanici_Islemleri/KullaniciIslemleri'

2021-11-12 11:06:53 - [MESSAGE][INFO] - Checking object

2021-11-12 11:06:53 - [MESSAGE][INFO] - Finding web element from Test Object's properties

2021-11-12 11:06:53 - [MESSAGE][INFO] - Checking timeout

2021-11-12 11:06:53 - [MESSAGE][INFO] - Finding web element with id: 'Object Repository/Kullanici_Islemleri/KullaniciIslemleri' located by 'By.cssSelector: .dropdown>a>img' in '30' second(s)

2021-11-12 11:06:53 - [MESSAGE][INFO] - Smart Wait Function is triggered

2021-11-12 11:06:53 - [MESSAGE][INFO] - Found 1 web elements with id: 'Object Repository/Kullanici_Islemleri/KullaniciIslemleri' located by 'By.cssSelector: .dropdown>a>img' in '30' second(s)

2021-11-12 11:06:53 - [MESSAGE][INFO] - Clicking on object: 'Object Repository/Kullanici_Islemleri/KullaniciIslemleri'

2021-11-12 11:06:53 - [MESSAGE][PASSED] - Object: 'Object Repository/Kullanici_Islemleri/KullaniciIslemleri' is clicked on

2021-11-12 11:06:53 - [TEST_STEP][PASSED] - Method.TextDegerineEsitElementeTikla(findTestObject("Object Repository/Kullanici_Islemleri/Secenekler"), Islem): Method.TextDegerineEsitElementeTikla is PASSED

2021-11-12 11:06:53 - [MESSAGE][INFO] - Finding Test Object 'Object Repository/Kullanici_Islemleri/Secenekler'

2021-11-12 11:06:53 - [MESSAGE][INFO] - Checking timeout

2021-11-12 11:06:53 - [MESSAGE][INFO] - Finding web element with id: 'Object Repository/Kullanici_Islemleri/Secenekler' located by 'By.cssSelector: .nav.navbar-nav.navbar-right li a' in '10' second(s)

2021-11-12 11:06:53 - [MESSAGE][INFO] - Smart Wait Function is triggered

2021-11-12 11:06:53 - [MESSAGE][INFO] - Found 22 web elements with id: 'Object Repository/Kullanici_Islemleri/Secenekler' located by 'By.cssSelector: .nav.navbar-nav.navbar-right li a' in '10' second(s)

2021-11-12 11:06:54 - [MESSAGE][PASSED] - Method.TextDegerineEsitElementeTikla is PASSED

2021-11-12 11:06:54 - [TEST_STEP][PASSED] - verifyElementNotPresent(findTestObject("Object Repository/Kullanici_Islemleri/Secenekler"), 10): Web element with id: 'Object Repository/Kullanici_Islemleri/Secenekler' located by 'By.cssSelector: .nav.navbar-nav.navbar-right li a' is not present after '10' second(s)

2021-11-12 11:06:54 - [MESSAGE][INFO] - Finding Test Object 'Object Repository/Kullanici_Islemleri/Secenekler'

2021-11-12 11:06:54 - [MESSAGE][INFO] - Checking object

2021-11-12 11:06:54 - [MESSAGE][INFO] - Checking timeout

2021-11-12 11:06:54 - [MESSAGE][INFO] - Finding web element with id: 'Object Repository/Kullanici_Islemleri/Secenekler' located by 'By.cssSelector: .nav.navbar-nav.navbar-right li a' in '10' second(s)

2021-11-12 11:06:54 - [MESSAGE][INFO] - Smart Wait Function is triggered

2021-11-12 11:06:55 - [MESSAGE][PASSED] - Web element with id: 'Object Repository/Kullanici_Islemleri/Secenekler' located by 'By.cssSelector: .nav.navbar-nav.navbar-right li a' is not present after '10' second(s)

2021-11-12 11:06:55 - [MESSAGE][PASSED] - Call Test Case 'Test Cases/Kullanici_Islemleri/KullaniciIslemlerindenSecimYapilir' successfully

2021-11-12 11:06:55 - [TEST_CASE][PASSED] - Start Test Case : SCENARIO e-Defter Saklama Buton Kontrolu: SCENARIO e-Defter Saklama Buton Kontrolu

2021-11-12 11:06:55 - [TEST_STEP][PASSED] - Kullanıcı adı ELOGO6 ve Şifre 123456 olarak giriş yapılır: Kullanıcı adı ELOGO6 ve Şifre 123456 olarak giriş yapılır

2021-11-12 11:06:55 - [MESSAGE][PASSED] - Kullanıcı adı ELOGO6 ve Şifre 123456 olarak giriş yapılır

2021-11-12 11:06:55 - [TEST_STEP][PASSED] - Ana menüden e-Saklama seçilir: Ana menüden e-Saklama seçilir

2021-11-12 11:06:55 - [MESSAGE][PASSED] - Ana menüden e-Saklama seçilir

2021-11-12 11:06:55 - [TEST_STEP][PASSED] - Alt menü e-Defter başlığı altındaki e-Defter Saklama seçilir: Alt menü e-Defter başlığı altındaki e-Defter Saklama seçilir

2021-11-12 11:06:55 - [MESSAGE][PASSED] - Alt menü e-Defter başlığı altındaki e-Defter Saklama seçilir

2021-11-12 11:06:55 - [TEST_STEP][PASSED] - Filtre alanlarında YIL var mı: Filtre alanlarında YIL var mı

2021-11-12 11:06:55 - [MESSAGE][PASSED] - Filtre alanlarında YIL var mı

2021-11-12 11:06:55 - [TEST_STEP][PASSED] - Filtre butonlarında Listele var mı: Filtre butonlarında Listele var mı

2021-11-12 11:06:55 - [MESSAGE][PASSED] - Filtre butonlarında Listele var mı

2021-11-12 11:06:55 - [TEST_STEP][PASSED] - Butonlardan Yükle var mı: Butonlardan Yükle var mı

2021-11-12 11:06:55 - [MESSAGE][PASSED] - Butonlardan Yükle var mı

2021-11-12 11:06:55 - [TEST_STEP][PASSED] - Butonlardan İndir var mı: Butonlardan İndir var mı

2021-11-12 11:06:55 - [MESSAGE][PASSED] - Butonlardan İndir var mı

2021-11-12 11:06:55 - [TEST_STEP][PASSED] - Butonlardan Sil var mı: Butonlardan Sil var mı

2021-11-12 11:06:55 - [MESSAGE][PASSED] - Butonlardan Sil var mı

2021-11-12 11:06:55 - [TEST_STEP][PASSED] - Butonlardan Göster var mı: Butonlardan Göster var mı

2021-11-12 11:06:55 - [MESSAGE][PASSED] - Butonlardan Göster var mı

2021-11-12 11:06:55 - [TEST_STEP][PASSED] - Kullanıcı işlemlerinden Çıkış seçilir: Kullanıcı işlemlerinden Çıkış seçilir

2021-11-12 11:06:55 - [MESSAGE][PASSED] - Kullanıcı işlemlerinden Çıkış seçilir

2021-11-12 11:06:55 - [MESSAGE][PASSED] - Feature file: 'Include/features/e-Saklama/e-Defter/e-Defter Saklama/Ekran Kontrolu.feature' was passed

2021-11-12 11:06:55 - [TEST_STEP][PASSED] - Start listener action : sampleAfterTestSuite: Invoke 'com.kms.katalon.core.annotation.AfterTestCase' method: 'Listener.sampleAfterTestSuite(...)' completed.

2021-11-12 11:06:55 - [MESSAGE][INFO] - Starting invoke 'com.kms.katalon.core.annotation.AfterTestCase' method: 'Listener.sampleAfterTestSuite(...)'

2021-11-12 11:06:55 - [TEST_STEP][PASSED] - closeBrowser(): Invoke 'com.kms.katalon.core.annotation.AfterTestCase' method: 'Listener.sampleAfterTestSuite(...)' completed.

2021-11-12 11:06:55 - [MESSAGE][INFO] - Closing browser

2021-11-12 11:06:56 - [MESSAGE][PASSED] - Browser is closed

2021-11-12 11:06:56 - [MESSAGE][INFO] - Invoke 'com.kms.katalon.core.annotation.AfterTestCase' method: 'Listener.sampleAfterTestSuite(...)' completed.]]></system-out>
         <system-err><![CDATA[]]></system-err>
      </testcase>
      <testcase name="Test Cases/Case Repository/e-Saklama/e-Defter/e-Defter Saklama/Goster" time="40.578" classname="Test Cases/Case Repository/e-Saklama/e-Defter/e-Defter Saklama/Goster" status="PASSED">
         <system-out><![CDATA[2021-11-12 11:06:56 - [TEST_CASE][PASSED] - Test Cases/Case Repository/e-Saklama/e-Defter/e-Defter Saklama/Goster: Test Cases/Case Repository/e-Saklama/e-Defter/e-Defter Saklama/Goster

2021-11-12 11:06:56 - [TEST_STEP][PASSED] - Start listener action : sampleBeforeTestSuite: Invoke 'com.kms.katalon.core.annotation.BeforeTestCase' method: 'Listener.sampleBeforeTestSuite(...)' completed.

2021-11-12 11:06:56 - [MESSAGE][INFO] - Starting invoke 'com.kms.katalon.core.annotation.BeforeTestCase' method: 'Listener.sampleBeforeTestSuite(...)'

2021-11-12 11:06:56 - [TEST_STEP][PASSED] - openBrowser(baseUrl): Browser is opened with url: 'https://efatura-stage.elogo.com.tr/'

2021-11-12 11:06:56 - [MESSAGE][INFO] - Opening browser

2021-11-12 11:06:56 - [MESSAGE][INFO] - Starting 'Chrome' driver

2021-11-12 11:06:56 - [MESSAGE][INFO] - User set preference: ['prefs', '{download.default_directory=C:\otomasyondownfiles}']

2021-11-12 11:06:56 - [MESSAGE][INFO] - Action delay is set to 0 milliseconds

2021-11-12 11:06:57 - [MESSAGE][INFO] - Navigating browser to: 'https://efatura-stage.elogo.com.tr/'

2021-11-12 11:06:59 - [MESSAGE][PASSED] - Browser is opened with url: 'https://efatura-stage.elogo.com.tr/'

2021-11-12 11:06:59 - [TEST_STEP][PASSED] - maximizeWindow(): Invoke 'com.kms.katalon.core.annotation.BeforeTestCase' method: 'Listener.sampleBeforeTestSuite(...)' completed.

2021-11-12 11:06:59 - [MESSAGE][INFO] - Maximizing current window

2021-11-12 11:06:59 - [MESSAGE][PASSED] - Current window maximized

2021-11-12 11:06:59 - [MESSAGE][INFO] - Invoke 'com.kms.katalon.core.annotation.BeforeTestCase' method: 'Listener.sampleBeforeTestSuite(...)' completed.

2021-11-12 11:07:00 - [TEST_STEP][PASSED] - runFeatureFile("Include/features/e-Saklama/e-Defter/e-Defter Saklama/Goster.feature"): Feature file: 'Include/features/e-Saklama/e-Defter/e-Defter Saklama/Goster.feature' was passed

2021-11-12 11:07:00 - [MESSAGE][INFO] - Starting run keyword runFeatureFile: 'Include/features/e-Saklama/e-Defter/e-Defter Saklama/Goster.feature' and extract report to folder: 'C:\Users\DELL\Documents\GitHub\EES_KatalonLogo\Reports\20211112_103406\Suite Repository\e-Saklama\20211112_103457/cucumber_report/1636704420160'...

2021-11-12 11:07:00 - [MESSAGE][INFO] - Glue: []

2021-11-12 11:07:00 - [MESSAGE][INFO] - Checking called Test Case

2021-11-12 11:07:00 - [MESSAGE][INFO] - Starting to call Test Case 'Test Cases/Sayfalar/Giris_Sayfasi/Login'

2021-11-12 11:07:00 - [TEST_CASE][PASSED] - Test Cases/Sayfalar/Giris_Sayfasi/Login: Test Cases/Sayfalar/Giris_Sayfasi/Login

2021-11-12 11:07:00 - [TEST_STEP][PASSED] - Sayfa_Basligi = getWindowTitle(): Current window's title is: 'LOGO e-Fatura'

2021-11-12 11:07:01 - [MESSAGE][INFO] - Getting current window's title

2021-11-12 11:07:01 - [MESSAGE][PASSED] - Current window's title is: 'LOGO e-Fatura'

2021-11-12 11:07:01 - [TEST_STEP][PASSED] - verifyMatch(Sayfa_Basligi, "LOGO e-Fatura", false): Actual text 'LOGO e-Fatura' and expected text 'LOGO e-Fatura' are matched 

2021-11-12 11:07:01 - [MESSAGE][INFO] - Matching actual text 'LOGO e-Fatura' with expected text 'LOGO e-Fatura'

2021-11-12 11:07:01 - [MESSAGE][PASSED] - Actual text 'LOGO e-Fatura' and expected text 'LOGO e-Fatura' are matched 

2021-11-12 11:07:01 - [TEST_STEP][PASSED] - sendKeys(findTestObject("Sayfalar/Giris_Sayfasi/Firma_Kodu"), KullaniciAdi): Keys 'ELOGOGIB' sent to object: 'Object Repository/Sayfalar/Giris_Sayfasi/Firma_Kodu'

2021-11-12 11:07:01 - [MESSAGE][INFO] - Finding Test Object 'Object Repository/Sayfalar/Giris_Sayfasi/Firma_Kodu'

2021-11-12 11:07:01 - [MESSAGE][INFO] - Sending keys 'ELOGOGIB' to object: 'Object Repository/Sayfalar/Giris_Sayfasi/Firma_Kodu'

2021-11-12 11:07:01 - [MESSAGE][INFO] - Finding web element from Test Object's properties

2021-11-12 11:07:01 - [MESSAGE][INFO] - Checking timeout

2021-11-12 11:07:01 - [MESSAGE][INFO] - Finding web element with id: 'Object Repository/Sayfalar/Giris_Sayfasi/Firma_Kodu' located by 'By.xpath: //*[@id = 'AccountName']' in '30' second(s)

2021-11-12 11:07:01 - [MESSAGE][INFO] - Smart Wait Function is triggered

2021-11-12 11:07:01 - [MESSAGE][INFO] - Found 1 web elements with id: 'Object Repository/Sayfalar/Giris_Sayfasi/Firma_Kodu' located by 'By.xpath: //*[@id = 'AccountName']' in '30' second(s)

2021-11-12 11:07:01 - [MESSAGE][PASSED] - Keys 'ELOGOGIB' sent to object: 'Object Repository/Sayfalar/Giris_Sayfasi/Firma_Kodu'

2021-11-12 11:07:01 - [TEST_STEP][PASSED] - sendKeys(findTestObject("Sayfalar/Giris_Sayfasi/Sifre"), Sifre): Keys '123456' sent to object: 'Object Repository/Sayfalar/Giris_Sayfasi/Sifre'

2021-11-12 11:07:01 - [MESSAGE][INFO] - Finding Test Object 'Object Repository/Sayfalar/Giris_Sayfasi/Sifre'

2021-11-12 11:07:01 - [MESSAGE][INFO] - Sending keys '123456' to object: 'Object Repository/Sayfalar/Giris_Sayfasi/Sifre'

2021-11-12 11:07:01 - [MESSAGE][INFO] - Finding web element from Test Object's properties

2021-11-12 11:07:01 - [MESSAGE][INFO] - Checking timeout

2021-11-12 11:07:01 - [MESSAGE][INFO] - Finding web element with id: 'Object Repository/Sayfalar/Giris_Sayfasi/Sifre' located by 'By.xpath: //*[@id = 'Password']' in '30' second(s)

2021-11-12 11:07:01 - [MESSAGE][INFO] - Smart Wait Function is triggered

2021-11-12 11:07:01 - [MESSAGE][INFO] - Found 1 web elements with id: 'Object Repository/Sayfalar/Giris_Sayfasi/Sifre' located by 'By.xpath: //*[@id = 'Password']' in '30' second(s)

2021-11-12 11:07:01 - [MESSAGE][PASSED] - Keys '123456' sent to object: 'Object Repository/Sayfalar/Giris_Sayfasi/Sifre'

2021-11-12 11:07:01 - [TEST_STEP][PASSED] - findWebElement(findTestObject("Sayfalar/Giris_Sayfasi/Giris_Butonu")).click(): Found 1 web elements with id: 'Object Repository/Sayfalar/Giris_Sayfasi/Giris_Butonu' located by 'By.cssSelector: #btnLogin' in '30' second(s)

2021-11-12 11:07:01 - [MESSAGE][INFO] - Finding Test Object 'Object Repository/Sayfalar/Giris_Sayfasi/Giris_Butonu'

2021-11-12 11:07:02 - [MESSAGE][INFO] - Finding web element from Test Object's properties

2021-11-12 11:07:02 - [MESSAGE][INFO] - Checking timeout

2021-11-12 11:07:02 - [MESSAGE][INFO] - Finding web element with id: 'Object Repository/Sayfalar/Giris_Sayfasi/Giris_Butonu' located by 'By.cssSelector: #btnLogin' in '30' second(s)

2021-11-12 11:07:02 - [MESSAGE][INFO] - Smart Wait Function is triggered

2021-11-12 11:07:02 - [MESSAGE][INFO] - Found 1 web elements with id: 'Object Repository/Sayfalar/Giris_Sayfasi/Giris_Butonu' located by 'By.cssSelector: #btnLogin' in '30' second(s)

2021-11-12 11:07:04 - [TEST_STEP][PASSED] - if (verifyElementPresent(findTestObject("Object Repository/Sayfalar/Giris_Sayfasi/RetveTamam_Butonu"), 5, OPTIONAL)): null

2021-11-12 11:07:04 - [MESSAGE][INFO] - Finding Test Object 'Object Repository/Sayfalar/Giris_Sayfasi/RetveTamam_Butonu'

2021-11-12 11:07:04 - [MESSAGE][INFO] - Checking object

2021-11-12 11:07:04 - [MESSAGE][INFO] - Finding web element from Test Object's properties

2021-11-12 11:07:04 - [MESSAGE][INFO] - Checking timeout

2021-11-12 11:07:04 - [MESSAGE][INFO] - Finding web element with id: 'Object Repository/Sayfalar/Giris_Sayfasi/RetveTamam_Butonu' located by 'By.xpath: //*[@class = 'btn btn-default']' in '5' second(s)

2021-11-12 11:07:04 - [MESSAGE][INFO] - Smart Wait Function is triggered

2021-11-12 11:07:04 - [MESSAGE][INFO] - Found 1 web elements with id: 'Object Repository/Sayfalar/Giris_Sayfasi/RetveTamam_Butonu' located by 'By.xpath: //*[@class = 'btn btn-default']' in '5' second(s)

2021-11-12 11:07:04 - [MESSAGE][PASSED] - Object 'Object Repository/Sayfalar/Giris_Sayfasi/RetveTamam_Butonu' is present

2021-11-12 11:07:04 - [TEST_STEP][PASSED] - click(findTestObject("Object Repository/Sayfalar/Giris_Sayfasi/RetveTamam_Butonu")): Object: 'Object Repository/Sayfalar/Giris_Sayfasi/RetveTamam_Butonu' is clicked on

2021-11-12 11:07:04 - [MESSAGE][INFO] - Finding Test Object 'Object Repository/Sayfalar/Giris_Sayfasi/RetveTamam_Butonu'

2021-11-12 11:07:04 - [MESSAGE][INFO] - Checking object

2021-11-12 11:07:04 - [MESSAGE][INFO] - Finding web element from Test Object's properties

2021-11-12 11:07:04 - [MESSAGE][INFO] - Checking timeout

2021-11-12 11:07:04 - [MESSAGE][INFO] - Finding web element with id: 'Object Repository/Sayfalar/Giris_Sayfasi/RetveTamam_Butonu' located by 'By.xpath: //*[@class = 'btn btn-default']' in '30' second(s)

2021-11-12 11:07:04 - [MESSAGE][INFO] - Smart Wait Function is triggered

2021-11-12 11:07:05 - [MESSAGE][INFO] - Found 1 web elements with id: 'Object Repository/Sayfalar/Giris_Sayfasi/RetveTamam_Butonu' located by 'By.xpath: //*[@class = 'btn btn-default']' in '30' second(s)

2021-11-12 11:07:05 - [MESSAGE][INFO] - Clicking on object: 'Object Repository/Sayfalar/Giris_Sayfasi/RetveTamam_Butonu'

2021-11-12 11:07:05 - [MESSAGE][PASSED] - Object: 'Object Repository/Sayfalar/Giris_Sayfasi/RetveTamam_Butonu' is clicked on

2021-11-12 11:07:05 - [TEST_STEP][PASSED] - click(findTestObject("Object Repository/Sayfalar/Giris_Sayfasi/RetveTamam_Butonu")): Object: 'Object Repository/Sayfalar/Giris_Sayfasi/RetveTamam_Butonu' is clicked on

2021-11-12 11:07:05 - [MESSAGE][INFO] - Finding Test Object 'Object Repository/Sayfalar/Giris_Sayfasi/RetveTamam_Butonu'

2021-11-12 11:07:05 - [MESSAGE][INFO] - Checking object

2021-11-12 11:07:05 - [MESSAGE][INFO] - Finding web element from Test Object's properties

2021-11-12 11:07:05 - [MESSAGE][INFO] - Checking timeout

2021-11-12 11:07:05 - [MESSAGE][INFO] - Finding web element with id: 'Object Repository/Sayfalar/Giris_Sayfasi/RetveTamam_Butonu' located by 'By.xpath: //*[@class = 'btn btn-default']' in '30' second(s)

2021-11-12 11:07:05 - [MESSAGE][INFO] - Smart Wait Function is triggered

2021-11-12 11:07:09 - [MESSAGE][INFO] - Found 1 web elements with id: 'Object Repository/Sayfalar/Giris_Sayfasi/RetveTamam_Butonu' located by 'By.xpath: //*[@class = 'btn btn-default']' in '30' second(s)

2021-11-12 11:07:09 - [MESSAGE][INFO] - Clicking on object: 'Object Repository/Sayfalar/Giris_Sayfasi/RetveTamam_Butonu'

2021-11-12 11:07:09 - [MESSAGE][PASSED] - Object: 'Object Repository/Sayfalar/Giris_Sayfasi/RetveTamam_Butonu' is clicked on

2021-11-12 11:07:09 - [TEST_STEP][PASSED] - if (verifyElementPresent(findTestObject("Sayfalar/Giris_Sayfasi/PopupOK"), 5, OPTIONAL)): null

2021-11-12 11:07:09 - [MESSAGE][INFO] - Finding Test Object 'Object Repository/Sayfalar/Giris_Sayfasi/PopupOK'

2021-11-12 11:07:09 - [MESSAGE][INFO] - Checking object

2021-11-12 11:07:09 - [MESSAGE][INFO] - Finding web element from Test Object's properties

2021-11-12 11:07:09 - [MESSAGE][INFO] - Checking timeout

2021-11-12 11:07:09 - [MESSAGE][INFO] - Finding web element with id: 'Object Repository/Sayfalar/Giris_Sayfasi/PopupOK' located by 'By.cssSelector: .btn.btn-success' in '5' second(s)

2021-11-12 11:07:09 - [MESSAGE][INFO] - Smart Wait Function is triggered

2021-11-12 11:07:10 - [MESSAGE][INFO] - Found 1 web elements with id: 'Object Repository/Sayfalar/Giris_Sayfasi/PopupOK' located by 'By.cssSelector: .btn.btn-success' in '5' second(s)

2021-11-12 11:07:10 - [MESSAGE][PASSED] - Object 'Object Repository/Sayfalar/Giris_Sayfasi/PopupOK' is present

2021-11-12 11:07:10 - [TEST_STEP][PASSED] - click(findTestObject("Object Repository/Sayfalar/Giris_Sayfasi/PopupCarpiGiris")): Object: 'Object Repository/Sayfalar/Giris_Sayfasi/PopupCarpiGiris' is clicked on

2021-11-12 11:07:10 - [MESSAGE][INFO] - Finding Test Object 'Object Repository/Sayfalar/Giris_Sayfasi/PopupCarpiGiris'

2021-11-12 11:07:10 - [MESSAGE][INFO] - Checking object

2021-11-12 11:07:10 - [MESSAGE][INFO] - Finding web element from Test Object's properties

2021-11-12 11:07:10 - [MESSAGE][INFO] - Checking timeout

2021-11-12 11:07:10 - [MESSAGE][INFO] - Finding web element with id: 'Object Repository/Sayfalar/Giris_Sayfasi/PopupCarpiGiris' located by 'By.cssSelector: .bootbox-close-button.close' in '30' second(s)

2021-11-12 11:07:10 - [MESSAGE][INFO] - Smart Wait Function is triggered

2021-11-12 11:07:10 - [MESSAGE][INFO] - Found 1 web elements with id: 'Object Repository/Sayfalar/Giris_Sayfasi/PopupCarpiGiris' located by 'By.cssSelector: .bootbox-close-button.close' in '30' second(s)

2021-11-12 11:07:10 - [MESSAGE][INFO] - Clicking on object: 'Object Repository/Sayfalar/Giris_Sayfasi/PopupCarpiGiris'

2021-11-12 11:07:10 - [MESSAGE][PASSED] - Object: 'Object Repository/Sayfalar/Giris_Sayfasi/PopupCarpiGiris' is clicked on

2021-11-12 11:07:10 - [TEST_STEP][PASSED] - verifyElementVisible(findTestObject("Object Repository/Kullanici_Islemleri/KullaniciIslemleri")): Object 'Object Repository/Kullanici_Islemleri/KullaniciIslemleri' is visible

2021-11-12 11:07:10 - [MESSAGE][INFO] - Finding Test Object 'Object Repository/Kullanici_Islemleri/KullaniciIslemleri'

2021-11-12 11:07:10 - [MESSAGE][INFO] - Checking object

2021-11-12 11:07:10 - [MESSAGE][INFO] - Finding web element from Test Object's properties

2021-11-12 11:07:10 - [MESSAGE][INFO] - Checking timeout

2021-11-12 11:07:10 - [MESSAGE][INFO] - Finding web element with id: 'Object Repository/Kullanici_Islemleri/KullaniciIslemleri' located by 'By.cssSelector: .dropdown>a>img' in '30' second(s)

2021-11-12 11:07:10 - [MESSAGE][INFO] - Smart Wait Function is triggered

2021-11-12 11:07:11 - [MESSAGE][INFO] - Found 1 web elements with id: 'Object Repository/Kullanici_Islemleri/KullaniciIslemleri' located by 'By.cssSelector: .dropdown>a>img' in '30' second(s)

2021-11-12 11:07:11 - [MESSAGE][PASSED] - Object 'Object Repository/Kullanici_Islemleri/KullaniciIslemleri' is visible

2021-11-12 11:07:11 - [MESSAGE][PASSED] - Call Test Case 'Test Cases/Sayfalar/Giris_Sayfasi/Login' successfully

2021-11-12 11:07:11 - [MESSAGE][INFO] - Checking called Test Case

2021-11-12 11:07:11 - [MESSAGE][INFO] - Starting to call Test Case 'Test Cases/Menu/AnaMenuSecimi'

2021-11-12 11:07:11 - [TEST_CASE][PASSED] - Test Cases/Menu/AnaMenuSecimi: Test Cases/Menu/AnaMenuSecimi

2021-11-12 11:07:11 - [TEST_STEP][PASSED] - Method.TextDegerineEsitElementeTikla(findTestObject("Menu/Ana_Menu"), Ana_Menu): Method.TextDegerineEsitElementeTikla is PASSED

2021-11-12 11:07:11 - [MESSAGE][INFO] - Finding Test Object 'Object Repository/Menu/Ana_Menu'

2021-11-12 11:07:11 - [MESSAGE][INFO] - Checking timeout

2021-11-12 11:07:11 - [MESSAGE][INFO] - Finding web element with id: 'Object Repository/Menu/Ana_Menu' located by 'By.xpath: //*[@class = 'dropdown-toggle']' in '10' second(s)

2021-11-12 11:07:11 - [MESSAGE][INFO] - Smart Wait Function is triggered

2021-11-12 11:07:11 - [MESSAGE][INFO] - Found 14 web elements with id: 'Object Repository/Menu/Ana_Menu' located by 'By.xpath: //*[@class = 'dropdown-toggle']' in '10' second(s)

2021-11-12 11:07:11 - [MESSAGE][PASSED] - Method.TextDegerineEsitElementeTikla is PASSED

2021-11-12 11:07:11 - [MESSAGE][PASSED] - Call Test Case 'Test Cases/Menu/AnaMenuSecimi' successfully

2021-11-12 11:07:11 - [MESSAGE][INFO] - Checking called Test Case

2021-11-12 11:07:11 - [MESSAGE][INFO] - Starting to call Test Case 'Test Cases/Menu/BasligaGoreAltMenuSecimi'

2021-11-12 11:07:11 - [TEST_CASE][PASSED] - Test Cases/Menu/BasligaGoreAltMenuSecimi: Test Cases/Menu/BasligaGoreAltMenuSecimi

2021-11-12 11:07:11 - [TEST_STEP][PASSED] - Method.TextDegerineEsitElementinAltindakiTextDegerineEsitOlanaTikla(findTestObject("Menu/Menu_Basligi"), findTestObject("Menu/Basliga_Gore_Alt_Menu"), Baslik, Alt_Menu): Method.TextDegerineEsitElementinAltindakiTextDegerineEsitOlanaTikla is PASSED

2021-11-12 11:07:11 - [MESSAGE][INFO] - Finding Test Object 'Object Repository/Menu/Menu_Basligi'

2021-11-12 11:07:12 - [MESSAGE][INFO] - Finding Test Object 'Object Repository/Menu/Basliga_Gore_Alt_Menu'

2021-11-12 11:07:12 - [MESSAGE][INFO] - Checking timeout

2021-11-12 11:07:12 - [MESSAGE][INFO] - Finding web element with id: 'Object Repository/Menu/Menu_Basligi' located by 'By.xpath: //li[@class='dropdown dropdown-large open']//li[@class='dropdown-header']' in '10' second(s)

2021-11-12 11:07:12 - [MESSAGE][INFO] - Smart Wait Function is triggered

2021-11-12 11:07:12 - [MESSAGE][INFO] - Found 2 web elements with id: 'Object Repository/Menu/Menu_Basligi' located by 'By.xpath: //li[@class='dropdown dropdown-large open']//li[@class='dropdown-header']' in '10' second(s)

2021-11-12 11:07:12 - [MESSAGE][INFO] - Smart Wait Function is triggered

2021-11-12 11:07:15 - [MESSAGE][PASSED] - Method.TextDegerineEsitElementinAltindakiTextDegerineEsitOlanaTikla is PASSED

2021-11-12 11:07:15 - [MESSAGE][PASSED] - Call Test Case 'Test Cases/Menu/BasligaGoreAltMenuSecimi' successfully

2021-11-12 11:07:15 - [MESSAGE][INFO] - Checking called Test Case

2021-11-12 11:07:15 - [MESSAGE][INFO] - Starting to call Test Case 'Test Cases/Filtreler/DropdownSec'

2021-11-12 11:07:15 - [TEST_CASE][PASSED] - Test Cases/Filtreler/DropdownSec: Test Cases/Filtreler/DropdownSec

2021-11-12 11:07:15 - [TEST_STEP][PASSED] - Method.TextDegerineEsitElementinAltindakineTikla(findTestObject("Filtreler/Basliklar"), findTestObject("Filtreler/Basliga_Gore_Baslangic_Image"), Filtre_Adi): Method.TextDegerineEsitElementinAltindakineTikla is PASSED

2021-11-12 11:07:15 - [MESSAGE][INFO] - Finding Test Object 'Object Repository/Filtreler/Basliklar'

2021-11-12 11:07:15 - [MESSAGE][INFO] - Finding Test Object 'Object Repository/Filtreler/Basliga_Gore_Baslangic_Image'

2021-11-12 11:07:16 - [MESSAGE][INFO] - Checking timeout

2021-11-12 11:07:16 - [MESSAGE][INFO] - Finding web element with id: 'Object Repository/Filtreler/Basliklar' located by 'By.cssSelector: .control-label.col-sm-4.paddingMarginRLC' in '10' second(s)

2021-11-12 11:07:16 - [MESSAGE][INFO] - Smart Wait Function is triggered

2021-11-12 11:07:16 - [MESSAGE][INFO] - Found 1 web elements with id: 'Object Repository/Filtreler/Basliklar' located by 'By.cssSelector: .control-label.col-sm-4.paddingMarginRLC' in '10' second(s)

2021-11-12 11:07:16 - [MESSAGE][INFO] - Smart Wait Function is triggered

2021-11-12 11:07:16 - [MESSAGE][PASSED] - Method.TextDegerineEsitElementinAltindakineTikla is PASSED

2021-11-12 11:07:16 - [TEST_STEP][PASSED] - Method.TextDegerineEsitElementeTikla(findTestObject("Object Repository/Filtreler/Basliga_Gore_Dropdown"), Filtre_Degeri): Method.TextDegerineEsitElementeTikla is PASSED

2021-11-12 11:07:16 - [MESSAGE][INFO] - Finding Test Object 'Object Repository/Filtreler/Basliga_Gore_Dropdown'

2021-11-12 11:07:16 - [MESSAGE][INFO] - Checking timeout

2021-11-12 11:07:16 - [MESSAGE][INFO] - Finding web element with id: 'Object Repository/Filtreler/Basliga_Gore_Dropdown' located by 'By.xpath: //*[@class = 'dxeListBoxItemRow_LECustomTheme']' in '10' second(s)

2021-11-12 11:07:16 - [MESSAGE][INFO] - Smart Wait Function is triggered

2021-11-12 11:07:17 - [MESSAGE][INFO] - Found 3 web elements with id: 'Object Repository/Filtreler/Basliga_Gore_Dropdown' located by 'By.xpath: //*[@class = 'dxeListBoxItemRow_LECustomTheme']' in '10' second(s)

2021-11-12 11:07:17 - [MESSAGE][PASSED] - Method.TextDegerineEsitElementeTikla is PASSED

2021-11-12 11:07:17 - [MESSAGE][PASSED] - Call Test Case 'Test Cases/Filtreler/DropdownSec' successfully

2021-11-12 11:07:17 - [MESSAGE][INFO] - Checking called Test Case

2021-11-12 11:07:17 - [MESSAGE][INFO] - Starting to call Test Case 'Test Cases/Filtreler/ButonaTikla'

2021-11-12 11:07:17 - [TEST_CASE][PASSED] - Test Cases/Filtreler/ButonaTikla: Test Cases/Filtreler/ButonaTikla

2021-11-12 11:07:17 - [TEST_STEP][PASSED] - Method.TextDegerineEsitElementeTikla(findTestObject("Filtreler/Butonlar"), Filtre_Buton): Method.TextDegerineEsitElementeTikla is PASSED

2021-11-12 11:07:17 - [MESSAGE][INFO] - Finding Test Object 'Object Repository/Filtreler/Butonlar'

2021-11-12 11:07:17 - [MESSAGE][INFO] - Checking timeout

2021-11-12 11:07:17 - [MESSAGE][INFO] - Finding web element with id: 'Object Repository/Filtreler/Butonlar' located by 'By.cssSelector: .dxb>span' in '10' second(s)

2021-11-12 11:07:17 - [MESSAGE][INFO] - Smart Wait Function is triggered

2021-11-12 11:07:17 - [MESSAGE][INFO] - Found 1 web elements with id: 'Object Repository/Filtreler/Butonlar' located by 'By.cssSelector: .dxb>span' in '10' second(s)

2021-11-12 11:07:21 - [MESSAGE][PASSED] - Method.TextDegerineEsitElementeTikla is PASSED

2021-11-12 11:07:21 - [MESSAGE][PASSED] - Call Test Case 'Test Cases/Filtreler/ButonaTikla' successfully

2021-11-12 11:07:21 - [MESSAGE][INFO] - Checking called Test Case

2021-11-12 11:07:21 - [MESSAGE][INFO] - Starting to call Test Case 'Test Cases/Tablo/KlasorAcilir'

2021-11-12 11:07:21 - [TEST_CASE][PASSED] - Test Cases/Tablo/KlasorAcilir: Test Cases/Tablo/KlasorAcilir

2021-11-12 11:07:22 - [TEST_STEP][PASSED] - Method.TextDegerineEsitElementinAltindakineTikla(findTestObject("Object Repository/Tablo/Klasorler"), findTestObject("Object Repository/Tablo/KlasorAc"), Klasor): Method.TextDegerineEsitElementinAltindakineTikla is PASSED

2021-11-12 11:07:22 - [MESSAGE][INFO] - Finding Test Object 'Object Repository/Tablo/Klasorler'

2021-11-12 11:07:22 - [MESSAGE][INFO] - Finding Test Object 'Object Repository/Tablo/KlasorAc'

2021-11-12 11:07:22 - [MESSAGE][INFO] - Checking timeout

2021-11-12 11:07:22 - [MESSAGE][INFO] - Finding web element with id: 'Object Repository/Tablo/Klasorler' located by 'By.cssSelector: .dxtl.dxtl__B0' in '10' second(s)

2021-11-12 11:07:22 - [MESSAGE][INFO] - Smart Wait Function is triggered

2021-11-12 11:07:22 - [MESSAGE][INFO] - Found 6 web elements with id: 'Object Repository/Tablo/Klasorler' located by 'By.cssSelector: .dxtl.dxtl__B0' in '10' second(s)

2021-11-12 11:07:22 - [MESSAGE][INFO] - Smart Wait Function is triggered

2021-11-12 11:07:22 - [MESSAGE][PASSED] - Method.TextDegerineEsitElementinAltindakineTikla is PASSED

2021-11-12 11:07:22 - [MESSAGE][PASSED] - Call Test Case 'Test Cases/Tablo/KlasorAcilir' successfully

2021-11-12 11:07:22 - [MESSAGE][INFO] - Checking called Test Case

2021-11-12 11:07:22 - [MESSAGE][INFO] - Starting to call Test Case 'Test Cases/Tablo/KlasorAcilir'

2021-11-12 11:07:23 - [TEST_CASE][PASSED] - Test Cases/Tablo/KlasorAcilir: Test Cases/Tablo/KlasorAcilir

2021-11-12 11:07:23 - [TEST_STEP][PASSED] - Method.TextDegerineEsitElementinAltindakineTikla(findTestObject("Object Repository/Tablo/Klasorler"), findTestObject("Object Repository/Tablo/KlasorAc"), Klasor): Method.TextDegerineEsitElementinAltindakineTikla is PASSED

2021-11-12 11:07:23 - [MESSAGE][INFO] - Finding Test Object 'Object Repository/Tablo/Klasorler'

2021-11-12 11:07:23 - [MESSAGE][INFO] - Finding Test Object 'Object Repository/Tablo/KlasorAc'

2021-11-12 11:07:23 - [MESSAGE][INFO] - Checking timeout

2021-11-12 11:07:23 - [MESSAGE][INFO] - Finding web element with id: 'Object Repository/Tablo/Klasorler' located by 'By.cssSelector: .dxtl.dxtl__B0' in '10' second(s)

2021-11-12 11:07:23 - [MESSAGE][INFO] - Smart Wait Function is triggered

2021-11-12 11:07:23 - [MESSAGE][INFO] - Found 18 web elements with id: 'Object Repository/Tablo/Klasorler' located by 'By.cssSelector: .dxtl.dxtl__B0' in '10' second(s)

2021-11-12 11:07:23 - [MESSAGE][INFO] - Smart Wait Function is triggered

2021-11-12 11:07:24 - [MESSAGE][PASSED] - Method.TextDegerineEsitElementinAltindakineTikla is PASSED

2021-11-12 11:07:24 - [MESSAGE][PASSED] - Call Test Case 'Test Cases/Tablo/KlasorAcilir' successfully

2021-11-12 11:07:24 - [MESSAGE][INFO] - Checking called Test Case

2021-11-12 11:07:24 - [MESSAGE][INFO] - Starting to call Test Case 'Test Cases/Tablo/KlasorAcilir'

2021-11-12 11:07:24 - [TEST_CASE][PASSED] - Test Cases/Tablo/KlasorAcilir: Test Cases/Tablo/KlasorAcilir

2021-11-12 11:07:24 - [TEST_STEP][PASSED] - Method.TextDegerineEsitElementinAltindakineTikla(findTestObject("Object Repository/Tablo/Klasorler"), findTestObject("Object Repository/Tablo/KlasorAc"), Klasor): Method.TextDegerineEsitElementinAltindakineTikla is PASSED

2021-11-12 11:07:24 - [MESSAGE][INFO] - Finding Test Object 'Object Repository/Tablo/Klasorler'

2021-11-12 11:07:24 - [MESSAGE][INFO] - Finding Test Object 'Object Repository/Tablo/KlasorAc'

2021-11-12 11:07:24 - [MESSAGE][INFO] - Checking timeout

2021-11-12 11:07:24 - [MESSAGE][INFO] - Finding web element with id: 'Object Repository/Tablo/Klasorler' located by 'By.cssSelector: .dxtl.dxtl__B0' in '10' second(s)

2021-11-12 11:07:24 - [MESSAGE][INFO] - Smart Wait Function is triggered

2021-11-12 11:07:24 - [MESSAGE][INFO] - Found 30 web elements with id: 'Object Repository/Tablo/Klasorler' located by 'By.cssSelector: .dxtl.dxtl__B0' in '10' second(s)

2021-11-12 11:07:24 - [MESSAGE][INFO] - Smart Wait Function is triggered

2021-11-12 11:07:25 - [MESSAGE][PASSED] - Method.TextDegerineEsitElementinAltindakineTikla is PASSED

2021-11-12 11:07:25 - [MESSAGE][PASSED] - Call Test Case 'Test Cases/Tablo/KlasorAcilir' successfully

2021-11-12 11:07:25 - [MESSAGE][INFO] - Checking called Test Case

2021-11-12 11:07:25 - [MESSAGE][INFO] - Starting to call Test Case 'Test Cases/Tablo/KlasorAcilir'

2021-11-12 11:07:25 - [TEST_CASE][PASSED] - Test Cases/Tablo/KlasorAcilir: Test Cases/Tablo/KlasorAcilir

2021-11-12 11:07:25 - [TEST_STEP][PASSED] - Method.TextDegerineEsitElementinAltindakineTikla(findTestObject("Object Repository/Tablo/Klasorler"), findTestObject("Object Repository/Tablo/KlasorAc"), Klasor): Method.TextDegerineEsitElementinAltindakineTikla is PASSED

2021-11-12 11:07:25 - [MESSAGE][INFO] - Finding Test Object 'Object Repository/Tablo/Klasorler'

2021-11-12 11:07:25 - [MESSAGE][INFO] - Finding Test Object 'Object Repository/Tablo/KlasorAc'

2021-11-12 11:07:25 - [MESSAGE][INFO] - Checking timeout

2021-11-12 11:07:25 - [MESSAGE][INFO] - Finding web element with id: 'Object Repository/Tablo/Klasorler' located by 'By.cssSelector: .dxtl.dxtl__B0' in '10' second(s)

2021-11-12 11:07:25 - [MESSAGE][INFO] - Smart Wait Function is triggered

2021-11-12 11:07:25 - [MESSAGE][INFO] - Found 60 web elements with id: 'Object Repository/Tablo/Klasorler' located by 'By.cssSelector: .dxtl.dxtl__B0' in '10' second(s)

2021-11-12 11:07:26 - [MESSAGE][INFO] - Smart Wait Function is triggered

2021-11-12 11:07:26 - [MESSAGE][PASSED] - Method.TextDegerineEsitElementinAltindakineTikla is PASSED

2021-11-12 11:07:26 - [MESSAGE][PASSED] - Call Test Case 'Test Cases/Tablo/KlasorAcilir' successfully

2021-11-12 11:07:26 - [MESSAGE][INFO] - Checking called Test Case

2021-11-12 11:07:26 - [MESSAGE][INFO] - Starting to call Test Case 'Test Cases/Tablo/KlasorSecilir'

2021-11-12 11:07:26 - [TEST_CASE][PASSED] - Test Cases/Tablo/KlasorSecilir: Test Cases/Tablo/KlasorSecilir

2021-11-12 11:07:27 - [TEST_STEP][PASSED] - Method.KlasorSec(findTestObject("Tablo/Klasorler"), findTestObject("Tablo/KlasorSec"), Klasor): Method.KlasorSec is PASSED

2021-11-12 11:07:27 - [MESSAGE][INFO] - Finding Test Object 'Object Repository/Tablo/Klasorler'

2021-11-12 11:07:27 - [MESSAGE][INFO] - Finding Test Object 'Object Repository/Tablo/KlasorSec'

2021-11-12 11:07:27 - [MESSAGE][INFO] - Checking timeout

2021-11-12 11:07:27 - [MESSAGE][INFO] - Finding web element with id: 'Object Repository/Tablo/Klasorler' located by 'By.cssSelector: .dxtl.dxtl__B0' in '10' second(s)

2021-11-12 11:07:27 - [MESSAGE][INFO] - Smart Wait Function is triggered

2021-11-12 11:07:27 - [MESSAGE][INFO] - Found 66 web elements with id: 'Object Repository/Tablo/Klasorler' located by 'By.cssSelector: .dxtl.dxtl__B0' in '10' second(s)

2021-11-12 11:07:28 - [MESSAGE][INFO] - Smart Wait Function is triggered

2021-11-12 11:07:28 - [MESSAGE][INFO] - Smart Wait Function is triggered

2021-11-12 11:07:29 - [MESSAGE][PASSED] - Method.KlasorSec is PASSED

2021-11-12 11:07:29 - [MESSAGE][PASSED] - Call Test Case 'Test Cases/Tablo/KlasorSecilir' successfully

2021-11-12 11:07:29 - [MESSAGE][INFO] - Checking called Test Case

2021-11-12 11:07:29 - [MESSAGE][INFO] - Starting to call Test Case 'Test Cases/Butonlar/ButonaTikla'

2021-11-12 11:07:29 - [TEST_CASE][PASSED] - Test Cases/Butonlar/ButonaTikla: Test Cases/Butonlar/ButonaTikla

2021-11-12 11:07:30 - [TEST_STEP][PASSED] - Method.TextDegerineEsitElementeTiklaEquals(findTestObject("Butonlar/Butonlar"), Buton_Adi): Method.TextDegerineEsitElementeTiklaEquals is PASSED

2021-11-12 11:07:30 - [MESSAGE][INFO] - Finding Test Object 'Object Repository/Butonlar/Butonlar'

2021-11-12 11:07:30 - [MESSAGE][INFO] - Checking timeout

2021-11-12 11:07:30 - [MESSAGE][INFO] - Finding web element with id: 'Object Repository/Butonlar/Butonlar' located by 'By.cssSelector: .panel.panel-default.text-center.footerPanel .btn,.btn.btn-primary.btnControls' in '10' second(s)

2021-11-12 11:07:30 - [MESSAGE][INFO] - Smart Wait Function is triggered

2021-11-12 11:07:30 - [MESSAGE][INFO] - Found 9 web elements with id: 'Object Repository/Butonlar/Butonlar' located by 'By.cssSelector: .panel.panel-default.text-center.footerPanel .btn,.btn.btn-primary.btnControls' in '10' second(s)

2021-11-12 11:07:30 - [MESSAGE][PASSED] - Method.TextDegerineEsitElementeTiklaEquals is PASSED

2021-11-12 11:07:30 - [MESSAGE][PASSED] - Call Test Case 'Test Cases/Butonlar/ButonaTikla' successfully

2021-11-12 11:07:30 - [MESSAGE][INFO] - Checking called Test Case

2021-11-12 11:07:30 - [MESSAGE][INFO] - Starting to call Test Case 'Test Cases/Sekmeler/YeniSekmeyeGec'

2021-11-12 11:07:30 - [TEST_CASE][PASSED] - Test Cases/Sekmeler/YeniSekmeyeGec: Test Cases/Sekmeler/YeniSekmeyeGec

2021-11-12 11:07:31 - [TEST_STEP][PASSED] - switchToWindowIndex(1): Switched to window with index: '1'

2021-11-12 11:07:31 - [MESSAGE][INFO] - Checking index

2021-11-12 11:07:31 - [MESSAGE][INFO] - Switching window with index: '1'

2021-11-12 11:07:31 - [MESSAGE][PASSED] - Switched to window with index: '1'

2021-11-12 11:07:31 - [MESSAGE][PASSED] - Call Test Case 'Test Cases/Sekmeler/YeniSekmeyeGec' successfully

2021-11-12 11:07:31 - [MESSAGE][INFO] - Checking called Test Case

2021-11-12 11:07:31 - [MESSAGE][INFO] - Starting to call Test Case 'Test Cases/Sekmeler/YeniSekmeBasligindaVarMi'

2021-11-12 11:07:31 - [TEST_CASE][PASSED] - Test Cases/Sekmeler/YeniSekmeBasligindaVarMi: Test Cases/Sekmeler/YeniSekmeBasligindaVarMi

2021-11-12 11:07:31 - [TEST_STEP][PASSED] - verifyElementText(findTestObject("Object Repository/Sekmeler/Olusturma_Goster_Baslik"), Title): Actual text and expected text of test object 'Object Repository/Sekmeler/Olusturma_Goster_Baslik' are matched.

2021-11-12 11:07:31 - [MESSAGE][INFO] - Finding Test Object 'Object Repository/Sekmeler/Olusturma_Goster_Baslik'

2021-11-12 11:07:32 - [MESSAGE][INFO] - Checking object

2021-11-12 11:07:32 - [MESSAGE][INFO] - Finding web element from Test Object's properties

2021-11-12 11:07:32 - [MESSAGE][INFO] - Checking timeout

2021-11-12 11:07:32 - [MESSAGE][INFO] - Finding web element with id: 'Object Repository/Sekmeler/Olusturma_Goster_Baslik' located by 'By.cssSelector: h1>span,td>font,font' in '30' second(s)

2021-11-12 11:07:32 - [MESSAGE][INFO] - Smart Wait Function is triggered

2021-11-12 11:07:32 - [MESSAGE][INFO] - Found 1 web elements with id: 'Object Repository/Sekmeler/Olusturma_Goster_Baslik' located by 'By.cssSelector: h1>span,td>font,font' in '30' second(s)

2021-11-12 11:07:32 - [MESSAGE][PASSED] - Actual text and expected text of test object 'Object Repository/Sekmeler/Olusturma_Goster_Baslik' are matched.

2021-11-12 11:07:32 - [MESSAGE][PASSED] - Call Test Case 'Test Cases/Sekmeler/YeniSekmeBasligindaVarMi' successfully

2021-11-12 11:07:32 - [MESSAGE][INFO] - Checking called Test Case

2021-11-12 11:07:32 - [MESSAGE][INFO] - Starting to call Test Case 'Test Cases/Sekmeler/Ana_Sekmeye_Gec'

2021-11-12 11:07:32 - [TEST_CASE][PASSED] - Test Cases/Sekmeler/Ana_Sekmeye_Gec: Test Cases/Sekmeler/Ana_Sekmeye_Gec

2021-11-12 11:07:32 - [TEST_STEP][PASSED] - try: Window with index 1 is closed

2021-11-12 11:07:32 - [TEST_STEP][PASSED] - index = getWindowIndex(): Current window's index is: 1

2021-11-12 11:07:32 - [MESSAGE][INFO] - Getting current window's index

2021-11-12 11:07:32 - [MESSAGE][PASSED] - Current window's index is: 1

2021-11-12 11:07:32 - [TEST_STEP][PASSED] - closeWindowIndex(index): Window with index 1 is closed

2021-11-12 11:07:32 - [MESSAGE][INFO] - Checking index

2021-11-12 11:07:32 - [MESSAGE][INFO] - Closing window with index 1

2021-11-12 11:07:33 - [MESSAGE][PASSED] - Window with index 1 is closed

2021-11-12 11:07:33 - [TEST_STEP][PASSED] - switchToWindowIndex(0): Switched to window with index: '0'

2021-11-12 11:07:33 - [MESSAGE][INFO] - Checking index

2021-11-12 11:07:33 - [MESSAGE][INFO] - Switching window with index: '0'

2021-11-12 11:07:33 - [MESSAGE][PASSED] - Switched to window with index: '0'

2021-11-12 11:07:33 - [MESSAGE][PASSED] - Call Test Case 'Test Cases/Sekmeler/Ana_Sekmeye_Gec' successfully

2021-11-12 11:07:33 - [MESSAGE][INFO] - Checking called Test Case

2021-11-12 11:07:33 - [MESSAGE][INFO] - Starting to call Test Case 'Test Cases/Kullanici_Islemleri/KullaniciIslemlerindenSecimYapilir'

2021-11-12 11:07:33 - [TEST_CASE][PASSED] - Test Cases/Kullanici_Islemleri/KullaniciIslemlerindenSecimYapilir: Test Cases/Kullanici_Islemleri/KullaniciIslemlerindenSecimYapilir

2021-11-12 11:07:33 - [TEST_STEP][PASSED] - waitForElementClickable(findTestObject("Object Repository/Kullanici_Islemleri/KullaniciIslemleri"), 10): Object 'Object Repository/Kullanici_Islemleri/KullaniciIslemleri' is clickable

2021-11-12 11:07:33 - [MESSAGE][INFO] - Finding Test Object 'Object Repository/Kullanici_Islemleri/KullaniciIslemleri'

2021-11-12 11:07:33 - [MESSAGE][INFO] - Checking object

2021-11-12 11:07:33 - [MESSAGE][INFO] - Checking timeout

2021-11-12 11:07:33 - [MESSAGE][INFO] - Finding web element from Test Object's properties

2021-11-12 11:07:33 - [MESSAGE][INFO] - Checking timeout

2021-11-12 11:07:33 - [MESSAGE][INFO] - Finding web element with id: 'Object Repository/Kullanici_Islemleri/KullaniciIslemleri' located by 'By.cssSelector: .dropdown>a>img' in '10' second(s)

2021-11-12 11:07:33 - [MESSAGE][INFO] - Smart Wait Function is triggered

2021-11-12 11:07:33 - [MESSAGE][INFO] - Found 1 web elements with id: 'Object Repository/Kullanici_Islemleri/KullaniciIslemleri' located by 'By.cssSelector: .dropdown>a>img' in '10' second(s)

2021-11-12 11:07:33 - [MESSAGE][PASSED] - Object 'Object Repository/Kullanici_Islemleri/KullaniciIslemleri' is clickable

2021-11-12 11:07:33 - [TEST_STEP][PASSED] - click(findTestObject("Object Repository/Kullanici_Islemleri/KullaniciIslemleri")): Object: 'Object Repository/Kullanici_Islemleri/KullaniciIslemleri' is clicked on

2021-11-12 11:07:33 - [MESSAGE][INFO] - Finding Test Object 'Object Repository/Kullanici_Islemleri/KullaniciIslemleri'

2021-11-12 11:07:33 - [MESSAGE][INFO] - Checking object

2021-11-12 11:07:33 - [MESSAGE][INFO] - Finding web element from Test Object's properties

2021-11-12 11:07:33 - [MESSAGE][INFO] - Checking timeout

2021-11-12 11:07:33 - [MESSAGE][INFO] - Finding web element with id: 'Object Repository/Kullanici_Islemleri/KullaniciIslemleri' located by 'By.cssSelector: .dropdown>a>img' in '30' second(s)

2021-11-12 11:07:33 - [MESSAGE][INFO] - Smart Wait Function is triggered

2021-11-12 11:07:33 - [MESSAGE][INFO] - Found 1 web elements with id: 'Object Repository/Kullanici_Islemleri/KullaniciIslemleri' located by 'By.cssSelector: .dropdown>a>img' in '30' second(s)

2021-11-12 11:07:33 - [MESSAGE][INFO] - Clicking on object: 'Object Repository/Kullanici_Islemleri/KullaniciIslemleri'

2021-11-12 11:07:34 - [MESSAGE][PASSED] - Object: 'Object Repository/Kullanici_Islemleri/KullaniciIslemleri' is clicked on

2021-11-12 11:07:34 - [TEST_STEP][PASSED] - Method.TextDegerineEsitElementeTikla(findTestObject("Object Repository/Kullanici_Islemleri/Secenekler"), Islem): Method.TextDegerineEsitElementeTikla is PASSED

2021-11-12 11:07:34 - [MESSAGE][INFO] - Finding Test Object 'Object Repository/Kullanici_Islemleri/Secenekler'

2021-11-12 11:07:34 - [MESSAGE][INFO] - Checking timeout

2021-11-12 11:07:34 - [MESSAGE][INFO] - Finding web element with id: 'Object Repository/Kullanici_Islemleri/Secenekler' located by 'By.cssSelector: .nav.navbar-nav.navbar-right li a' in '10' second(s)

2021-11-12 11:07:34 - [MESSAGE][INFO] - Smart Wait Function is triggered

2021-11-12 11:07:34 - [MESSAGE][INFO] - Found 22 web elements with id: 'Object Repository/Kullanici_Islemleri/Secenekler' located by 'By.cssSelector: .nav.navbar-nav.navbar-right li a' in '10' second(s)

2021-11-12 11:07:35 - [MESSAGE][PASSED] - Method.TextDegerineEsitElementeTikla is PASSED

2021-11-12 11:07:35 - [TEST_STEP][PASSED] - verifyElementNotPresent(findTestObject("Object Repository/Kullanici_Islemleri/Secenekler"), 10): Web element with id: 'Object Repository/Kullanici_Islemleri/Secenekler' located by 'By.cssSelector: .nav.navbar-nav.navbar-right li a' is not present after '10' second(s)

2021-11-12 11:07:35 - [MESSAGE][INFO] - Finding Test Object 'Object Repository/Kullanici_Islemleri/Secenekler'

2021-11-12 11:07:35 - [MESSAGE][INFO] - Checking object

2021-11-12 11:07:35 - [MESSAGE][INFO] - Checking timeout

2021-11-12 11:07:35 - [MESSAGE][INFO] - Finding web element with id: 'Object Repository/Kullanici_Islemleri/Secenekler' located by 'By.cssSelector: .nav.navbar-nav.navbar-right li a' in '10' second(s)

2021-11-12 11:07:35 - [MESSAGE][INFO] - Smart Wait Function is triggered

2021-11-12 11:07:35 - [MESSAGE][PASSED] - Web element with id: 'Object Repository/Kullanici_Islemleri/Secenekler' located by 'By.cssSelector: .nav.navbar-nav.navbar-right li a' is not present after '10' second(s)

2021-11-12 11:07:35 - [MESSAGE][PASSED] - Call Test Case 'Test Cases/Kullanici_Islemleri/KullaniciIslemlerindenSecimYapilir' successfully

2021-11-12 11:07:35 - [TEST_CASE][PASSED] - Start Test Case : SCENARIO e-Defter Saklama Goster: SCENARIO e-Defter Saklama Goster

2021-11-12 11:07:35 - [TEST_STEP][PASSED] - Kullanıcı adı ELOGOGIB ve Şifre 123456 olarak giriş yapılır: Kullanıcı adı ELOGOGIB ve Şifre 123456 olarak giriş yapılır

2021-11-12 11:07:35 - [MESSAGE][PASSED] - Kullanıcı adı ELOGOGIB ve Şifre 123456 olarak giriş yapılır

2021-11-12 11:07:35 - [TEST_STEP][PASSED] - Ana menüden e-Saklama seçilir: Ana menüden e-Saklama seçilir

2021-11-12 11:07:35 - [MESSAGE][PASSED] - Ana menüden e-Saklama seçilir

2021-11-12 11:07:35 - [TEST_STEP][PASSED] - Alt menü e-Defter başlığı altındaki e-Defter Saklama seçilir: Alt menü e-Defter başlığı altındaki e-Defter Saklama seçilir

2021-11-12 11:07:35 - [MESSAGE][PASSED] - Alt menü e-Defter başlığı altındaki e-Defter Saklama seçilir

2021-11-12 11:07:35 - [TEST_STEP][PASSED] - Filtrelerden YIL filtresine 2019 dropdowndan degeri seçilir: Filtrelerden YIL filtresine 2019 dropdowndan degeri seçilir

2021-11-12 11:07:35 - [MESSAGE][PASSED] - Filtrelerden YIL filtresine 2019 dropdowndan degeri seçilir

2021-11-12 11:07:35 - [TEST_STEP][PASSED] - Filtre butonlarından Listele seçilir: Filtre butonlarından Listele seçilir

2021-11-12 11:07:35 - [MESSAGE][PASSED] - Filtre butonlarından Listele seçilir

2021-11-12 11:07:35 - [TEST_STEP][PASSED] - 2019 adlı klasör açılır: 2019 adlı klasör açılır

2021-11-12 11:07:35 - [MESSAGE][PASSED] - 2019 adlı klasör açılır

2021-11-12 11:07:35 - [TEST_STEP][PASSED] - Mayıs 2019 adlı klasör açılır: Mayıs 2019 adlı klasör açılır

2021-11-12 11:07:35 - [MESSAGE][PASSED] - Mayıs 2019 adlı klasör açılır

2021-11-12 11:07:35 - [TEST_STEP][PASSED] - Kebir Dosyaları adlı klasör açılır: Kebir Dosyaları adlı klasör açılır

2021-11-12 11:07:35 - [MESSAGE][PASSED] - Kebir Dosyaları adlı klasör açılır

2021-11-12 11:07:35 - [TEST_STEP][PASSED] - Defter Raporu Beratı adlı klasör açılır: Defter Raporu Beratı adlı klasör açılır

2021-11-12 11:07:35 - [MESSAGE][PASSED] - Defter Raporu Beratı adlı klasör açılır

2021-11-12 11:07:35 - [TEST_STEP][PASSED] - 9250128841-201905-DR-000000.zip adlı klasör seçilir: 9250128841-201905-DR-000000.zip adlı klasör seçilir

2021-11-12 11:07:35 - [MESSAGE][PASSED] - 9250128841-201905-DR-000000.zip adlı klasör seçilir

2021-11-12 11:07:35 - [TEST_STEP][PASSED] - Butonlardan Göster isimli butona tıklanır: Butonlardan Göster isimli butona tıklanır

2021-11-12 11:07:35 - [MESSAGE][PASSED] - Butonlardan Göster isimli butona tıklanır

2021-11-12 11:07:35 - [TEST_STEP][PASSED] - Yeni açılan sekmeye geçilir: Yeni açılan sekmeye geçilir

2021-11-12 11:07:35 - [MESSAGE][PASSED] - Yeni açılan sekmeye geçilir

2021-11-12 11:07:35 - [TEST_STEP][PASSED] - Yeni sekme başlığında BERAT (DEFTER RAPORU) var mı kontrol edilir: Yeni sekme başlığında BERAT (DEFTER RAPORU) var mı kontrol edilir

2021-11-12 11:07:35 - [MESSAGE][PASSED] - Yeni sekme başlığında BERAT (DEFTER RAPORU) var mı kontrol edilir

2021-11-12 11:07:35 - [TEST_STEP][PASSED] - Ana sekmeye geçilir: Ana sekmeye geçilir

2021-11-12 11:07:35 - [MESSAGE][PASSED] - Ana sekmeye geçilir

2021-11-12 11:07:35 - [TEST_STEP][PASSED] - Kullanıcı işlemlerinden Çıkış seçilir: Kullanıcı işlemlerinden Çıkış seçilir

2021-11-12 11:07:35 - [MESSAGE][PASSED] - Kullanıcı işlemlerinden Çıkış seçilir

2021-11-12 11:07:36 - [MESSAGE][PASSED] - Feature file: 'Include/features/e-Saklama/e-Defter/e-Defter Saklama/Goster.feature' was passed

2021-11-12 11:07:36 - [TEST_STEP][PASSED] - Start listener action : sampleAfterTestSuite: Invoke 'com.kms.katalon.core.annotation.AfterTestCase' method: 'Listener.sampleAfterTestSuite(...)' completed.

2021-11-12 11:07:36 - [MESSAGE][INFO] - Starting invoke 'com.kms.katalon.core.annotation.AfterTestCase' method: 'Listener.sampleAfterTestSuite(...)'

2021-11-12 11:07:36 - [TEST_STEP][PASSED] - closeBrowser(): Invoke 'com.kms.katalon.core.annotation.AfterTestCase' method: 'Listener.sampleAfterTestSuite(...)' completed.

2021-11-12 11:07:36 - [MESSAGE][INFO] - Closing browser

2021-11-12 11:07:36 - [MESSAGE][PASSED] - Browser is closed

2021-11-12 11:07:36 - [MESSAGE][INFO] - Invoke 'com.kms.katalon.core.annotation.AfterTestCase' method: 'Listener.sampleAfterTestSuite(...)' completed.]]></system-out>
         <system-err><![CDATA[]]></system-err>
      </testcase>
      <testcase name="Test Cases/Case Repository/e-Saklama/e-Defter/e-Defter Saklama/Indir" time="47.445" classname="Test Cases/Case Repository/e-Saklama/e-Defter/e-Defter Saklama/Indir" status="PASSED">
         <system-out><![CDATA[2021-11-12 11:07:36 - [TEST_CASE][PASSED] - Test Cases/Case Repository/e-Saklama/e-Defter/e-Defter Saklama/Indir: Test Cases/Case Repository/e-Saklama/e-Defter/e-Defter Saklama/Indir

2021-11-12 11:07:36 - [TEST_STEP][PASSED] - Start listener action : sampleBeforeTestSuite: Invoke 'com.kms.katalon.core.annotation.BeforeTestCase' method: 'Listener.sampleBeforeTestSuite(...)' completed.

2021-11-12 11:07:36 - [MESSAGE][INFO] - Starting invoke 'com.kms.katalon.core.annotation.BeforeTestCase' method: 'Listener.sampleBeforeTestSuite(...)'

2021-11-12 11:07:36 - [TEST_STEP][PASSED] - openBrowser(baseUrl): Browser is opened with url: 'https://efatura-stage.elogo.com.tr/'

2021-11-12 11:07:36 - [MESSAGE][INFO] - Opening browser

2021-11-12 11:07:36 - [MESSAGE][INFO] - Starting 'Chrome' driver

2021-11-12 11:07:36 - [MESSAGE][INFO] - User set preference: ['prefs', '{download.default_directory=C:\otomasyondownfiles}']

2021-11-12 11:07:36 - [MESSAGE][INFO] - Action delay is set to 0 milliseconds

2021-11-12 11:07:38 - [MESSAGE][INFO] - Navigating browser to: 'https://efatura-stage.elogo.com.tr/'

2021-11-12 11:07:41 - [MESSAGE][PASSED] - Browser is opened with url: 'https://efatura-stage.elogo.com.tr/'

2021-11-12 11:07:41 - [TEST_STEP][PASSED] - maximizeWindow(): Invoke 'com.kms.katalon.core.annotation.BeforeTestCase' method: 'Listener.sampleBeforeTestSuite(...)' completed.

2021-11-12 11:07:41 - [MESSAGE][INFO] - Maximizing current window

2021-11-12 11:07:41 - [MESSAGE][PASSED] - Current window maximized

2021-11-12 11:07:41 - [MESSAGE][INFO] - Invoke 'com.kms.katalon.core.annotation.BeforeTestCase' method: 'Listener.sampleBeforeTestSuite(...)' completed.

2021-11-12 11:07:42 - [TEST_STEP][PASSED] - runFeatureFile("Include/features/e-Saklama/e-Defter/e-Defter Saklama/Indir.feature"): Feature file: 'Include/features/e-Saklama/e-Defter/e-Defter Saklama/Indir.feature' was passed

2021-11-12 11:07:42 - [MESSAGE][INFO] - Starting run keyword runFeatureFile: 'Include/features/e-Saklama/e-Defter/e-Defter Saklama/Indir.feature' and extract report to folder: 'C:\Users\DELL\Documents\GitHub\EES_KatalonLogo\Reports\20211112_103406\Suite Repository\e-Saklama\20211112_103457/cucumber_report/1636704462592'...

2021-11-12 11:07:42 - [MESSAGE][INFO] - Glue: []

2021-11-12 11:07:43 - [MESSAGE][INFO] - Checking called Test Case

2021-11-12 11:07:43 - [MESSAGE][INFO] - Starting to call Test Case 'Test Cases/Sayfalar/Giris_Sayfasi/Login'

2021-11-12 11:07:43 - [TEST_CASE][PASSED] - Test Cases/Sayfalar/Giris_Sayfasi/Login: Test Cases/Sayfalar/Giris_Sayfasi/Login

2021-11-12 11:07:43 - [TEST_STEP][PASSED] - Sayfa_Basligi = getWindowTitle(): Current window's title is: 'LOGO e-Fatura'

2021-11-12 11:07:43 - [MESSAGE][INFO] - Getting current window's title

2021-11-12 11:07:43 - [MESSAGE][PASSED] - Current window's title is: 'LOGO e-Fatura'

2021-11-12 11:07:43 - [TEST_STEP][PASSED] - verifyMatch(Sayfa_Basligi, "LOGO e-Fatura", false): Actual text 'LOGO e-Fatura' and expected text 'LOGO e-Fatura' are matched 

2021-11-12 11:07:43 - [MESSAGE][INFO] - Matching actual text 'LOGO e-Fatura' with expected text 'LOGO e-Fatura'

2021-11-12 11:07:43 - [MESSAGE][PASSED] - Actual text 'LOGO e-Fatura' and expected text 'LOGO e-Fatura' are matched 

2021-11-12 11:07:43 - [TEST_STEP][PASSED] - sendKeys(findTestObject("Sayfalar/Giris_Sayfasi/Firma_Kodu"), KullaniciAdi): Keys 'ELOGO6' sent to object: 'Object Repository/Sayfalar/Giris_Sayfasi/Firma_Kodu'

2021-11-12 11:07:43 - [MESSAGE][INFO] - Finding Test Object 'Object Repository/Sayfalar/Giris_Sayfasi/Firma_Kodu'

2021-11-12 11:07:43 - [MESSAGE][INFO] - Sending keys 'ELOGO6' to object: 'Object Repository/Sayfalar/Giris_Sayfasi/Firma_Kodu'

2021-11-12 11:07:43 - [MESSAGE][INFO] - Finding web element from Test Object's properties

2021-11-12 11:07:43 - [MESSAGE][INFO] - Checking timeout

2021-11-12 11:07:43 - [MESSAGE][INFO] - Finding web element with id: 'Object Repository/Sayfalar/Giris_Sayfasi/Firma_Kodu' located by 'By.xpath: //*[@id = 'AccountName']' in '30' second(s)

2021-11-12 11:07:43 - [MESSAGE][INFO] - Smart Wait Function is triggered

2021-11-12 11:07:43 - [MESSAGE][INFO] - Found 1 web elements with id: 'Object Repository/Sayfalar/Giris_Sayfasi/Firma_Kodu' located by 'By.xpath: //*[@id = 'AccountName']' in '30' second(s)

2021-11-12 11:07:44 - [MESSAGE][PASSED] - Keys 'ELOGO6' sent to object: 'Object Repository/Sayfalar/Giris_Sayfasi/Firma_Kodu'

2021-11-12 11:07:44 - [TEST_STEP][PASSED] - sendKeys(findTestObject("Sayfalar/Giris_Sayfasi/Sifre"), Sifre): Keys '123456' sent to object: 'Object Repository/Sayfalar/Giris_Sayfasi/Sifre'

2021-11-12 11:07:44 - [MESSAGE][INFO] - Finding Test Object 'Object Repository/Sayfalar/Giris_Sayfasi/Sifre'

2021-11-12 11:07:44 - [MESSAGE][INFO] - Sending keys '123456' to object: 'Object Repository/Sayfalar/Giris_Sayfasi/Sifre'

2021-11-12 11:07:44 - [MESSAGE][INFO] - Finding web element from Test Object's properties

2021-11-12 11:07:44 - [MESSAGE][INFO] - Checking timeout

2021-11-12 11:07:44 - [MESSAGE][INFO] - Finding web element with id: 'Object Repository/Sayfalar/Giris_Sayfasi/Sifre' located by 'By.xpath: //*[@id = 'Password']' in '30' second(s)

2021-11-12 11:07:44 - [MESSAGE][INFO] - Smart Wait Function is triggered

2021-11-12 11:07:44 - [MESSAGE][INFO] - Found 1 web elements with id: 'Object Repository/Sayfalar/Giris_Sayfasi/Sifre' located by 'By.xpath: //*[@id = 'Password']' in '30' second(s)

2021-11-12 11:07:44 - [MESSAGE][PASSED] - Keys '123456' sent to object: 'Object Repository/Sayfalar/Giris_Sayfasi/Sifre'

2021-11-12 11:07:44 - [TEST_STEP][PASSED] - findWebElement(findTestObject("Sayfalar/Giris_Sayfasi/Giris_Butonu")).click(): Found 1 web elements with id: 'Object Repository/Sayfalar/Giris_Sayfasi/Giris_Butonu' located by 'By.cssSelector: #btnLogin' in '30' second(s)

2021-11-12 11:07:44 - [MESSAGE][INFO] - Finding Test Object 'Object Repository/Sayfalar/Giris_Sayfasi/Giris_Butonu'

2021-11-12 11:07:44 - [MESSAGE][INFO] - Finding web element from Test Object's properties

2021-11-12 11:07:44 - [MESSAGE][INFO] - Checking timeout

2021-11-12 11:07:44 - [MESSAGE][INFO] - Finding web element with id: 'Object Repository/Sayfalar/Giris_Sayfasi/Giris_Butonu' located by 'By.cssSelector: #btnLogin' in '30' second(s)

2021-11-12 11:07:44 - [MESSAGE][INFO] - Smart Wait Function is triggered

2021-11-12 11:07:44 - [MESSAGE][INFO] - Found 1 web elements with id: 'Object Repository/Sayfalar/Giris_Sayfasi/Giris_Butonu' located by 'By.cssSelector: #btnLogin' in '30' second(s)

2021-11-12 11:07:48 - [TEST_STEP][PASSED] - if (verifyElementPresent(findTestObject("Object Repository/Sayfalar/Giris_Sayfasi/RetveTamam_Butonu"), 5, OPTIONAL)): null

2021-11-12 11:07:48 - [MESSAGE][INFO] - Finding Test Object 'Object Repository/Sayfalar/Giris_Sayfasi/RetveTamam_Butonu'

2021-11-12 11:07:48 - [MESSAGE][INFO] - Checking object

2021-11-12 11:07:48 - [MESSAGE][INFO] - Finding web element from Test Object's properties

2021-11-12 11:07:48 - [MESSAGE][INFO] - Checking timeout

2021-11-12 11:07:48 - [MESSAGE][INFO] - Finding web element with id: 'Object Repository/Sayfalar/Giris_Sayfasi/RetveTamam_Butonu' located by 'By.xpath: //*[@class = 'btn btn-default']' in '5' second(s)

2021-11-12 11:07:48 - [MESSAGE][INFO] - Smart Wait Function is triggered

2021-11-12 11:07:48 - [MESSAGE][INFO] - Found 1 web elements with id: 'Object Repository/Sayfalar/Giris_Sayfasi/RetveTamam_Butonu' located by 'By.xpath: //*[@class = 'btn btn-default']' in '5' second(s)

2021-11-12 11:07:48 - [MESSAGE][PASSED] - Object 'Object Repository/Sayfalar/Giris_Sayfasi/RetveTamam_Butonu' is present

2021-11-12 11:07:48 - [TEST_STEP][PASSED] - click(findTestObject("Object Repository/Sayfalar/Giris_Sayfasi/RetveTamam_Butonu")): Object: 'Object Repository/Sayfalar/Giris_Sayfasi/RetveTamam_Butonu' is clicked on

2021-11-12 11:07:48 - [MESSAGE][INFO] - Finding Test Object 'Object Repository/Sayfalar/Giris_Sayfasi/RetveTamam_Butonu'

2021-11-12 11:07:49 - [MESSAGE][INFO] - Checking object

2021-11-12 11:07:49 - [MESSAGE][INFO] - Finding web element from Test Object's properties

2021-11-12 11:07:49 - [MESSAGE][INFO] - Checking timeout

2021-11-12 11:07:49 - [MESSAGE][INFO] - Finding web element with id: 'Object Repository/Sayfalar/Giris_Sayfasi/RetveTamam_Butonu' located by 'By.xpath: //*[@class = 'btn btn-default']' in '30' second(s)

2021-11-12 11:07:49 - [MESSAGE][INFO] - Smart Wait Function is triggered

2021-11-12 11:07:49 - [MESSAGE][INFO] - Found 1 web elements with id: 'Object Repository/Sayfalar/Giris_Sayfasi/RetveTamam_Butonu' located by 'By.xpath: //*[@class = 'btn btn-default']' in '30' second(s)

2021-11-12 11:07:49 - [MESSAGE][INFO] - Clicking on object: 'Object Repository/Sayfalar/Giris_Sayfasi/RetveTamam_Butonu'

2021-11-12 11:07:49 - [MESSAGE][PASSED] - Object: 'Object Repository/Sayfalar/Giris_Sayfasi/RetveTamam_Butonu' is clicked on

2021-11-12 11:07:49 - [TEST_STEP][PASSED] - click(findTestObject("Object Repository/Sayfalar/Giris_Sayfasi/RetveTamam_Butonu")): Object: 'Object Repository/Sayfalar/Giris_Sayfasi/RetveTamam_Butonu' is clicked on

2021-11-12 11:07:49 - [MESSAGE][INFO] - Finding Test Object 'Object Repository/Sayfalar/Giris_Sayfasi/RetveTamam_Butonu'

2021-11-12 11:07:49 - [MESSAGE][INFO] - Checking object

2021-11-12 11:07:49 - [MESSAGE][INFO] - Finding web element from Test Object's properties

2021-11-12 11:07:49 - [MESSAGE][INFO] - Checking timeout

2021-11-12 11:07:49 - [MESSAGE][INFO] - Finding web element with id: 'Object Repository/Sayfalar/Giris_Sayfasi/RetveTamam_Butonu' located by 'By.xpath: //*[@class = 'btn btn-default']' in '30' second(s)

2021-11-12 11:07:49 - [MESSAGE][INFO] - Smart Wait Function is triggered

2021-11-12 11:07:57 - [MESSAGE][INFO] - Found 1 web elements with id: 'Object Repository/Sayfalar/Giris_Sayfasi/RetveTamam_Butonu' located by 'By.xpath: //*[@class = 'btn btn-default']' in '30' second(s)

2021-11-12 11:07:57 - [MESSAGE][INFO] - Clicking on object: 'Object Repository/Sayfalar/Giris_Sayfasi/RetveTamam_Butonu'

2021-11-12 11:07:57 - [MESSAGE][PASSED] - Object: 'Object Repository/Sayfalar/Giris_Sayfasi/RetveTamam_Butonu' is clicked on

2021-11-12 11:07:57 - [TEST_STEP][PASSED] - if (verifyElementPresent(findTestObject("Sayfalar/Giris_Sayfasi/PopupOK"), 5, OPTIONAL)): null

2021-11-12 11:07:57 - [MESSAGE][INFO] - Finding Test Object 'Object Repository/Sayfalar/Giris_Sayfasi/PopupOK'

2021-11-12 11:07:57 - [MESSAGE][INFO] - Checking object

2021-11-12 11:07:57 - [MESSAGE][INFO] - Finding web element from Test Object's properties

2021-11-12 11:07:57 - [MESSAGE][INFO] - Checking timeout

2021-11-12 11:07:57 - [MESSAGE][INFO] - Finding web element with id: 'Object Repository/Sayfalar/Giris_Sayfasi/PopupOK' located by 'By.cssSelector: .btn.btn-success' in '5' second(s)

2021-11-12 11:07:57 - [MESSAGE][INFO] - Smart Wait Function is triggered

2021-11-12 11:07:58 - [MESSAGE][INFO] - Found 1 web elements with id: 'Object Repository/Sayfalar/Giris_Sayfasi/PopupOK' located by 'By.cssSelector: .btn.btn-success' in '5' second(s)

2021-11-12 11:07:58 - [MESSAGE][PASSED] - Object 'Object Repository/Sayfalar/Giris_Sayfasi/PopupOK' is present

2021-11-12 11:07:58 - [TEST_STEP][PASSED] - click(findTestObject("Object Repository/Sayfalar/Giris_Sayfasi/PopupCarpiGiris")): Object: 'Object Repository/Sayfalar/Giris_Sayfasi/PopupCarpiGiris' is clicked on

2021-11-12 11:07:58 - [MESSAGE][INFO] - Finding Test Object 'Object Repository/Sayfalar/Giris_Sayfasi/PopupCarpiGiris'

2021-11-12 11:07:58 - [MESSAGE][INFO] - Checking object

2021-11-12 11:07:58 - [MESSAGE][INFO] - Finding web element from Test Object's properties

2021-11-12 11:07:58 - [MESSAGE][INFO] - Checking timeout

2021-11-12 11:07:58 - [MESSAGE][INFO] - Finding web element with id: 'Object Repository/Sayfalar/Giris_Sayfasi/PopupCarpiGiris' located by 'By.cssSelector: .bootbox-close-button.close' in '30' second(s)

2021-11-12 11:07:58 - [MESSAGE][INFO] - Smart Wait Function is triggered

2021-11-12 11:07:58 - [MESSAGE][INFO] - Found 1 web elements with id: 'Object Repository/Sayfalar/Giris_Sayfasi/PopupCarpiGiris' located by 'By.cssSelector: .bootbox-close-button.close' in '30' second(s)

2021-11-12 11:07:58 - [MESSAGE][INFO] - Clicking on object: 'Object Repository/Sayfalar/Giris_Sayfasi/PopupCarpiGiris'

2021-11-12 11:07:58 - [MESSAGE][PASSED] - Object: 'Object Repository/Sayfalar/Giris_Sayfasi/PopupCarpiGiris' is clicked on

2021-11-12 11:07:58 - [TEST_STEP][PASSED] - verifyElementVisible(findTestObject("Object Repository/Kullanici_Islemleri/KullaniciIslemleri")): Object 'Object Repository/Kullanici_Islemleri/KullaniciIslemleri' is visible

2021-11-12 11:07:58 - [MESSAGE][INFO] - Finding Test Object 'Object Repository/Kullanici_Islemleri/KullaniciIslemleri'

2021-11-12 11:07:58 - [MESSAGE][INFO] - Checking object

2021-11-12 11:07:58 - [MESSAGE][INFO] - Finding web element from Test Object's properties

2021-11-12 11:07:58 - [MESSAGE][INFO] - Checking timeout

2021-11-12 11:07:58 - [MESSAGE][INFO] - Finding web element with id: 'Object Repository/Kullanici_Islemleri/KullaniciIslemleri' located by 'By.cssSelector: .dropdown>a>img' in '30' second(s)

2021-11-12 11:07:58 - [MESSAGE][INFO] - Smart Wait Function is triggered

2021-11-12 11:07:59 - [MESSAGE][INFO] - Found 1 web elements with id: 'Object Repository/Kullanici_Islemleri/KullaniciIslemleri' located by 'By.cssSelector: .dropdown>a>img' in '30' second(s)

2021-11-12 11:07:59 - [MESSAGE][PASSED] - Object 'Object Repository/Kullanici_Islemleri/KullaniciIslemleri' is visible

2021-11-12 11:07:59 - [MESSAGE][PASSED] - Call Test Case 'Test Cases/Sayfalar/Giris_Sayfasi/Login' successfully

2021-11-12 11:07:59 - [MESSAGE][INFO] - Checking called Test Case

2021-11-12 11:07:59 - [MESSAGE][INFO] - Starting to call Test Case 'Test Cases/Menu/AnaMenuSecimi'

2021-11-12 11:07:59 - [TEST_CASE][PASSED] - Test Cases/Menu/AnaMenuSecimi: Test Cases/Menu/AnaMenuSecimi

2021-11-12 11:07:59 - [TEST_STEP][PASSED] - Method.TextDegerineEsitElementeTikla(findTestObject("Menu/Ana_Menu"), Ana_Menu): Method.TextDegerineEsitElementeTikla is PASSED

2021-11-12 11:07:59 - [MESSAGE][INFO] - Finding Test Object 'Object Repository/Menu/Ana_Menu'

2021-11-12 11:07:59 - [MESSAGE][INFO] - Checking timeout

2021-11-12 11:07:59 - [MESSAGE][INFO] - Finding web element with id: 'Object Repository/Menu/Ana_Menu' located by 'By.xpath: //*[@class = 'dropdown-toggle']' in '10' second(s)

2021-11-12 11:07:59 - [MESSAGE][INFO] - Smart Wait Function is triggered

2021-11-12 11:07:59 - [MESSAGE][INFO] - Found 14 web elements with id: 'Object Repository/Menu/Ana_Menu' located by 'By.xpath: //*[@class = 'dropdown-toggle']' in '10' second(s)

2021-11-12 11:07:59 - [MESSAGE][PASSED] - Method.TextDegerineEsitElementeTikla is PASSED

2021-11-12 11:07:59 - [MESSAGE][PASSED] - Call Test Case 'Test Cases/Menu/AnaMenuSecimi' successfully

2021-11-12 11:07:59 - [MESSAGE][INFO] - Checking called Test Case

2021-11-12 11:07:59 - [MESSAGE][INFO] - Starting to call Test Case 'Test Cases/Menu/BasligaGoreAltMenuSecimi'

2021-11-12 11:07:59 - [TEST_CASE][PASSED] - Test Cases/Menu/BasligaGoreAltMenuSecimi: Test Cases/Menu/BasligaGoreAltMenuSecimi

2021-11-12 11:07:59 - [TEST_STEP][PASSED] - Method.TextDegerineEsitElementinAltindakiTextDegerineEsitOlanaTikla(findTestObject("Menu/Menu_Basligi"), findTestObject("Menu/Basliga_Gore_Alt_Menu"), Baslik, Alt_Menu): Method.TextDegerineEsitElementinAltindakiTextDegerineEsitOlanaTikla is PASSED

2021-11-12 11:07:59 - [MESSAGE][INFO] - Finding Test Object 'Object Repository/Menu/Menu_Basligi'

2021-11-12 11:08:00 - [MESSAGE][INFO] - Finding Test Object 'Object Repository/Menu/Basliga_Gore_Alt_Menu'

2021-11-12 11:08:00 - [MESSAGE][INFO] - Checking timeout

2021-11-12 11:08:00 - [MESSAGE][INFO] - Finding web element with id: 'Object Repository/Menu/Menu_Basligi' located by 'By.xpath: //li[@class='dropdown dropdown-large open']//li[@class='dropdown-header']' in '10' second(s)

2021-11-12 11:08:00 - [MESSAGE][INFO] - Smart Wait Function is triggered

2021-11-12 11:08:00 - [MESSAGE][INFO] - Found 2 web elements with id: 'Object Repository/Menu/Menu_Basligi' located by 'By.xpath: //li[@class='dropdown dropdown-large open']//li[@class='dropdown-header']' in '10' second(s)

2021-11-12 11:08:00 - [MESSAGE][INFO] - Smart Wait Function is triggered

2021-11-12 11:08:03 - [MESSAGE][PASSED] - Method.TextDegerineEsitElementinAltindakiTextDegerineEsitOlanaTikla is PASSED

2021-11-12 11:08:03 - [MESSAGE][PASSED] - Call Test Case 'Test Cases/Menu/BasligaGoreAltMenuSecimi' successfully

2021-11-12 11:08:03 - [MESSAGE][INFO] - Checking called Test Case

2021-11-12 11:08:03 - [MESSAGE][INFO] - Starting to call Test Case 'Test Cases/Filtreler/ButonaTikla'

2021-11-12 11:08:03 - [TEST_CASE][PASSED] - Test Cases/Filtreler/ButonaTikla: Test Cases/Filtreler/ButonaTikla

2021-11-12 11:08:03 - [TEST_STEP][PASSED] - Method.TextDegerineEsitElementeTikla(findTestObject("Filtreler/Butonlar"), Filtre_Buton): Method.TextDegerineEsitElementeTikla is PASSED

2021-11-12 11:08:03 - [MESSAGE][INFO] - Finding Test Object 'Object Repository/Filtreler/Butonlar'

2021-11-12 11:08:03 - [MESSAGE][INFO] - Checking timeout

2021-11-12 11:08:03 - [MESSAGE][INFO] - Finding web element with id: 'Object Repository/Filtreler/Butonlar' located by 'By.cssSelector: .dxb>span' in '10' second(s)

2021-11-12 11:08:03 - [MESSAGE][INFO] - Smart Wait Function is triggered

2021-11-12 11:08:03 - [MESSAGE][INFO] - Found 1 web elements with id: 'Object Repository/Filtreler/Butonlar' located by 'By.cssSelector: .dxb>span' in '10' second(s)

2021-11-12 11:08:04 - [MESSAGE][PASSED] - Method.TextDegerineEsitElementeTikla is PASSED

2021-11-12 11:08:04 - [MESSAGE][PASSED] - Call Test Case 'Test Cases/Filtreler/ButonaTikla' successfully

2021-11-12 11:08:04 - [MESSAGE][INFO] - Checking called Test Case

2021-11-12 11:08:04 - [MESSAGE][INFO] - Starting to call Test Case 'Test Cases/Tablo/YilSecilir'

2021-11-12 11:08:04 - [TEST_CASE][PASSED] - Test Cases/Tablo/YilSecilir: Test Cases/Tablo/YilSecilir

2021-11-12 11:08:04 - [TEST_STEP][PASSED] - click(findTestObject("Object Repository/Tablo/YilDropdown"), STOP_ON_FAILURE): Object: 'Object Repository/Tablo/YilDropdown' is clicked on

2021-11-12 11:08:04 - [MESSAGE][INFO] - Finding Test Object 'Object Repository/Tablo/YilDropdown'

2021-11-12 11:08:05 - [MESSAGE][INFO] - Checking object

2021-11-12 11:08:05 - [MESSAGE][INFO] - Finding web element from Test Object's properties

2021-11-12 11:08:05 - [MESSAGE][INFO] - Checking timeout

2021-11-12 11:08:05 - [MESSAGE][INFO] - Finding web element with id: 'Object Repository/Tablo/YilDropdown' located by 'By.xpath: //*[@id = 'EBookYear_B-1Img']' in '30' second(s)

2021-11-12 11:08:05 - [MESSAGE][INFO] - Smart Wait Function is triggered

2021-11-12 11:08:05 - [MESSAGE][INFO] - Found 1 web elements with id: 'Object Repository/Tablo/YilDropdown' located by 'By.xpath: //*[@id = 'EBookYear_B-1Img']' in '30' second(s)

2021-11-12 11:08:05 - [MESSAGE][INFO] - Clicking on object: 'Object Repository/Tablo/YilDropdown'

2021-11-12 11:08:05 - [MESSAGE][PASSED] - Object: 'Object Repository/Tablo/YilDropdown' is clicked on

2021-11-12 11:08:05 - [TEST_STEP][PASSED] - delay(2): Delayed 2 second(s)

2021-11-12 11:08:05 - [MESSAGE][INFO] - Delaying browser in 2 second(s)

2021-11-12 11:08:07 - [MESSAGE][PASSED] - Delayed 2 second(s)

2021-11-12 11:08:07 - [TEST_STEP][PASSED] - Method.TextDegerineEsitElementeTikla(findTestObject("Object Repository/Tablo/Yil"), Yil): Method.TextDegerineEsitElementeTikla is PASSED

2021-11-12 11:08:07 - [MESSAGE][INFO] - Finding Test Object 'Object Repository/Tablo/Yil'

2021-11-12 11:08:07 - [MESSAGE][INFO] - Checking timeout

2021-11-12 11:08:07 - [MESSAGE][INFO] - Finding web element with id: 'Object Repository/Tablo/Yil' located by 'By.xpath: //*[@class = 'dxeListBoxItemRow_LECustomTheme']' in '10' second(s)

2021-11-12 11:08:07 - [MESSAGE][INFO] - Smart Wait Function is triggered

2021-11-12 11:08:07 - [MESSAGE][INFO] - Found 2 web elements with id: 'Object Repository/Tablo/Yil' located by 'By.xpath: //*[@class = 'dxeListBoxItemRow_LECustomTheme']' in '10' second(s)

2021-11-12 11:08:07 - [MESSAGE][PASSED] - Method.TextDegerineEsitElementeTikla is PASSED

2021-11-12 11:08:07 - [MESSAGE][PASSED] - Call Test Case 'Test Cases/Tablo/YilSecilir' successfully

2021-11-12 11:08:07 - [MESSAGE][INFO] - Checking called Test Case

2021-11-12 11:08:07 - [MESSAGE][INFO] - Starting to call Test Case 'Test Cases/Filtreler/ButonaTikla'

2021-11-12 11:08:07 - [TEST_CASE][PASSED] - Test Cases/Filtreler/ButonaTikla: Test Cases/Filtreler/ButonaTikla

2021-11-12 11:08:07 - [TEST_STEP][PASSED] - Method.TextDegerineEsitElementeTikla(findTestObject("Filtreler/Butonlar"), Filtre_Buton): Method.TextDegerineEsitElementeTikla is PASSED

2021-11-12 11:08:07 - [MESSAGE][INFO] - Finding Test Object 'Object Repository/Filtreler/Butonlar'

2021-11-12 11:08:07 - [MESSAGE][INFO] - Checking timeout

2021-11-12 11:08:07 - [MESSAGE][INFO] - Finding web element with id: 'Object Repository/Filtreler/Butonlar' located by 'By.cssSelector: .dxb>span' in '10' second(s)

2021-11-12 11:08:07 - [MESSAGE][INFO] - Smart Wait Function is triggered

2021-11-12 11:08:08 - [MESSAGE][INFO] - Found 1 web elements with id: 'Object Repository/Filtreler/Butonlar' located by 'By.cssSelector: .dxb>span' in '10' second(s)

2021-11-12 11:08:08 - [MESSAGE][PASSED] - Method.TextDegerineEsitElementeTikla is PASSED

2021-11-12 11:08:08 - [MESSAGE][PASSED] - Call Test Case 'Test Cases/Filtreler/ButonaTikla' successfully

2021-11-12 11:08:08 - [MESSAGE][INFO] - Checking called Test Case

2021-11-12 11:08:08 - [MESSAGE][INFO] - Starting to call Test Case 'Test Cases/Tablo/KlasorAcilir'

2021-11-12 11:08:08 - [TEST_CASE][PASSED] - Test Cases/Tablo/KlasorAcilir: Test Cases/Tablo/KlasorAcilir

2021-11-12 11:08:08 - [TEST_STEP][PASSED] - Method.TextDegerineEsitElementinAltindakineTikla(findTestObject("Object Repository/Tablo/Klasorler"), findTestObject("Object Repository/Tablo/KlasorAc"), Klasor): Method.TextDegerineEsitElementinAltindakineTikla is PASSED

2021-11-12 11:08:08 - [MESSAGE][INFO] - Finding Test Object 'Object Repository/Tablo/Klasorler'

2021-11-12 11:08:08 - [MESSAGE][INFO] - Finding Test Object 'Object Repository/Tablo/KlasorAc'

2021-11-12 11:08:09 - [MESSAGE][INFO] - Checking timeout

2021-11-12 11:08:09 - [MESSAGE][INFO] - Finding web element with id: 'Object Repository/Tablo/Klasorler' located by 'By.cssSelector: .dxtl.dxtl__B0' in '10' second(s)

2021-11-12 11:08:09 - [MESSAGE][INFO] - Smart Wait Function is triggered

2021-11-12 11:08:09 - [MESSAGE][INFO] - Found 6 web elements with id: 'Object Repository/Tablo/Klasorler' located by 'By.cssSelector: .dxtl.dxtl__B0' in '10' second(s)

2021-11-12 11:08:09 - [MESSAGE][INFO] - Smart Wait Function is triggered

2021-11-12 11:08:09 - [MESSAGE][PASSED] - Method.TextDegerineEsitElementinAltindakineTikla is PASSED

2021-11-12 11:08:09 - [MESSAGE][PASSED] - Call Test Case 'Test Cases/Tablo/KlasorAcilir' successfully

2021-11-12 11:08:09 - [MESSAGE][INFO] - Checking called Test Case

2021-11-12 11:08:09 - [MESSAGE][INFO] - Starting to call Test Case 'Test Cases/Tablo/KlasorAcilir'

2021-11-12 11:08:09 - [TEST_CASE][PASSED] - Test Cases/Tablo/KlasorAcilir: Test Cases/Tablo/KlasorAcilir

2021-11-12 11:08:09 - [TEST_STEP][PASSED] - Method.TextDegerineEsitElementinAltindakineTikla(findTestObject("Object Repository/Tablo/Klasorler"), findTestObject("Object Repository/Tablo/KlasorAc"), Klasor): Method.TextDegerineEsitElementinAltindakineTikla is PASSED

2021-11-12 11:08:09 - [MESSAGE][INFO] - Finding Test Object 'Object Repository/Tablo/Klasorler'

2021-11-12 11:08:09 - [MESSAGE][INFO] - Finding Test Object 'Object Repository/Tablo/KlasorAc'

2021-11-12 11:08:09 - [MESSAGE][INFO] - Checking timeout

2021-11-12 11:08:09 - [MESSAGE][INFO] - Finding web element with id: 'Object Repository/Tablo/Klasorler' located by 'By.cssSelector: .dxtl.dxtl__B0' in '10' second(s)

2021-11-12 11:08:09 - [MESSAGE][INFO] - Smart Wait Function is triggered

2021-11-12 11:08:10 - [MESSAGE][INFO] - Found 18 web elements with id: 'Object Repository/Tablo/Klasorler' located by 'By.cssSelector: .dxtl.dxtl__B0' in '10' second(s)

2021-11-12 11:08:10 - [MESSAGE][INFO] - Smart Wait Function is triggered

2021-11-12 11:08:10 - [MESSAGE][PASSED] - Method.TextDegerineEsitElementinAltindakineTikla is PASSED

2021-11-12 11:08:10 - [MESSAGE][PASSED] - Call Test Case 'Test Cases/Tablo/KlasorAcilir' successfully

2021-11-12 11:08:10 - [MESSAGE][INFO] - Checking called Test Case

2021-11-12 11:08:10 - [MESSAGE][INFO] - Starting to call Test Case 'Test Cases/Tablo/KlasorAcilir'

2021-11-12 11:08:10 - [TEST_CASE][PASSED] - Test Cases/Tablo/KlasorAcilir: Test Cases/Tablo/KlasorAcilir

2021-11-12 11:08:10 - [TEST_STEP][PASSED] - Method.TextDegerineEsitElementinAltindakineTikla(findTestObject("Object Repository/Tablo/Klasorler"), findTestObject("Object Repository/Tablo/KlasorAc"), Klasor): Method.TextDegerineEsitElementinAltindakineTikla is PASSED

2021-11-12 11:08:10 - [MESSAGE][INFO] - Finding Test Object 'Object Repository/Tablo/Klasorler'

2021-11-12 11:08:10 - [MESSAGE][INFO] - Finding Test Object 'Object Repository/Tablo/KlasorAc'

2021-11-12 11:08:10 - [MESSAGE][INFO] - Checking timeout

2021-11-12 11:08:10 - [MESSAGE][INFO] - Finding web element with id: 'Object Repository/Tablo/Klasorler' located by 'By.cssSelector: .dxtl.dxtl__B0' in '10' second(s)

2021-11-12 11:08:10 - [MESSAGE][INFO] - Smart Wait Function is triggered

2021-11-12 11:08:11 - [MESSAGE][INFO] - Found 24 web elements with id: 'Object Repository/Tablo/Klasorler' located by 'By.cssSelector: .dxtl.dxtl__B0' in '10' second(s)

2021-11-12 11:08:11 - [MESSAGE][INFO] - Smart Wait Function is triggered

2021-11-12 11:08:11 - [MESSAGE][PASSED] - Method.TextDegerineEsitElementinAltindakineTikla is PASSED

2021-11-12 11:08:11 - [MESSAGE][PASSED] - Call Test Case 'Test Cases/Tablo/KlasorAcilir' successfully

2021-11-12 11:08:11 - [MESSAGE][INFO] - Checking called Test Case

2021-11-12 11:08:11 - [MESSAGE][INFO] - Starting to call Test Case 'Test Cases/Tablo/KlasorSecilir'

2021-11-12 11:08:11 - [TEST_CASE][PASSED] - Test Cases/Tablo/KlasorSecilir: Test Cases/Tablo/KlasorSecilir

2021-11-12 11:08:11 - [TEST_STEP][PASSED] - Method.KlasorSec(findTestObject("Tablo/Klasorler"), findTestObject("Tablo/KlasorSec"), Klasor): Method.KlasorSec is PASSED

2021-11-12 11:08:11 - [MESSAGE][INFO] - Finding Test Object 'Object Repository/Tablo/Klasorler'

2021-11-12 11:08:12 - [MESSAGE][INFO] - Finding Test Object 'Object Repository/Tablo/KlasorSec'

2021-11-12 11:08:12 - [MESSAGE][INFO] - Checking timeout

2021-11-12 11:08:12 - [MESSAGE][INFO] - Finding web element with id: 'Object Repository/Tablo/Klasorler' located by 'By.cssSelector: .dxtl.dxtl__B0' in '10' second(s)

2021-11-12 11:08:12 - [MESSAGE][INFO] - Smart Wait Function is triggered

2021-11-12 11:08:12 - [MESSAGE][INFO] - Found 30 web elements with id: 'Object Repository/Tablo/Klasorler' located by 'By.cssSelector: .dxtl.dxtl__B0' in '10' second(s)

2021-11-12 11:08:12 - [MESSAGE][INFO] - Smart Wait Function is triggered

2021-11-12 11:08:13 - [MESSAGE][INFO] - Smart Wait Function is triggered

2021-11-12 11:08:13 - [MESSAGE][PASSED] - Method.KlasorSec is PASSED

2021-11-12 11:08:13 - [MESSAGE][PASSED] - Call Test Case 'Test Cases/Tablo/KlasorSecilir' successfully

2021-11-12 11:08:13 - [MESSAGE][INFO] - Checking called Test Case

2021-11-12 11:08:13 - [MESSAGE][INFO] - Starting to call Test Case 'Test Cases/Butonlar/ButonaTikla'

2021-11-12 11:08:13 - [TEST_CASE][PASSED] - Test Cases/Butonlar/ButonaTikla: Test Cases/Butonlar/ButonaTikla

2021-11-12 11:08:13 - [TEST_STEP][PASSED] - Method.TextDegerineEsitElementeTiklaEquals(findTestObject("Butonlar/Butonlar"), Buton_Adi): Method.TextDegerineEsitElementeTiklaEquals is PASSED

2021-11-12 11:08:13 - [MESSAGE][INFO] - Finding Test Object 'Object Repository/Butonlar/Butonlar'

2021-11-12 11:08:13 - [MESSAGE][INFO] - Checking timeout

2021-11-12 11:08:13 - [MESSAGE][INFO] - Finding web element with id: 'Object Repository/Butonlar/Butonlar' located by 'By.cssSelector: .panel.panel-default.text-center.footerPanel .btn,.btn.btn-primary.btnControls' in '10' second(s)

2021-11-12 11:08:13 - [MESSAGE][INFO] - Smart Wait Function is triggered

2021-11-12 11:08:14 - [MESSAGE][INFO] - Found 9 web elements with id: 'Object Repository/Butonlar/Butonlar' located by 'By.cssSelector: .panel.panel-default.text-center.footerPanel .btn,.btn.btn-primary.btnControls' in '10' second(s)

2021-11-12 11:08:14 - [MESSAGE][PASSED] - Method.TextDegerineEsitElementeTiklaEquals is PASSED

2021-11-12 11:08:14 - [MESSAGE][PASSED] - Call Test Case 'Test Cases/Butonlar/ButonaTikla' successfully

2021-11-12 11:08:14 - [MESSAGE][INFO] - Checking called Test Case

2021-11-12 11:08:14 - [MESSAGE][INFO] - Starting to call Test Case 'Test Cases/Popup/PopupMesajiIceriyorMu'

2021-11-12 11:08:14 - [TEST_CASE][PASSED] - Test Cases/Popup/PopupMesajiIceriyorMu: Test Cases/Popup/PopupMesajiIceriyorMu

2021-11-12 11:08:14 - [TEST_STEP][PASSED] - waitForElementVisible(findTestObject("Popup/Popup"), 10): Object 'Object Repository/Popup/Popup' is visible

2021-11-12 11:08:14 - [MESSAGE][INFO] - Finding Test Object 'Object Repository/Popup/Popup'

2021-11-12 11:08:14 - [MESSAGE][INFO] - Checking object

2021-11-12 11:08:14 - [MESSAGE][INFO] - Checking timeout

2021-11-12 11:08:14 - [MESSAGE][INFO] - Finding web element from Test Object's properties

2021-11-12 11:08:14 - [MESSAGE][INFO] - Checking timeout

2021-11-12 11:08:14 - [MESSAGE][INFO] - Finding web element with id: 'Object Repository/Popup/Popup' located by 'By.cssSelector: .bootbox-body' in '10' second(s)

2021-11-12 11:08:14 - [MESSAGE][INFO] - Smart Wait Function is triggered

2021-11-12 11:08:15 - [MESSAGE][INFO] - Found 1 web elements with id: 'Object Repository/Popup/Popup' located by 'By.cssSelector: .bootbox-body' in '10' second(s)

2021-11-12 11:08:15 - [MESSAGE][PASSED] - Object 'Object Repository/Popup/Popup' is visible

2021-11-12 11:08:15 - [TEST_STEP][PASSED] - if (!(getText(findTestObject("Popup/Popup")).contains(Mesaj))): Text of object 'Object Repository/Popup/Popup' is: 'Seçili e-Defter dosyaları indirilecek!

6090408038-202001-Y-000000-0001.zip

Devam etmek istiyor musunuz?'

2021-11-12 11:08:15 - [MESSAGE][INFO] - Finding Test Object 'Object Repository/Popup/Popup'

2021-11-12 11:08:15 - [MESSAGE][INFO] - Checking object

2021-11-12 11:08:15 - [MESSAGE][INFO] - Finding web element from Test Object's properties

2021-11-12 11:08:15 - [MESSAGE][INFO] - Checking timeout

2021-11-12 11:08:15 - [MESSAGE][INFO] - Finding web element with id: 'Object Repository/Popup/Popup' located by 'By.cssSelector: .bootbox-body' in '30' second(s)

2021-11-12 11:08:15 - [MESSAGE][INFO] - Smart Wait Function is triggered

2021-11-12 11:08:15 - [MESSAGE][INFO] - Found 1 web elements with id: 'Object Repository/Popup/Popup' located by 'By.cssSelector: .bootbox-body' in '30' second(s)

2021-11-12 11:08:15 - [MESSAGE][INFO] - Getting text of object 'Object Repository/Popup/Popup'

2021-11-12 11:08:15 - [MESSAGE][PASSED] - Text of object 'Object Repository/Popup/Popup' is: 'Seçili e-Defter dosyaları indirilecek!

6090408038-202001-Y-000000-0001.zip

Devam etmek istiyor musunuz?'

2021-11-12 11:08:15 - [TEST_STEP][PASSED] - RaporNo = getText(findTestObject("Popup/Popup")).substring(0, 6): Text of object 'Object Repository/Popup/Popup' is: 'Seçili e-Defter dosyaları indirilecek!

6090408038-202001-Y-000000-0001.zip

Devam etmek istiyor musunuz?'

2021-11-12 11:08:15 - [MESSAGE][INFO] - Finding Test Object 'Object Repository/Popup/Popup'

2021-11-12 11:08:15 - [MESSAGE][INFO] - Checking object

2021-11-12 11:08:15 - [MESSAGE][INFO] - Finding web element from Test Object's properties

2021-11-12 11:08:15 - [MESSAGE][INFO] - Checking timeout

2021-11-12 11:08:15 - [MESSAGE][INFO] - Finding web element with id: 'Object Repository/Popup/Popup' located by 'By.cssSelector: .bootbox-body' in '30' second(s)

2021-11-12 11:08:15 - [MESSAGE][INFO] - Smart Wait Function is triggered

2021-11-12 11:08:15 - [MESSAGE][INFO] - Found 1 web elements with id: 'Object Repository/Popup/Popup' located by 'By.cssSelector: .bootbox-body' in '30' second(s)

2021-11-12 11:08:15 - [MESSAGE][INFO] - Getting text of object 'Object Repository/Popup/Popup'

2021-11-12 11:08:15 - [MESSAGE][PASSED] - Text of object 'Object Repository/Popup/Popup' is: 'Seçili e-Defter dosyaları indirilecek!

6090408038-202001-Y-000000-0001.zip

Devam etmek istiyor musunuz?'

2021-11-12 11:08:15 - [TEST_STEP][PASSED] - Console.println(RaporNo): null

2021-11-12 11:08:15 - [MESSAGE][PASSED] - Call Test Case 'Test Cases/Popup/PopupMesajiIceriyorMu' successfully

2021-11-12 11:08:15 - [MESSAGE][INFO] - Checking called Test Case

2021-11-12 11:08:15 - [MESSAGE][INFO] - Starting to call Test Case 'Test Cases/Popup/PopupButonSecilir'

2021-11-12 11:08:16 - [TEST_CASE][PASSED] - Test Cases/Popup/PopupButonSecilir: Test Cases/Popup/PopupButonSecilir

2021-11-12 11:08:16 - [TEST_STEP][PASSED] - Method.TextDegerineEsitElementeTikla(findTestObject("Popup/Popup_Butons"), Buton): Method.TextDegerineEsitElementeTikla is PASSED

2021-11-12 11:08:16 - [MESSAGE][INFO] - Finding Test Object 'Object Repository/Popup/Popup_Butons'

2021-11-12 11:08:16 - [MESSAGE][INFO] - Checking timeout

2021-11-12 11:08:16 - [MESSAGE][INFO] - Finding web element with id: 'Object Repository/Popup/Popup_Butons' located by 'By.cssSelector: .modal-footer>button' in '10' second(s)

2021-11-12 11:08:16 - [MESSAGE][INFO] - Smart Wait Function is triggered

2021-11-12 11:08:16 - [MESSAGE][INFO] - Found 2 web elements with id: 'Object Repository/Popup/Popup_Butons' located by 'By.cssSelector: .modal-footer>button' in '10' second(s)

2021-11-12 11:08:16 - [MESSAGE][PASSED] - Method.TextDegerineEsitElementeTikla is PASSED

2021-11-12 11:08:16 - [MESSAGE][PASSED] - Call Test Case 'Test Cases/Popup/PopupButonSecilir' successfully

2021-11-12 11:08:16 - [MESSAGE][INFO] - Checking called Test Case

2021-11-12 11:08:16 - [MESSAGE][INFO] - Starting to call Test Case 'Test Cases/Butonlar/DosyaIndirildiMi'

2021-11-12 11:08:17 - [TEST_CASE][PASSED] - Test Cases/Butonlar/DosyaIndirildiMi: Test Cases/Butonlar/DosyaIndirildiMi

2021-11-12 11:08:17 - [TEST_STEP][PASSED] - Method.isimliDosyaIndirildiMi(DownloadFile, FileName): Method.isimliDosyaIndirildiMi is PASSED

2021-11-12 11:08:17 - [MESSAGE][INFO] - Delaying browser in 3 second(s)

2021-11-12 11:08:20 - [MESSAGE][PASSED] - Delayed 3 second(s)

2021-11-12 11:08:20 - [MESSAGE][PASSED] - Method.isimliDosyaIndirildiMi is PASSED

2021-11-12 11:08:20 - [MESSAGE][PASSED] - Call Test Case 'Test Cases/Butonlar/DosyaIndirildiMi' successfully

2021-11-12 11:08:20 - [MESSAGE][INFO] - Checking called Test Case

2021-11-12 11:08:20 - [MESSAGE][INFO] - Starting to call Test Case 'Test Cases/Kullanici_Islemleri/KullaniciIslemlerindenSecimYapilir'

2021-11-12 11:08:20 - [TEST_CASE][PASSED] - Test Cases/Kullanici_Islemleri/KullaniciIslemlerindenSecimYapilir: Test Cases/Kullanici_Islemleri/KullaniciIslemlerindenSecimYapilir

2021-11-12 11:08:20 - [TEST_STEP][PASSED] - waitForElementClickable(findTestObject("Object Repository/Kullanici_Islemleri/KullaniciIslemleri"), 10): Object 'Object Repository/Kullanici_Islemleri/KullaniciIslemleri' is clickable

2021-11-12 11:08:20 - [MESSAGE][INFO] - Finding Test Object 'Object Repository/Kullanici_Islemleri/KullaniciIslemleri'

2021-11-12 11:08:20 - [MESSAGE][INFO] - Checking object

2021-11-12 11:08:20 - [MESSAGE][INFO] - Checking timeout

2021-11-12 11:08:20 - [MESSAGE][INFO] - Finding web element from Test Object's properties

2021-11-12 11:08:20 - [MESSAGE][INFO] - Checking timeout

2021-11-12 11:08:20 - [MESSAGE][INFO] - Finding web element with id: 'Object Repository/Kullanici_Islemleri/KullaniciIslemleri' located by 'By.cssSelector: .dropdown>a>img' in '10' second(s)

2021-11-12 11:08:20 - [MESSAGE][INFO] - Smart Wait Function is triggered

2021-11-12 11:08:21 - [MESSAGE][INFO] - Found 1 web elements with id: 'Object Repository/Kullanici_Islemleri/KullaniciIslemleri' located by 'By.cssSelector: .dropdown>a>img' in '10' second(s)

2021-11-12 11:08:21 - [MESSAGE][PASSED] - Object 'Object Repository/Kullanici_Islemleri/KullaniciIslemleri' is clickable

2021-11-12 11:08:21 - [TEST_STEP][PASSED] - click(findTestObject("Object Repository/Kullanici_Islemleri/KullaniciIslemleri")): Object: 'Object Repository/Kullanici_Islemleri/KullaniciIslemleri' is clicked on

2021-11-12 11:08:21 - [MESSAGE][INFO] - Finding Test Object 'Object Repository/Kullanici_Islemleri/KullaniciIslemleri'

2021-11-12 11:08:21 - [MESSAGE][INFO] - Checking object

2021-11-12 11:08:21 - [MESSAGE][INFO] - Finding web element from Test Object's properties

2021-11-12 11:08:21 - [MESSAGE][INFO] - Checking timeout

2021-11-12 11:08:21 - [MESSAGE][INFO] - Finding web element with id: 'Object Repository/Kullanici_Islemleri/KullaniciIslemleri' located by 'By.cssSelector: .dropdown>a>img' in '30' second(s)

2021-11-12 11:08:21 - [MESSAGE][INFO] - Smart Wait Function is triggered

2021-11-12 11:08:21 - [MESSAGE][INFO] - Found 1 web elements with id: 'Object Repository/Kullanici_Islemleri/KullaniciIslemleri' located by 'By.cssSelector: .dropdown>a>img' in '30' second(s)

2021-11-12 11:08:21 - [MESSAGE][INFO] - Clicking on object: 'Object Repository/Kullanici_Islemleri/KullaniciIslemleri'

2021-11-12 11:08:21 - [MESSAGE][PASSED] - Object: 'Object Repository/Kullanici_Islemleri/KullaniciIslemleri' is clicked on

2021-11-12 11:08:21 - [TEST_STEP][PASSED] - Method.TextDegerineEsitElementeTikla(findTestObject("Object Repository/Kullanici_Islemleri/Secenekler"), Islem): Method.TextDegerineEsitElementeTikla is PASSED

2021-11-12 11:08:21 - [MESSAGE][INFO] - Finding Test Object 'Object Repository/Kullanici_Islemleri/Secenekler'

2021-11-12 11:08:21 - [MESSAGE][INFO] - Checking timeout

2021-11-12 11:08:21 - [MESSAGE][INFO] - Finding web element with id: 'Object Repository/Kullanici_Islemleri/Secenekler' located by 'By.cssSelector: .nav.navbar-nav.navbar-right li a' in '10' second(s)

2021-11-12 11:08:21 - [MESSAGE][INFO] - Smart Wait Function is triggered

2021-11-12 11:08:21 - [MESSAGE][INFO] - Found 22 web elements with id: 'Object Repository/Kullanici_Islemleri/Secenekler' located by 'By.cssSelector: .nav.navbar-nav.navbar-right li a' in '10' second(s)

2021-11-12 11:08:22 - [MESSAGE][PASSED] - Method.TextDegerineEsitElementeTikla is PASSED

2021-11-12 11:08:22 - [TEST_STEP][PASSED] - verifyElementNotPresent(findTestObject("Object Repository/Kullanici_Islemleri/Secenekler"), 10): Web element with id: 'Object Repository/Kullanici_Islemleri/Secenekler' located by 'By.cssSelector: .nav.navbar-nav.navbar-right li a' is not present after '10' second(s)

2021-11-12 11:08:22 - [MESSAGE][INFO] - Finding Test Object 'Object Repository/Kullanici_Islemleri/Secenekler'

2021-11-12 11:08:23 - [MESSAGE][INFO] - Checking object

2021-11-12 11:08:23 - [MESSAGE][INFO] - Checking timeout

2021-11-12 11:08:23 - [MESSAGE][INFO] - Finding web element with id: 'Object Repository/Kullanici_Islemleri/Secenekler' located by 'By.cssSelector: .nav.navbar-nav.navbar-right li a' in '10' second(s)

2021-11-12 11:08:23 - [MESSAGE][INFO] - Smart Wait Function is triggered

2021-11-12 11:08:23 - [MESSAGE][PASSED] - Web element with id: 'Object Repository/Kullanici_Islemleri/Secenekler' located by 'By.cssSelector: .nav.navbar-nav.navbar-right li a' is not present after '10' second(s)

2021-11-12 11:08:23 - [MESSAGE][PASSED] - Call Test Case 'Test Cases/Kullanici_Islemleri/KullaniciIslemlerindenSecimYapilir' successfully

2021-11-12 11:08:23 - [TEST_CASE][PASSED] - Start Test Case : SCENARIO e-Defter Saklama Indir: SCENARIO e-Defter Saklama Indir

2021-11-12 11:08:23 - [TEST_STEP][PASSED] - Kullanıcı adı ELOGO6 ve Şifre 123456 olarak giriş yapılır: Kullanıcı adı ELOGO6 ve Şifre 123456 olarak giriş yapılır

2021-11-12 11:08:23 - [MESSAGE][PASSED] - Kullanıcı adı ELOGO6 ve Şifre 123456 olarak giriş yapılır

2021-11-12 11:08:23 - [TEST_STEP][PASSED] - Ana menüden e-Saklama seçilir: Ana menüden e-Saklama seçilir

2021-11-12 11:08:23 - [MESSAGE][PASSED] - Ana menüden e-Saklama seçilir

2021-11-12 11:08:23 - [TEST_STEP][PASSED] - Alt menü e-Defter başlığı altındaki e-Defter Saklama seçilir: Alt menü e-Defter başlığı altındaki e-Defter Saklama seçilir

2021-11-12 11:08:23 - [MESSAGE][PASSED] - Alt menü e-Defter başlığı altındaki e-Defter Saklama seçilir

2021-11-12 11:08:23 - [TEST_STEP][PASSED] - Filtre butonlarından Listele seçilir: Filtre butonlarından Listele seçilir

2021-11-12 11:08:23 - [MESSAGE][PASSED] - Filtre butonlarından Listele seçilir

2021-11-12 11:08:23 - [TEST_STEP][PASSED] - 2020 adlı yıl seçilir: 2020 adlı yıl seçilir

2021-11-12 11:08:23 - [MESSAGE][PASSED] - 2020 adlı yıl seçilir

2021-11-12 11:08:23 - [TEST_STEP][PASSED] - Filtre butonlarından Listele seçilir: Filtre butonlarından Listele seçilir

2021-11-12 11:08:23 - [MESSAGE][PASSED] - Filtre butonlarından Listele seçilir

2021-11-12 11:08:23 - [TEST_STEP][PASSED] - 2020 adlı klasör açılır: 2020 adlı klasör açılır

2021-11-12 11:08:23 - [MESSAGE][PASSED] - 2020 adlı klasör açılır

2021-11-12 11:08:23 - [TEST_STEP][PASSED] - Ocak 2020 adlı klasör açılır: Ocak 2020 adlı klasör açılır

2021-11-12 11:08:23 - [MESSAGE][PASSED] - Ocak 2020 adlı klasör açılır

2021-11-12 11:08:23 - [TEST_STEP][PASSED] - Yevmiye Dosyaları adlı klasör açılır: Yevmiye Dosyaları adlı klasör açılır

2021-11-12 11:08:23 - [MESSAGE][PASSED] - Yevmiye Dosyaları adlı klasör açılır

2021-11-12 11:08:23 - [TEST_STEP][PASSED] - 6090408038-202001-Y-000000-0001.zip adlı klasör seçilir: 6090408038-202001-Y-000000-0001.zip adlı klasör seçilir

2021-11-12 11:08:23 - [MESSAGE][PASSED] - 6090408038-202001-Y-000000-0001.zip adlı klasör seçilir

2021-11-12 11:08:23 - [TEST_STEP][PASSED] - Butonlardan İndir isimli butona tıklanır: Butonlardan İndir isimli butona tıklanır

2021-11-12 11:08:23 - [MESSAGE][PASSED] - Butonlardan İndir isimli butona tıklanır

2021-11-12 11:08:23 - [TEST_STEP][PASSED] - Popup mesajı Seçili e-Defter dosyaları indirilecek içeriyor mu: Popup mesajı Seçili e-Defter dosyaları indirilecek içeriyor mu

2021-11-12 11:08:23 - [MESSAGE][PASSED] - Popup mesajı Seçili e-Defter dosyaları indirilecek içeriyor mu

2021-11-12 11:08:23 - [TEST_STEP][PASSED] - Yönetim popupında Evet seçilir: Yönetim popupında Evet seçilir

2021-11-12 11:08:23 - [MESSAGE][PASSED] - Yönetim popupında Evet seçilir

2021-11-12 11:08:23 - [TEST_STEP][PASSED] - Ön eki eDefter olan dosya indirildi mi: Ön eki eDefter olan dosya indirildi mi

2021-11-12 11:08:23 - [MESSAGE][PASSED] - Ön eki eDefter olan dosya indirildi mi

2021-11-12 11:08:23 - [TEST_STEP][PASSED] - Kullanıcı işlemlerinden Çıkış seçilir: Kullanıcı işlemlerinden Çıkış seçilir

2021-11-12 11:08:23 - [MESSAGE][PASSED] - Kullanıcı işlemlerinden Çıkış seçilir

2021-11-12 11:08:23 - [MESSAGE][PASSED] - Feature file: 'Include/features/e-Saklama/e-Defter/e-Defter Saklama/Indir.feature' was passed

2021-11-12 11:08:23 - [TEST_STEP][PASSED] - Start listener action : sampleAfterTestSuite: Invoke 'com.kms.katalon.core.annotation.AfterTestCase' method: 'Listener.sampleAfterTestSuite(...)' completed.

2021-11-12 11:08:23 - [MESSAGE][INFO] - Starting invoke 'com.kms.katalon.core.annotation.AfterTestCase' method: 'Listener.sampleAfterTestSuite(...)'

2021-11-12 11:08:23 - [TEST_STEP][PASSED] - closeBrowser(): Invoke 'com.kms.katalon.core.annotation.AfterTestCase' method: 'Listener.sampleAfterTestSuite(...)' completed.

2021-11-12 11:08:23 - [MESSAGE][INFO] - Closing browser

2021-11-12 11:08:24 - [MESSAGE][PASSED] - Browser is closed

2021-11-12 11:08:24 - [MESSAGE][INFO] - Invoke 'com.kms.katalon.core.annotation.AfterTestCase' method: 'Listener.sampleAfterTestSuite(...)' completed.]]></system-out>
         <system-err><![CDATA[]]></system-err>
      </testcase>
      <testcase name="Test Cases/Case Repository/e-Saklama/e-Defter/e-Defter Saklama/Yukle" time="38.615" classname="Test Cases/Case Repository/e-Saklama/e-Defter/e-Defter Saklama/Yukle" status="PASSED">
         <system-out><![CDATA[2021-11-12 11:08:24 - [TEST_CASE][PASSED] - Test Cases/Case Repository/e-Saklama/e-Defter/e-Defter Saklama/Yukle: Test Cases/Case Repository/e-Saklama/e-Defter/e-Defter Saklama/Yukle

2021-11-12 11:08:24 - [TEST_STEP][PASSED] - Start listener action : sampleBeforeTestSuite: Invoke 'com.kms.katalon.core.annotation.BeforeTestCase' method: 'Listener.sampleBeforeTestSuite(...)' completed.

2021-11-12 11:08:24 - [MESSAGE][INFO] - Starting invoke 'com.kms.katalon.core.annotation.BeforeTestCase' method: 'Listener.sampleBeforeTestSuite(...)'

2021-11-12 11:08:24 - [TEST_STEP][PASSED] - openBrowser(baseUrl): Browser is opened with url: 'https://efatura-stage.elogo.com.tr/'

2021-11-12 11:08:24 - [MESSAGE][INFO] - Opening browser

2021-11-12 11:08:24 - [MESSAGE][INFO] - Starting 'Chrome' driver

2021-11-12 11:08:24 - [MESSAGE][INFO] - User set preference: ['prefs', '{download.default_directory=C:\otomasyondownfiles}']

2021-11-12 11:08:24 - [MESSAGE][INFO] - Action delay is set to 0 milliseconds

2021-11-12 11:08:25 - [MESSAGE][INFO] - Navigating browser to: 'https://efatura-stage.elogo.com.tr/'

2021-11-12 11:08:27 - [MESSAGE][PASSED] - Browser is opened with url: 'https://efatura-stage.elogo.com.tr/'

2021-11-12 11:08:27 - [TEST_STEP][PASSED] - maximizeWindow(): Invoke 'com.kms.katalon.core.annotation.BeforeTestCase' method: 'Listener.sampleBeforeTestSuite(...)' completed.

2021-11-12 11:08:27 - [MESSAGE][INFO] - Maximizing current window

2021-11-12 11:08:27 - [MESSAGE][PASSED] - Current window maximized

2021-11-12 11:08:27 - [MESSAGE][INFO] - Invoke 'com.kms.katalon.core.annotation.BeforeTestCase' method: 'Listener.sampleBeforeTestSuite(...)' completed.

2021-11-12 11:08:28 - [TEST_STEP][PASSED] - runFeatureFile("Include/features/e-Saklama/e-Defter/e-Defter Saklama/Yukle.feature"): Feature file: 'Include/features/e-Saklama/e-Defter/e-Defter Saklama/Yukle.feature' was passed

2021-11-12 11:08:28 - [MESSAGE][INFO] - Starting run keyword runFeatureFile: 'Include/features/e-Saklama/e-Defter/e-Defter Saklama/Yukle.feature' and extract report to folder: 'C:\Users\DELL\Documents\GitHub\EES_KatalonLogo\Reports\20211112_103406\Suite Repository\e-Saklama\20211112_103457/cucumber_report/1636704508043'...

2021-11-12 11:08:28 - [MESSAGE][INFO] - Glue: []

2021-11-12 11:08:28 - [MESSAGE][INFO] - Checking called Test Case

2021-11-12 11:08:28 - [MESSAGE][INFO] - Starting to call Test Case 'Test Cases/Sayfalar/Giris_Sayfasi/Login'

2021-11-12 11:08:28 - [TEST_CASE][PASSED] - Test Cases/Sayfalar/Giris_Sayfasi/Login: Test Cases/Sayfalar/Giris_Sayfasi/Login

2021-11-12 11:08:28 - [TEST_STEP][PASSED] - Sayfa_Basligi = getWindowTitle(): Current window's title is: 'LOGO e-Fatura'

2021-11-12 11:08:28 - [MESSAGE][INFO] - Getting current window's title

2021-11-12 11:08:28 - [MESSAGE][PASSED] - Current window's title is: 'LOGO e-Fatura'

2021-11-12 11:08:28 - [TEST_STEP][PASSED] - verifyMatch(Sayfa_Basligi, "LOGO e-Fatura", false): Actual text 'LOGO e-Fatura' and expected text 'LOGO e-Fatura' are matched 

2021-11-12 11:08:28 - [MESSAGE][INFO] - Matching actual text 'LOGO e-Fatura' with expected text 'LOGO e-Fatura'

2021-11-12 11:08:28 - [MESSAGE][PASSED] - Actual text 'LOGO e-Fatura' and expected text 'LOGO e-Fatura' are matched 

2021-11-12 11:08:28 - [TEST_STEP][PASSED] - sendKeys(findTestObject("Sayfalar/Giris_Sayfasi/Firma_Kodu"), KullaniciAdi): Keys 'ELOGO6' sent to object: 'Object Repository/Sayfalar/Giris_Sayfasi/Firma_Kodu'

2021-11-12 11:08:28 - [MESSAGE][INFO] - Finding Test Object 'Object Repository/Sayfalar/Giris_Sayfasi/Firma_Kodu'

2021-11-12 11:08:29 - [MESSAGE][INFO] - Sending keys 'ELOGO6' to object: 'Object Repository/Sayfalar/Giris_Sayfasi/Firma_Kodu'

2021-11-12 11:08:29 - [MESSAGE][INFO] - Finding web element from Test Object's properties

2021-11-12 11:08:29 - [MESSAGE][INFO] - Checking timeout

2021-11-12 11:08:29 - [MESSAGE][INFO] - Finding web element with id: 'Object Repository/Sayfalar/Giris_Sayfasi/Firma_Kodu' located by 'By.xpath: //*[@id = 'AccountName']' in '30' second(s)

2021-11-12 11:08:29 - [MESSAGE][INFO] - Smart Wait Function is triggered

2021-11-12 11:08:29 - [MESSAGE][INFO] - Found 1 web elements with id: 'Object Repository/Sayfalar/Giris_Sayfasi/Firma_Kodu' located by 'By.xpath: //*[@id = 'AccountName']' in '30' second(s)

2021-11-12 11:08:29 - [MESSAGE][PASSED] - Keys 'ELOGO6' sent to object: 'Object Repository/Sayfalar/Giris_Sayfasi/Firma_Kodu'

2021-11-12 11:08:29 - [TEST_STEP][PASSED] - sendKeys(findTestObject("Sayfalar/Giris_Sayfasi/Sifre"), Sifre): Keys '123456' sent to object: 'Object Repository/Sayfalar/Giris_Sayfasi/Sifre'

2021-11-12 11:08:29 - [MESSAGE][INFO] - Finding Test Object 'Object Repository/Sayfalar/Giris_Sayfasi/Sifre'

2021-11-12 11:08:29 - [MESSAGE][INFO] - Sending keys '123456' to object: 'Object Repository/Sayfalar/Giris_Sayfasi/Sifre'

2021-11-12 11:08:29 - [MESSAGE][INFO] - Finding web element from Test Object's properties

2021-11-12 11:08:29 - [MESSAGE][INFO] - Checking timeout

2021-11-12 11:08:29 - [MESSAGE][INFO] - Finding web element with id: 'Object Repository/Sayfalar/Giris_Sayfasi/Sifre' located by 'By.xpath: //*[@id = 'Password']' in '30' second(s)

2021-11-12 11:08:29 - [MESSAGE][INFO] - Smart Wait Function is triggered

2021-11-12 11:08:29 - [MESSAGE][INFO] - Found 1 web elements with id: 'Object Repository/Sayfalar/Giris_Sayfasi/Sifre' located by 'By.xpath: //*[@id = 'Password']' in '30' second(s)

2021-11-12 11:08:29 - [MESSAGE][PASSED] - Keys '123456' sent to object: 'Object Repository/Sayfalar/Giris_Sayfasi/Sifre'

2021-11-12 11:08:29 - [TEST_STEP][PASSED] - findWebElement(findTestObject("Sayfalar/Giris_Sayfasi/Giris_Butonu")).click(): Found 1 web elements with id: 'Object Repository/Sayfalar/Giris_Sayfasi/Giris_Butonu' located by 'By.cssSelector: #btnLogin' in '30' second(s)

2021-11-12 11:08:29 - [MESSAGE][INFO] - Finding Test Object 'Object Repository/Sayfalar/Giris_Sayfasi/Giris_Butonu'

2021-11-12 11:08:29 - [MESSAGE][INFO] - Finding web element from Test Object's properties

2021-11-12 11:08:29 - [MESSAGE][INFO] - Checking timeout

2021-11-12 11:08:29 - [MESSAGE][INFO] - Finding web element with id: 'Object Repository/Sayfalar/Giris_Sayfasi/Giris_Butonu' located by 'By.cssSelector: #btnLogin' in '30' second(s)

2021-11-12 11:08:29 - [MESSAGE][INFO] - Smart Wait Function is triggered

2021-11-12 11:08:30 - [MESSAGE][INFO] - Found 1 web elements with id: 'Object Repository/Sayfalar/Giris_Sayfasi/Giris_Butonu' located by 'By.cssSelector: #btnLogin' in '30' second(s)

2021-11-12 11:08:32 - [TEST_STEP][PASSED] - if (verifyElementPresent(findTestObject("Object Repository/Sayfalar/Giris_Sayfasi/RetveTamam_Butonu"), 5, OPTIONAL)): null

2021-11-12 11:08:32 - [MESSAGE][INFO] - Finding Test Object 'Object Repository/Sayfalar/Giris_Sayfasi/RetveTamam_Butonu'

2021-11-12 11:08:32 - [MESSAGE][INFO] - Checking object

2021-11-12 11:08:32 - [MESSAGE][INFO] - Finding web element from Test Object's properties

2021-11-12 11:08:32 - [MESSAGE][INFO] - Checking timeout

2021-11-12 11:08:32 - [MESSAGE][INFO] - Finding web element with id: 'Object Repository/Sayfalar/Giris_Sayfasi/RetveTamam_Butonu' located by 'By.xpath: //*[@class = 'btn btn-default']' in '5' second(s)

2021-11-12 11:08:32 - [MESSAGE][INFO] - Smart Wait Function is triggered

2021-11-12 11:08:32 - [MESSAGE][INFO] - Found 1 web elements with id: 'Object Repository/Sayfalar/Giris_Sayfasi/RetveTamam_Butonu' located by 'By.xpath: //*[@class = 'btn btn-default']' in '5' second(s)

2021-11-12 11:08:32 - [MESSAGE][PASSED] - Object 'Object Repository/Sayfalar/Giris_Sayfasi/RetveTamam_Butonu' is present

2021-11-12 11:08:32 - [TEST_STEP][PASSED] - click(findTestObject("Object Repository/Sayfalar/Giris_Sayfasi/RetveTamam_Butonu")): Object: 'Object Repository/Sayfalar/Giris_Sayfasi/RetveTamam_Butonu' is clicked on

2021-11-12 11:08:32 - [MESSAGE][INFO] - Finding Test Object 'Object Repository/Sayfalar/Giris_Sayfasi/RetveTamam_Butonu'

2021-11-12 11:08:32 - [MESSAGE][INFO] - Checking object

2021-11-12 11:08:32 - [MESSAGE][INFO] - Finding web element from Test Object's properties

2021-11-12 11:08:32 - [MESSAGE][INFO] - Checking timeout

2021-11-12 11:08:32 - [MESSAGE][INFO] - Finding web element with id: 'Object Repository/Sayfalar/Giris_Sayfasi/RetveTamam_Butonu' located by 'By.xpath: //*[@class = 'btn btn-default']' in '30' second(s)

2021-11-12 11:08:32 - [MESSAGE][INFO] - Smart Wait Function is triggered

2021-11-12 11:08:33 - [MESSAGE][INFO] - Found 1 web elements with id: 'Object Repository/Sayfalar/Giris_Sayfasi/RetveTamam_Butonu' located by 'By.xpath: //*[@class = 'btn btn-default']' in '30' second(s)

2021-11-12 11:08:33 - [MESSAGE][INFO] - Clicking on object: 'Object Repository/Sayfalar/Giris_Sayfasi/RetveTamam_Butonu'

2021-11-12 11:08:33 - [MESSAGE][PASSED] - Object: 'Object Repository/Sayfalar/Giris_Sayfasi/RetveTamam_Butonu' is clicked on

2021-11-12 11:08:33 - [TEST_STEP][PASSED] - click(findTestObject("Object Repository/Sayfalar/Giris_Sayfasi/RetveTamam_Butonu")): Object: 'Object Repository/Sayfalar/Giris_Sayfasi/RetveTamam_Butonu' is clicked on

2021-11-12 11:08:33 - [MESSAGE][INFO] - Finding Test Object 'Object Repository/Sayfalar/Giris_Sayfasi/RetveTamam_Butonu'

2021-11-12 11:08:33 - [MESSAGE][INFO] - Checking object

2021-11-12 11:08:33 - [MESSAGE][INFO] - Finding web element from Test Object's properties

2021-11-12 11:08:33 - [MESSAGE][INFO] - Checking timeout

2021-11-12 11:08:33 - [MESSAGE][INFO] - Finding web element with id: 'Object Repository/Sayfalar/Giris_Sayfasi/RetveTamam_Butonu' located by 'By.xpath: //*[@class = 'btn btn-default']' in '30' second(s)

2021-11-12 11:08:33 - [MESSAGE][INFO] - Smart Wait Function is triggered

2021-11-12 11:08:36 - [MESSAGE][INFO] - Found 1 web elements with id: 'Object Repository/Sayfalar/Giris_Sayfasi/RetveTamam_Butonu' located by 'By.xpath: //*[@class = 'btn btn-default']' in '30' second(s)

2021-11-12 11:08:36 - [MESSAGE][INFO] - Clicking on object: 'Object Repository/Sayfalar/Giris_Sayfasi/RetveTamam_Butonu'

2021-11-12 11:08:36 - [MESSAGE][PASSED] - Object: 'Object Repository/Sayfalar/Giris_Sayfasi/RetveTamam_Butonu' is clicked on

2021-11-12 11:08:36 - [TEST_STEP][PASSED] - if (verifyElementPresent(findTestObject("Sayfalar/Giris_Sayfasi/PopupOK"), 5, OPTIONAL)): null

2021-11-12 11:08:36 - [MESSAGE][INFO] - Finding Test Object 'Object Repository/Sayfalar/Giris_Sayfasi/PopupOK'

2021-11-12 11:08:36 - [MESSAGE][INFO] - Checking object

2021-11-12 11:08:36 - [MESSAGE][INFO] - Finding web element from Test Object's properties

2021-11-12 11:08:36 - [MESSAGE][INFO] - Checking timeout

2021-11-12 11:08:36 - [MESSAGE][INFO] - Finding web element with id: 'Object Repository/Sayfalar/Giris_Sayfasi/PopupOK' located by 'By.cssSelector: .btn.btn-success' in '5' second(s)

2021-11-12 11:08:36 - [MESSAGE][INFO] - Smart Wait Function is triggered

2021-11-12 11:08:37 - [MESSAGE][INFO] - Found 1 web elements with id: 'Object Repository/Sayfalar/Giris_Sayfasi/PopupOK' located by 'By.cssSelector: .btn.btn-success' in '5' second(s)

2021-11-12 11:08:37 - [MESSAGE][PASSED] - Object 'Object Repository/Sayfalar/Giris_Sayfasi/PopupOK' is present

2021-11-12 11:08:37 - [TEST_STEP][PASSED] - click(findTestObject("Object Repository/Sayfalar/Giris_Sayfasi/PopupCarpiGiris")): Object: 'Object Repository/Sayfalar/Giris_Sayfasi/PopupCarpiGiris' is clicked on

2021-11-12 11:08:37 - [MESSAGE][INFO] - Finding Test Object 'Object Repository/Sayfalar/Giris_Sayfasi/PopupCarpiGiris'

2021-11-12 11:08:37 - [MESSAGE][INFO] - Checking object

2021-11-12 11:08:37 - [MESSAGE][INFO] - Finding web element from Test Object's properties

2021-11-12 11:08:37 - [MESSAGE][INFO] - Checking timeout

2021-11-12 11:08:37 - [MESSAGE][INFO] - Finding web element with id: 'Object Repository/Sayfalar/Giris_Sayfasi/PopupCarpiGiris' located by 'By.cssSelector: .bootbox-close-button.close' in '30' second(s)

2021-11-12 11:08:37 - [MESSAGE][INFO] - Smart Wait Function is triggered

2021-11-12 11:08:37 - [MESSAGE][INFO] - Found 1 web elements with id: 'Object Repository/Sayfalar/Giris_Sayfasi/PopupCarpiGiris' located by 'By.cssSelector: .bootbox-close-button.close' in '30' second(s)

2021-11-12 11:08:37 - [MESSAGE][INFO] - Clicking on object: 'Object Repository/Sayfalar/Giris_Sayfasi/PopupCarpiGiris'

2021-11-12 11:08:37 - [MESSAGE][PASSED] - Object: 'Object Repository/Sayfalar/Giris_Sayfasi/PopupCarpiGiris' is clicked on

2021-11-12 11:08:37 - [TEST_STEP][PASSED] - verifyElementVisible(findTestObject("Object Repository/Kullanici_Islemleri/KullaniciIslemleri")): Object 'Object Repository/Kullanici_Islemleri/KullaniciIslemleri' is visible

2021-11-12 11:08:37 - [MESSAGE][INFO] - Finding Test Object 'Object Repository/Kullanici_Islemleri/KullaniciIslemleri'

2021-11-12 11:08:37 - [MESSAGE][INFO] - Checking object

2021-11-12 11:08:37 - [MESSAGE][INFO] - Finding web element from Test Object's properties

2021-11-12 11:08:37 - [MESSAGE][INFO] - Checking timeout

2021-11-12 11:08:37 - [MESSAGE][INFO] - Finding web element with id: 'Object Repository/Kullanici_Islemleri/KullaniciIslemleri' located by 'By.cssSelector: .dropdown>a>img' in '30' second(s)

2021-11-12 11:08:37 - [MESSAGE][INFO] - Smart Wait Function is triggered

2021-11-12 11:08:38 - [MESSAGE][INFO] - Found 1 web elements with id: 'Object Repository/Kullanici_Islemleri/KullaniciIslemleri' located by 'By.cssSelector: .dropdown>a>img' in '30' second(s)

2021-11-12 11:08:38 - [MESSAGE][PASSED] - Object 'Object Repository/Kullanici_Islemleri/KullaniciIslemleri' is visible

2021-11-12 11:08:38 - [MESSAGE][PASSED] - Call Test Case 'Test Cases/Sayfalar/Giris_Sayfasi/Login' successfully

2021-11-12 11:08:38 - [MESSAGE][INFO] - Checking called Test Case

2021-11-12 11:08:38 - [MESSAGE][INFO] - Starting to call Test Case 'Test Cases/Menu/AnaMenuSecimi'

2021-11-12 11:08:38 - [TEST_CASE][PASSED] - Test Cases/Menu/AnaMenuSecimi: Test Cases/Menu/AnaMenuSecimi

2021-11-12 11:08:38 - [TEST_STEP][PASSED] - Method.TextDegerineEsitElementeTikla(findTestObject("Menu/Ana_Menu"), Ana_Menu): Method.TextDegerineEsitElementeTikla is PASSED

2021-11-12 11:08:38 - [MESSAGE][INFO] - Finding Test Object 'Object Repository/Menu/Ana_Menu'

2021-11-12 11:08:38 - [MESSAGE][INFO] - Checking timeout

2021-11-12 11:08:38 - [MESSAGE][INFO] - Finding web element with id: 'Object Repository/Menu/Ana_Menu' located by 'By.xpath: //*[@class = 'dropdown-toggle']' in '10' second(s)

2021-11-12 11:08:38 - [MESSAGE][INFO] - Smart Wait Function is triggered

2021-11-12 11:08:38 - [MESSAGE][INFO] - Found 14 web elements with id: 'Object Repository/Menu/Ana_Menu' located by 'By.xpath: //*[@class = 'dropdown-toggle']' in '10' second(s)

2021-11-12 11:08:39 - [MESSAGE][PASSED] - Method.TextDegerineEsitElementeTikla is PASSED

2021-11-12 11:08:39 - [MESSAGE][PASSED] - Call Test Case 'Test Cases/Menu/AnaMenuSecimi' successfully

2021-11-12 11:08:39 - [MESSAGE][INFO] - Checking called Test Case

2021-11-12 11:08:39 - [MESSAGE][INFO] - Starting to call Test Case 'Test Cases/Menu/BasligaGoreAltMenuSecimi'

2021-11-12 11:08:39 - [TEST_CASE][PASSED] - Test Cases/Menu/BasligaGoreAltMenuSecimi: Test Cases/Menu/BasligaGoreAltMenuSecimi

2021-11-12 11:08:39 - [TEST_STEP][PASSED] - Method.TextDegerineEsitElementinAltindakiTextDegerineEsitOlanaTikla(findTestObject("Menu/Menu_Basligi"), findTestObject("Menu/Basliga_Gore_Alt_Menu"), Baslik, Alt_Menu): Method.TextDegerineEsitElementinAltindakiTextDegerineEsitOlanaTikla is PASSED

2021-11-12 11:08:39 - [MESSAGE][INFO] - Finding Test Object 'Object Repository/Menu/Menu_Basligi'

2021-11-12 11:08:39 - [MESSAGE][INFO] - Finding Test Object 'Object Repository/Menu/Basliga_Gore_Alt_Menu'

2021-11-12 11:08:39 - [MESSAGE][INFO] - Checking timeout

2021-11-12 11:08:39 - [MESSAGE][INFO] - Finding web element with id: 'Object Repository/Menu/Menu_Basligi' located by 'By.xpath: //li[@class='dropdown dropdown-large open']//li[@class='dropdown-header']' in '10' second(s)

2021-11-12 11:08:39 - [MESSAGE][INFO] - Smart Wait Function is triggered

2021-11-12 11:08:39 - [MESSAGE][INFO] - Found 2 web elements with id: 'Object Repository/Menu/Menu_Basligi' located by 'By.xpath: //li[@class='dropdown dropdown-large open']//li[@class='dropdown-header']' in '10' second(s)

2021-11-12 11:08:39 - [MESSAGE][INFO] - Smart Wait Function is triggered

2021-11-12 11:08:47 - [MESSAGE][PASSED] - Method.TextDegerineEsitElementinAltindakiTextDegerineEsitOlanaTikla is PASSED

2021-11-12 11:08:47 - [MESSAGE][PASSED] - Call Test Case 'Test Cases/Menu/BasligaGoreAltMenuSecimi' successfully

2021-11-12 11:08:47 - [MESSAGE][INFO] - Checking called Test Case

2021-11-12 11:08:47 - [MESSAGE][INFO] - Starting to call Test Case 'Test Cases/Filtreler/ButonaTikla'

2021-11-12 11:08:47 - [TEST_CASE][PASSED] - Test Cases/Filtreler/ButonaTikla: Test Cases/Filtreler/ButonaTikla

2021-11-12 11:08:47 - [TEST_STEP][PASSED] - Method.TextDegerineEsitElementeTikla(findTestObject("Filtreler/Butonlar"), Filtre_Buton): Method.TextDegerineEsitElementeTikla is PASSED

2021-11-12 11:08:47 - [MESSAGE][INFO] - Finding Test Object 'Object Repository/Filtreler/Butonlar'

2021-11-12 11:08:47 - [MESSAGE][INFO] - Checking timeout

2021-11-12 11:08:47 - [MESSAGE][INFO] - Finding web element with id: 'Object Repository/Filtreler/Butonlar' located by 'By.cssSelector: .dxb>span' in '10' second(s)

2021-11-12 11:08:47 - [MESSAGE][INFO] - Smart Wait Function is triggered

2021-11-12 11:08:48 - [MESSAGE][INFO] - Found 1 web elements with id: 'Object Repository/Filtreler/Butonlar' located by 'By.cssSelector: .dxb>span' in '10' second(s)

2021-11-12 11:08:48 - [MESSAGE][PASSED] - Method.TextDegerineEsitElementeTikla is PASSED

2021-11-12 11:08:48 - [MESSAGE][PASSED] - Call Test Case 'Test Cases/Filtreler/ButonaTikla' successfully

2021-11-12 11:08:48 - [MESSAGE][INFO] - Checking called Test Case

2021-11-12 11:08:48 - [MESSAGE][INFO] - Starting to call Test Case 'Test Cases/Butonlar/ButonaTikla'

2021-11-12 11:08:48 - [TEST_CASE][PASSED] - Test Cases/Butonlar/ButonaTikla: Test Cases/Butonlar/ButonaTikla

2021-11-12 11:08:48 - [TEST_STEP][PASSED] - Method.TextDegerineEsitElementeTiklaEquals(findTestObject("Butonlar/Butonlar"), Buton_Adi): Method.TextDegerineEsitElementeTiklaEquals is PASSED

2021-11-12 11:08:48 - [MESSAGE][INFO] - Finding Test Object 'Object Repository/Butonlar/Butonlar'

2021-11-12 11:08:48 - [MESSAGE][INFO] - Checking timeout

2021-11-12 11:08:48 - [MESSAGE][INFO] - Finding web element with id: 'Object Repository/Butonlar/Butonlar' located by 'By.cssSelector: .panel.panel-default.text-center.footerPanel .btn,.btn.btn-primary.btnControls' in '10' second(s)

2021-11-12 11:08:48 - [MESSAGE][INFO] - Smart Wait Function is triggered

2021-11-12 11:08:49 - [MESSAGE][INFO] - Found 9 web elements with id: 'Object Repository/Butonlar/Butonlar' located by 'By.cssSelector: .panel.panel-default.text-center.footerPanel .btn,.btn.btn-primary.btnControls' in '10' second(s)

2021-11-12 11:08:49 - [MESSAGE][PASSED] - Method.TextDegerineEsitElementeTiklaEquals is PASSED

2021-11-12 11:08:49 - [MESSAGE][PASSED] - Call Test Case 'Test Cases/Butonlar/ButonaTikla' successfully

2021-11-12 11:08:49 - [MESSAGE][INFO] - Checking called Test Case

2021-11-12 11:08:49 - [MESSAGE][INFO] - Starting to call Test Case 'Test Cases/Yukle/DosyaYukleme'

2021-11-12 11:08:49 - [TEST_CASE][PASSED] - Test Cases/Yukle/DosyaYukleme: Test Cases/Yukle/DosyaYukleme

2021-11-12 11:08:50 - [TEST_STEP][PASSED] - waitForElementPresent(findTestObject("Object Repository/Yukle/DosyaYukle"), 10): Object 'Object Repository/Yukle/DosyaYukle' is present

2021-11-12 11:08:50 - [MESSAGE][INFO] - Finding Test Object 'Object Repository/Yukle/DosyaYukle'

2021-11-12 11:08:50 - [MESSAGE][INFO] - Checking object

2021-11-12 11:08:50 - [MESSAGE][INFO] - Finding web element from Test Object's properties

2021-11-12 11:08:50 - [MESSAGE][INFO] - Checking timeout

2021-11-12 11:08:50 - [MESSAGE][INFO] - Finding web element with id: 'Object Repository/Yukle/DosyaYukle' located by 'By.cssSelector: .dxucTextBox_LECustomTheme.dxucNullText_LECustomTheme>input' in '10' second(s)

2021-11-12 11:08:50 - [MESSAGE][INFO] - Smart Wait Function is triggered

2021-11-12 11:08:50 - [MESSAGE][INFO] - Found 2 web elements with id: 'Object Repository/Yukle/DosyaYukle' located by 'By.cssSelector: .dxucTextBox_LECustomTheme.dxucNullText_LECustomTheme>input' in '10' second(s)

2021-11-12 11:08:50 - [MESSAGE][PASSED] - Object 'Object Repository/Yukle/DosyaYukle' is present

2021-11-12 11:08:50 - [TEST_STEP][PASSED] - sendKeys(findTestObject("Object Repository/Yukle/DosyaYukle"), Dosya): Keys 'C:\otomasyonupfiles\e-Saklama\e-Defter\1234567806-202103-YB-000001.zip' sent to object: 'Object Repository/Yukle/DosyaYukle'

2021-11-12 11:08:50 - [MESSAGE][INFO] - Finding Test Object 'Object Repository/Yukle/DosyaYukle'

2021-11-12 11:08:50 - [MESSAGE][INFO] - Sending keys 'C:\otomasyonupfiles\e-Saklama\e-Defter\1234567806-202103-YB-000001.zip' to object: 'Object Repository/Yukle/DosyaYukle'

2021-11-12 11:08:50 - [MESSAGE][INFO] - Finding web element from Test Object's properties

2021-11-12 11:08:50 - [MESSAGE][INFO] - Checking timeout

2021-11-12 11:08:50 - [MESSAGE][INFO] - Finding web element with id: 'Object Repository/Yukle/DosyaYukle' located by 'By.cssSelector: .dxucTextBox_LECustomTheme.dxucNullText_LECustomTheme>input' in '30' second(s)

2021-11-12 11:08:50 - [MESSAGE][INFO] - Smart Wait Function is triggered

2021-11-12 11:08:50 - [MESSAGE][INFO] - Found 2 web elements with id: 'Object Repository/Yukle/DosyaYukle' located by 'By.cssSelector: .dxucTextBox_LECustomTheme.dxucNullText_LECustomTheme>input' in '30' second(s)

2021-11-12 11:08:50 - [MESSAGE][PASSED] - Keys 'C:\otomasyonupfiles\e-Saklama\e-Defter\1234567806-202103-YB-000001.zip' sent to object: 'Object Repository/Yukle/DosyaYukle'

2021-11-12 11:08:50 - [TEST_STEP][PASSED] - waitForElementClickable(findTestObject("Object Repository/Yukle/YuklemeyiBaslat"), 10): Object 'Object Repository/Yukle/YuklemeyiBaslat' is clickable

2021-11-12 11:08:50 - [MESSAGE][INFO] - Finding Test Object 'Object Repository/Yukle/YuklemeyiBaslat'

2021-11-12 11:08:51 - [MESSAGE][INFO] - Checking object

2021-11-12 11:08:51 - [MESSAGE][INFO] - Checking timeout

2021-11-12 11:08:51 - [MESSAGE][INFO] - Finding web element from Test Object's properties

2021-11-12 11:08:51 - [MESSAGE][INFO] - Checking timeout

2021-11-12 11:08:51 - [MESSAGE][INFO] - Finding web element with id: 'Object Repository/Yukle/YuklemeyiBaslat' located by 'By.cssSelector: .btn.btn-success.btn-sm' in '10' second(s)

2021-11-12 11:08:51 - [MESSAGE][INFO] - Smart Wait Function is triggered

2021-11-12 11:08:51 - [MESSAGE][INFO] - Found 1 web elements with id: 'Object Repository/Yukle/YuklemeyiBaslat' located by 'By.cssSelector: .btn.btn-success.btn-sm' in '10' second(s)

2021-11-12 11:08:51 - [MESSAGE][PASSED] - Object 'Object Repository/Yukle/YuklemeyiBaslat' is clickable

2021-11-12 11:08:51 - [TEST_STEP][PASSED] - click(findTestObject("Object Repository/Yukle/YuklemeyiBaslat")): Object: 'Object Repository/Yukle/YuklemeyiBaslat' is clicked on

2021-11-12 11:08:51 - [MESSAGE][INFO] - Finding Test Object 'Object Repository/Yukle/YuklemeyiBaslat'

2021-11-12 11:08:51 - [MESSAGE][INFO] - Checking object

2021-11-12 11:08:51 - [MESSAGE][INFO] - Finding web element from Test Object's properties

2021-11-12 11:08:51 - [MESSAGE][INFO] - Checking timeout

2021-11-12 11:08:51 - [MESSAGE][INFO] - Finding web element with id: 'Object Repository/Yukle/YuklemeyiBaslat' located by 'By.cssSelector: .btn.btn-success.btn-sm' in '30' second(s)

2021-11-12 11:08:51 - [MESSAGE][INFO] - Smart Wait Function is triggered

2021-11-12 11:08:51 - [MESSAGE][INFO] - Found 1 web elements with id: 'Object Repository/Yukle/YuklemeyiBaslat' located by 'By.cssSelector: .btn.btn-success.btn-sm' in '30' second(s)

2021-11-12 11:08:51 - [MESSAGE][INFO] - Clicking on object: 'Object Repository/Yukle/YuklemeyiBaslat'

2021-11-12 11:08:51 - [MESSAGE][PASSED] - Object: 'Object Repository/Yukle/YuklemeyiBaslat' is clicked on

2021-11-12 11:08:51 - [TEST_STEP][PASSED] - delay(3): Delayed 3 second(s)

2021-11-12 11:08:51 - [MESSAGE][INFO] - Delaying browser in 3 second(s)

2021-11-12 11:08:54 - [MESSAGE][PASSED] - Delayed 3 second(s)

2021-11-12 11:08:54 - [MESSAGE][PASSED] - Call Test Case 'Test Cases/Yukle/DosyaYukleme' successfully

2021-11-12 11:08:54 - [MESSAGE][INFO] - Checking called Test Case

2021-11-12 11:08:54 - [MESSAGE][INFO] - Starting to call Test Case 'Test Cases/Popup/PopupMesajiIceriyorMu'

2021-11-12 11:08:55 - [TEST_CASE][PASSED] - Test Cases/Popup/PopupMesajiIceriyorMu: Test Cases/Popup/PopupMesajiIceriyorMu

2021-11-12 11:08:55 - [TEST_STEP][PASSED] - waitForElementVisible(findTestObject("Popup/Popup"), 10): Object 'Object Repository/Popup/Popup' is visible

2021-11-12 11:08:55 - [MESSAGE][INFO] - Finding Test Object 'Object Repository/Popup/Popup'

2021-11-12 11:08:55 - [MESSAGE][INFO] - Checking object

2021-11-12 11:08:55 - [MESSAGE][INFO] - Checking timeout

2021-11-12 11:08:55 - [MESSAGE][INFO] - Finding web element from Test Object's properties

2021-11-12 11:08:55 - [MESSAGE][INFO] - Checking timeout

2021-11-12 11:08:55 - [MESSAGE][INFO] - Finding web element with id: 'Object Repository/Popup/Popup' located by 'By.cssSelector: .bootbox-body' in '10' second(s)

2021-11-12 11:08:55 - [MESSAGE][INFO] - Smart Wait Function is triggered

2021-11-12 11:08:55 - [MESSAGE][INFO] - Found 1 web elements with id: 'Object Repository/Popup/Popup' located by 'By.cssSelector: .bootbox-body' in '10' second(s)

2021-11-12 11:08:55 - [MESSAGE][PASSED] - Object 'Object Repository/Popup/Popup' is visible

2021-11-12 11:08:55 - [TEST_STEP][PASSED] - if (!(getText(findTestObject("Popup/Popup")).contains(Mesaj))): Text of object 'Object Repository/Popup/Popup' is: 'Her aya ait yevmiye defteri - yevmiye defteri beratı - onaylı yevmiye defteri beratı – defter-i kebir dosyası - defter-i kebir beratı - onaylı defter-i kebir beratı dosyalarının saklanması zorunludur.

Devam etmek istiyor musunuz?'

2021-11-12 11:08:55 - [MESSAGE][INFO] - Finding Test Object 'Object Repository/Popup/Popup'

2021-11-12 11:08:55 - [MESSAGE][INFO] - Checking object

2021-11-12 11:08:55 - [MESSAGE][INFO] - Finding web element from Test Object's properties

2021-11-12 11:08:55 - [MESSAGE][INFO] - Checking timeout

2021-11-12 11:08:55 - [MESSAGE][INFO] - Finding web element with id: 'Object Repository/Popup/Popup' located by 'By.cssSelector: .bootbox-body' in '30' second(s)

2021-11-12 11:08:55 - [MESSAGE][INFO] - Smart Wait Function is triggered

2021-11-12 11:08:55 - [MESSAGE][INFO] - Found 1 web elements with id: 'Object Repository/Popup/Popup' located by 'By.cssSelector: .bootbox-body' in '30' second(s)

2021-11-12 11:08:55 - [MESSAGE][INFO] - Getting text of object 'Object Repository/Popup/Popup'

2021-11-12 11:08:55 - [MESSAGE][PASSED] - Text of object 'Object Repository/Popup/Popup' is: 'Her aya ait yevmiye defteri - yevmiye defteri beratı - onaylı yevmiye defteri beratı – defter-i kebir dosyası - defter-i kebir beratı - onaylı defter-i kebir beratı dosyalarının saklanması zorunludur.

Devam etmek istiyor musunuz?'

2021-11-12 11:08:55 - [TEST_STEP][PASSED] - RaporNo = getText(findTestObject("Popup/Popup")).substring(0, 6): Text of object 'Object Repository/Popup/Popup' is: 'Her aya ait yevmiye defteri - yevmiye defteri beratı - onaylı yevmiye defteri beratı – defter-i kebir dosyası - defter-i kebir beratı - onaylı defter-i kebir beratı dosyalarının saklanması zorunludur.

Devam etmek istiyor musunuz?'

2021-11-12 11:08:55 - [MESSAGE][INFO] - Finding Test Object 'Object Repository/Popup/Popup'

2021-11-12 11:08:55 - [MESSAGE][INFO] - Checking object

2021-11-12 11:08:55 - [MESSAGE][INFO] - Finding web element from Test Object's properties

2021-11-12 11:08:55 - [MESSAGE][INFO] - Checking timeout

2021-11-12 11:08:55 - [MESSAGE][INFO] - Finding web element with id: 'Object Repository/Popup/Popup' located by 'By.cssSelector: .bootbox-body' in '30' second(s)

2021-11-12 11:08:55 - [MESSAGE][INFO] - Smart Wait Function is triggered

2021-11-12 11:08:56 - [MESSAGE][INFO] - Found 1 web elements with id: 'Object Repository/Popup/Popup' located by 'By.cssSelector: .bootbox-body' in '30' second(s)

2021-11-12 11:08:56 - [MESSAGE][INFO] - Getting text of object 'Object Repository/Popup/Popup'

2021-11-12 11:08:56 - [MESSAGE][PASSED] - Text of object 'Object Repository/Popup/Popup' is: 'Her aya ait yevmiye defteri - yevmiye defteri beratı - onaylı yevmiye defteri beratı – defter-i kebir dosyası - defter-i kebir beratı - onaylı defter-i kebir beratı dosyalarının saklanması zorunludur.

Devam etmek istiyor musunuz?'

2021-11-12 11:08:56 - [TEST_STEP][PASSED] - Console.println(RaporNo): null

2021-11-12 11:08:56 - [MESSAGE][PASSED] - Call Test Case 'Test Cases/Popup/PopupMesajiIceriyorMu' successfully

2021-11-12 11:08:56 - [MESSAGE][INFO] - Checking called Test Case

2021-11-12 11:08:56 - [MESSAGE][INFO] - Starting to call Test Case 'Test Cases/Popup/PopupButonSecilir'

2021-11-12 11:08:56 - [TEST_CASE][PASSED] - Test Cases/Popup/PopupButonSecilir: Test Cases/Popup/PopupButonSecilir

2021-11-12 11:08:56 - [TEST_STEP][PASSED] - Method.TextDegerineEsitElementeTikla(findTestObject("Popup/Popup_Butons"), Buton): Method.TextDegerineEsitElementeTikla is PASSED

2021-11-12 11:08:56 - [MESSAGE][INFO] - Finding Test Object 'Object Repository/Popup/Popup_Butons'

2021-11-12 11:08:56 - [MESSAGE][INFO] - Checking timeout

2021-11-12 11:08:56 - [MESSAGE][INFO] - Finding web element with id: 'Object Repository/Popup/Popup_Butons' located by 'By.cssSelector: .modal-footer>button' in '10' second(s)

2021-11-12 11:08:56 - [MESSAGE][INFO] - Smart Wait Function is triggered

2021-11-12 11:08:56 - [MESSAGE][INFO] - Found 2 web elements with id: 'Object Repository/Popup/Popup_Butons' located by 'By.cssSelector: .modal-footer>button' in '10' second(s)

2021-11-12 11:08:56 - [MESSAGE][PASSED] - Method.TextDegerineEsitElementeTikla is PASSED

2021-11-12 11:08:56 - [MESSAGE][PASSED] - Call Test Case 'Test Cases/Popup/PopupButonSecilir' successfully

2021-11-12 11:08:56 - [MESSAGE][INFO] - Checking called Test Case

2021-11-12 11:08:56 - [MESSAGE][INFO] - Starting to call Test Case 'Test Cases/Yukle/YuklemeEkranindanCikilir'

2021-11-12 11:08:56 - [TEST_CASE][PASSED] - Test Cases/Yukle/YuklemeEkranindanCikilir: Test Cases/Yukle/YuklemeEkranindanCikilir

2021-11-12 11:08:57 - [TEST_STEP][PASSED] - waitForElementClickable(findTestObject("Yukle/Cikis"), 10): Object 'Object Repository/Yukle/Cikis' is clickable

2021-11-12 11:08:57 - [MESSAGE][INFO] - Finding Test Object 'Object Repository/Yukle/Cikis'

2021-11-12 11:08:57 - [MESSAGE][INFO] - Checking object

2021-11-12 11:08:57 - [MESSAGE][INFO] - Checking timeout

2021-11-12 11:08:57 - [MESSAGE][INFO] - Finding web element from Test Object's properties

2021-11-12 11:08:57 - [MESSAGE][INFO] - Checking timeout

2021-11-12 11:08:57 - [MESSAGE][INFO] - Finding web element with id: 'Object Repository/Yukle/Cikis' located by 'By.xpath: //*[@id = 'closeButton']' in '10' second(s)

2021-11-12 11:08:57 - [MESSAGE][INFO] - Smart Wait Function is triggered

2021-11-12 11:08:57 - [MESSAGE][INFO] - Found 1 web elements with id: 'Object Repository/Yukle/Cikis' located by 'By.xpath: //*[@id = 'closeButton']' in '10' second(s)

2021-11-12 11:08:57 - [MESSAGE][PASSED] - Object 'Object Repository/Yukle/Cikis' is clickable

2021-11-12 11:08:57 - [TEST_STEP][PASSED] - click(findTestObject("Yukle/Cikis")): Object: 'Object Repository/Yukle/Cikis' is clicked on

2021-11-12 11:08:57 - [MESSAGE][INFO] - Finding Test Object 'Object Repository/Yukle/Cikis'

2021-11-12 11:08:57 - [MESSAGE][INFO] - Checking object

2021-11-12 11:08:57 - [MESSAGE][INFO] - Finding web element from Test Object's properties

2021-11-12 11:08:57 - [MESSAGE][INFO] - Checking timeout

2021-11-12 11:08:57 - [MESSAGE][INFO] - Finding web element with id: 'Object Repository/Yukle/Cikis' located by 'By.xpath: //*[@id = 'closeButton']' in '30' second(s)

2021-11-12 11:08:57 - [MESSAGE][INFO] - Smart Wait Function is triggered

2021-11-12 11:08:58 - [MESSAGE][INFO] - Found 1 web elements with id: 'Object Repository/Yukle/Cikis' located by 'By.xpath: //*[@id = 'closeButton']' in '30' second(s)

2021-11-12 11:08:58 - [MESSAGE][INFO] - Clicking on object: 'Object Repository/Yukle/Cikis'

2021-11-12 11:08:58 - [MESSAGE][PASSED] - Object: 'Object Repository/Yukle/Cikis' is clicked on

2021-11-12 11:08:58 - [MESSAGE][PASSED] - Call Test Case 'Test Cases/Yukle/YuklemeEkranindanCikilir' successfully

2021-11-12 11:08:58 - [MESSAGE][INFO] - Checking called Test Case

2021-11-12 11:08:58 - [MESSAGE][INFO] - Starting to call Test Case 'Test Cases/Kullanici_Islemleri/KullaniciIslemlerindenSecimYapilir'

2021-11-12 11:08:58 - [TEST_CASE][PASSED] - Test Cases/Kullanici_Islemleri/KullaniciIslemlerindenSecimYapilir: Test Cases/Kullanici_Islemleri/KullaniciIslemlerindenSecimYapilir

2021-11-12 11:08:58 - [TEST_STEP][PASSED] - waitForElementClickable(findTestObject("Object Repository/Kullanici_Islemleri/KullaniciIslemleri"), 10): Object 'Object Repository/Kullanici_Islemleri/KullaniciIslemleri' is clickable

2021-11-12 11:08:58 - [MESSAGE][INFO] - Finding Test Object 'Object Repository/Kullanici_Islemleri/KullaniciIslemleri'

2021-11-12 11:08:58 - [MESSAGE][INFO] - Checking object

2021-11-12 11:08:58 - [MESSAGE][INFO] - Checking timeout

2021-11-12 11:08:58 - [MESSAGE][INFO] - Finding web element from Test Object's properties

2021-11-12 11:08:58 - [MESSAGE][INFO] - Checking timeout

2021-11-12 11:08:58 - [MESSAGE][INFO] - Finding web element with id: 'Object Repository/Kullanici_Islemleri/KullaniciIslemleri' located by 'By.cssSelector: .dropdown>a>img' in '10' second(s)

2021-11-12 11:08:58 - [MESSAGE][INFO] - Smart Wait Function is triggered

2021-11-12 11:08:59 - [MESSAGE][INFO] - Found 1 web elements with id: 'Object Repository/Kullanici_Islemleri/KullaniciIslemleri' located by 'By.cssSelector: .dropdown>a>img' in '10' second(s)

2021-11-12 11:08:59 - [MESSAGE][PASSED] - Object 'Object Repository/Kullanici_Islemleri/KullaniciIslemleri' is clickable

2021-11-12 11:08:59 - [TEST_STEP][PASSED] - click(findTestObject("Object Repository/Kullanici_Islemleri/KullaniciIslemleri")): Object: 'Object Repository/Kullanici_Islemleri/KullaniciIslemleri' is clicked on

2021-11-12 11:08:59 - [MESSAGE][INFO] - Finding Test Object 'Object Repository/Kullanici_Islemleri/KullaniciIslemleri'

2021-11-12 11:08:59 - [MESSAGE][INFO] - Checking object

2021-11-12 11:08:59 - [MESSAGE][INFO] - Finding web element from Test Object's properties

2021-11-12 11:08:59 - [MESSAGE][INFO] - Checking timeout

2021-11-12 11:08:59 - [MESSAGE][INFO] - Finding web element with id: 'Object Repository/Kullanici_Islemleri/KullaniciIslemleri' located by 'By.cssSelector: .dropdown>a>img' in '30' second(s)

2021-11-12 11:08:59 - [MESSAGE][INFO] - Smart Wait Function is triggered

2021-11-12 11:08:59 - [MESSAGE][INFO] - Found 1 web elements with id: 'Object Repository/Kullanici_Islemleri/KullaniciIslemleri' located by 'By.cssSelector: .dropdown>a>img' in '30' second(s)

2021-11-12 11:08:59 - [MESSAGE][INFO] - Clicking on object: 'Object Repository/Kullanici_Islemleri/KullaniciIslemleri'

2021-11-12 11:08:59 - [MESSAGE][PASSED] - Object: 'Object Repository/Kullanici_Islemleri/KullaniciIslemleri' is clicked on

2021-11-12 11:08:59 - [TEST_STEP][PASSED] - Method.TextDegerineEsitElementeTikla(findTestObject("Object Repository/Kullanici_Islemleri/Secenekler"), Islem): Method.TextDegerineEsitElementeTikla is PASSED

2021-11-12 11:08:59 - [MESSAGE][INFO] - Finding Test Object 'Object Repository/Kullanici_Islemleri/Secenekler'

2021-11-12 11:08:59 - [MESSAGE][INFO] - Checking timeout

2021-11-12 11:08:59 - [MESSAGE][INFO] - Finding web element with id: 'Object Repository/Kullanici_Islemleri/Secenekler' located by 'By.cssSelector: .nav.navbar-nav.navbar-right li a' in '10' second(s)

2021-11-12 11:08:59 - [MESSAGE][INFO] - Smart Wait Function is triggered

2021-11-12 11:08:59 - [MESSAGE][INFO] - Found 22 web elements with id: 'Object Repository/Kullanici_Islemleri/Secenekler' located by 'By.cssSelector: .nav.navbar-nav.navbar-right li a' in '10' second(s)

2021-11-12 11:09:01 - [MESSAGE][PASSED] - Method.TextDegerineEsitElementeTikla is PASSED

2021-11-12 11:09:01 - [TEST_STEP][PASSED] - verifyElementNotPresent(findTestObject("Object Repository/Kullanici_Islemleri/Secenekler"), 10): Web element with id: 'Object Repository/Kullanici_Islemleri/Secenekler' located by 'By.cssSelector: .nav.navbar-nav.navbar-right li a' is not present after '10' second(s)

2021-11-12 11:09:01 - [MESSAGE][INFO] - Finding Test Object 'Object Repository/Kullanici_Islemleri/Secenekler'

2021-11-12 11:09:01 - [MESSAGE][INFO] - Checking object

2021-11-12 11:09:01 - [MESSAGE][INFO] - Checking timeout

2021-11-12 11:09:01 - [MESSAGE][INFO] - Finding web element with id: 'Object Repository/Kullanici_Islemleri/Secenekler' located by 'By.cssSelector: .nav.navbar-nav.navbar-right li a' in '10' second(s)

2021-11-12 11:09:01 - [MESSAGE][INFO] - Smart Wait Function is triggered

2021-11-12 11:09:02 - [MESSAGE][PASSED] - Web element with id: 'Object Repository/Kullanici_Islemleri/Secenekler' located by 'By.cssSelector: .nav.navbar-nav.navbar-right li a' is not present after '10' second(s)

2021-11-12 11:09:02 - [MESSAGE][PASSED] - Call Test Case 'Test Cases/Kullanici_Islemleri/KullaniciIslemlerindenSecimYapilir' successfully

2021-11-12 11:09:02 - [TEST_CASE][PASSED] - Start Test Case : SCENARIO e-Defter Saklama Yukle: SCENARIO e-Defter Saklama Yukle

2021-11-12 11:09:02 - [TEST_STEP][PASSED] - Kullanıcı adı ELOGO6 ve Şifre 123456 olarak giriş yapılır: Kullanıcı adı ELOGO6 ve Şifre 123456 olarak giriş yapılır

2021-11-12 11:09:02 - [MESSAGE][PASSED] - Kullanıcı adı ELOGO6 ve Şifre 123456 olarak giriş yapılır

2021-11-12 11:09:02 - [TEST_STEP][PASSED] - Ana menüden e-Saklama seçilir: Ana menüden e-Saklama seçilir

2021-11-12 11:09:02 - [MESSAGE][PASSED] - Ana menüden e-Saklama seçilir

2021-11-12 11:09:02 - [TEST_STEP][PASSED] - Alt menü e-Defter başlığı altındaki e-Defter Saklama seçilir: Alt menü e-Defter başlığı altındaki e-Defter Saklama seçilir

2021-11-12 11:09:02 - [MESSAGE][PASSED] - Alt menü e-Defter başlığı altındaki e-Defter Saklama seçilir

2021-11-12 11:09:02 - [TEST_STEP][PASSED] - Filtre butonlarından Listele seçilir: Filtre butonlarından Listele seçilir

2021-11-12 11:09:02 - [MESSAGE][PASSED] - Filtre butonlarından Listele seçilir

2021-11-12 11:09:02 - [TEST_STEP][PASSED] - Butonlardan Yükle isimli butona tıklanır: Butonlardan Yükle isimli butona tıklanır

2021-11-12 11:09:02 - [MESSAGE][PASSED] - Butonlardan Yükle isimli butona tıklanır

2021-11-12 11:09:02 - [TEST_STEP][PASSED] - Dosya Yükleme alanına C:\otomasyonupfiles\e-Saklama\e-Defter\1234567806-202103-YB-000001.zip dizinindeki dosya yüklenir: Dosya Yükleme alanına C:\otomasyonupfiles\e-Saklama\e-Defter\1234567806-202103-YB-000001.zip dizinindeki dosya yüklenir

2021-11-12 11:09:02 - [MESSAGE][PASSED] - Dosya Yükleme alanına C:\otomasyonupfiles\e-Saklama\e-Defter\1234567806-202103-YB-000001.zip dizinindeki dosya yüklenir

2021-11-12 11:09:02 - [TEST_STEP][PASSED] - Popup mesajı Devam etmek istiyor musunuz? içeriyor mu: Popup mesajı Devam etmek istiyor musunuz? içeriyor mu

2021-11-12 11:09:02 - [MESSAGE][PASSED] - Popup mesajı Devam etmek istiyor musunuz? içeriyor mu

2021-11-12 11:09:02 - [TEST_STEP][PASSED] - Yönetim popupında Onayla seçilir: Yönetim popupında Onayla seçilir

2021-11-12 11:09:02 - [MESSAGE][PASSED] - Yönetim popupında Onayla seçilir

2021-11-12 11:09:02 - [TEST_STEP][PASSED] - Yükleme ekranından çıkılır: Yükleme ekranından çıkılır

2021-11-12 11:09:02 - [MESSAGE][PASSED] - Yükleme ekranından çıkılır

2021-11-12 11:09:02 - [TEST_STEP][PASSED] - Kullanıcı işlemlerinden Çıkış seçilir: Kullanıcı işlemlerinden Çıkış seçilir

2021-11-12 11:09:02 - [MESSAGE][PASSED] - Kullanıcı işlemlerinden Çıkış seçilir

2021-11-12 11:09:02 - [MESSAGE][PASSED] - Feature file: 'Include/features/e-Saklama/e-Defter/e-Defter Saklama/Yukle.feature' was passed

2021-11-12 11:09:02 - [TEST_STEP][PASSED] - Start listener action : sampleAfterTestSuite: Invoke 'com.kms.katalon.core.annotation.AfterTestCase' method: 'Listener.sampleAfterTestSuite(...)' completed.

2021-11-12 11:09:02 - [MESSAGE][INFO] - Starting invoke 'com.kms.katalon.core.annotation.AfterTestCase' method: 'Listener.sampleAfterTestSuite(...)'

2021-11-12 11:09:02 - [TEST_STEP][PASSED] - closeBrowser(): Invoke 'com.kms.katalon.core.annotation.AfterTestCase' method: 'Listener.sampleAfterTestSuite(...)' completed.

2021-11-12 11:09:02 - [MESSAGE][INFO] - Closing browser

2021-11-12 11:09:02 - [MESSAGE][PASSED] - Browser is closed

2021-11-12 11:09:02 - [MESSAGE][INFO] - Invoke 'com.kms.katalon.core.annotation.AfterTestCase' method: 'Listener.sampleAfterTestSuite(...)' completed.]]></system-out>
         <system-err><![CDATA[]]></system-err>
      </testcase>
      <testcase name="Test Cases/Case Repository/e-Saklama/e-Defter/e-Defter Saklama/Sil" time="40.12" classname="Test Cases/Case Repository/e-Saklama/e-Defter/e-Defter Saklama/Sil" status="FAILED">
         <failure type="FAILED" message="Test Cases/Case Repository/e-Saklama/e-Defter/e-Defter Saklama/Sil FAILED.
Reason:
com.kms.katalon.core.exception.StepFailedException: Feature file 'Include/features/e-Saklama/e-Defter/e-Defter Saklama/Sil.feature' was failed
	at com.kms.katalon.core.keyword.internal.KeywordMain.stepFailed(KeywordMain.groovy:50)
	at com.kms.katalon.core.keyword.internal.KeywordMain.stepFailed(KeywordMain.groovy)
	at com.kms.katalon.core.keyword.internal.KeywordMain.stepFailed(KeywordMain.groovy:23)
	at com.kms.katalon.core.keyword.internal.KeywordMain$stepFailed$0.call(Unknown Source)
	at com.kms.katalon.core.cucumber.keyword.CucumberBuiltinKeywords$_runFeatureFile_closure1.doCall(CucumberBuiltinKeywords.groovy:112)
	at com.kms.katalon.core.cucumber.keyword.CucumberBuiltinKeywords$_runFeatureFile_closure1.doCall(CucumberBuiltinKeywords.groovy)
	at com.kms.katalon.core.keyword.internal.KeywordMain.runKeyword(KeywordMain.groovy:68)
	at com.kms.katalon.core.keyword.internal.KeywordMain$runKeyword.call(Unknown Source)
	at com.kms.katalon.core.cucumber.keyword.CucumberBuiltinKeywords.runFeatureFile(CucumberBuiltinKeywords.groovy:73)
	at com.kms.katalon.core.cucumber.keyword.CucumberBuiltinKeywords$runFeatureFile$0.callStatic(Unknown Source)
	at com.kms.katalon.core.cucumber.keyword.CucumberBuiltinKeywords.runFeatureFile(CucumberBuiltinKeywords.groovy:246)
	at com.kms.katalon.core.cucumber.keyword.CucumberBuiltinKeywords$runFeatureFile.call(Unknown Source)
	at Sil.run(Sil:19)
	at com.kms.katalon.core.main.ScriptEngine.run(ScriptEngine.java:194)
	at com.kms.katalon.core.main.ScriptEngine.runScriptAsRawText(ScriptEngine.java:119)
	at com.kms.katalon.core.main.TestCaseExecutor.runScript(TestCaseExecutor.java:369)
	at com.kms.katalon.core.main.TestCaseExecutor.doExecute(TestCaseExecutor.java:360)
	at com.kms.katalon.core.main.TestCaseExecutor.processExecutionPhase(TestCaseExecutor.java:339)
	at com.kms.katalon.core.main.TestCaseExecutor.accessMainPhase(TestCaseExecutor.java:331)
	at com.kms.katalon.core.main.TestCaseExecutor.execute(TestCaseExecutor.java:248)
	at com.kms.katalon.core.main.TestSuiteExecutor.accessTestCaseMainPhase(TestSuiteExecutor.java:191)
	at com.kms.katalon.core.main.TestSuiteExecutor.accessTestSuiteMainPhase(TestSuiteExecutor.java:140)
	at com.kms.katalon.core.main.TestSuiteExecutor.execute(TestSuiteExecutor.java:89)
	at com.kms.katalon.core.main.TestCaseMain.startTestSuite(TestCaseMain.java:181)
	at com.kms.katalon.core.main.TestCaseMain$startTestSuite$0.call(Unknown Source)
	at TempTestSuite1636702497904.run(TempTestSuite1636702497904.groovy:39)
"/>
         <system-out><![CDATA[2021-11-12 11:09:02 - [TEST_CASE][FAILED] - Test Cases/Case Repository/e-Saklama/e-Defter/e-Defter Saklama/Sil: Test Cases/Case Repository/e-Saklama/e-Defter/e-Defter Saklama/Sil FAILED.
Reason:
com.kms.katalon.core.exception.StepFailedException: Feature file 'Include/features/e-Saklama/e-Defter/e-Defter Saklama/Sil.feature' was failed
	at com.kms.katalon.core.keyword.internal.KeywordMain.stepFailed(KeywordMain.groovy:50)
	at com.kms.katalon.core.keyword.internal.KeywordMain.stepFailed(KeywordMain.groovy)
	at com.kms.katalon.core.keyword.internal.KeywordMain.stepFailed(KeywordMain.groovy:23)
	at com.kms.katalon.core.keyword.internal.KeywordMain$stepFailed$0.call(Unknown Source)
	at com.kms.katalon.core.cucumber.keyword.CucumberBuiltinKeywords$_runFeatureFile_closure1.doCall(CucumberBuiltinKeywords.groovy:112)
	at com.kms.katalon.core.cucumber.keyword.CucumberBuiltinKeywords$_runFeatureFile_closure1.doCall(CucumberBuiltinKeywords.groovy)
	at com.kms.katalon.core.keyword.internal.KeywordMain.runKeyword(KeywordMain.groovy:68)
	at com.kms.katalon.core.keyword.internal.KeywordMain$runKeyword.call(Unknown Source)
	at com.kms.katalon.core.cucumber.keyword.CucumberBuiltinKeywords.runFeatureFile(CucumberBuiltinKeywords.groovy:73)
	at com.kms.katalon.core.cucumber.keyword.CucumberBuiltinKeywords$runFeatureFile$0.callStatic(Unknown Source)
	at com.kms.katalon.core.cucumber.keyword.CucumberBuiltinKeywords.runFeatureFile(CucumberBuiltinKeywords.groovy:246)
	at com.kms.katalon.core.cucumber.keyword.CucumberBuiltinKeywords$runFeatureFile.call(Unknown Source)
	at Sil.run(Sil:19)
	at com.kms.katalon.core.main.ScriptEngine.run(ScriptEngine.java:194)
	at com.kms.katalon.core.main.ScriptEngine.runScriptAsRawText(ScriptEngine.java:119)
	at com.kms.katalon.core.main.TestCaseExecutor.runScript(TestCaseExecutor.java:369)
	at com.kms.katalon.core.main.TestCaseExecutor.doExecute(TestCaseExecutor.java:360)
	at com.kms.katalon.core.main.TestCaseExecutor.processExecutionPhase(TestCaseExecutor.java:339)
	at com.kms.katalon.core.main.TestCaseExecutor.accessMainPhase(TestCaseExecutor.java:331)
	at com.kms.katalon.core.main.TestCaseExecutor.execute(TestCaseExecutor.java:248)
	at com.kms.katalon.core.main.TestSuiteExecutor.accessTestCaseMainPhase(TestSuiteExecutor.java:191)
	at com.kms.katalon.core.main.TestSuiteExecutor.accessTestSuiteMainPhase(TestSuiteExecutor.java:140)
	at com.kms.katalon.core.main.TestSuiteExecutor.execute(TestSuiteExecutor.java:89)
	at com.kms.katalon.core.main.TestCaseMain.startTestSuite(TestCaseMain.java:181)
	at com.kms.katalon.core.main.TestCaseMain$startTestSuite$0.call(Unknown Source)
	at TempTestSuite1636702497904.run(TempTestSuite1636702497904.groovy:39)


2021-11-12 11:09:02 - [TEST_STEP][PASSED] - Start listener action : sampleBeforeTestSuite: Invoke 'com.kms.katalon.core.annotation.BeforeTestCase' method: 'Listener.sampleBeforeTestSuite(...)' completed.

2021-11-12 11:09:02 - [MESSAGE][INFO] - Starting invoke 'com.kms.katalon.core.annotation.BeforeTestCase' method: 'Listener.sampleBeforeTestSuite(...)'

2021-11-12 11:09:02 - [TEST_STEP][PASSED] - openBrowser(baseUrl): Browser is opened with url: 'https://efatura-stage.elogo.com.tr/'

2021-11-12 11:09:02 - [MESSAGE][INFO] - Opening browser

2021-11-12 11:09:02 - [MESSAGE][INFO] - Starting 'Chrome' driver

2021-11-12 11:09:02 - [MESSAGE][INFO] - User set preference: ['prefs', '{download.default_directory=C:\otomasyondownfiles}']

2021-11-12 11:09:02 - [MESSAGE][INFO] - Action delay is set to 0 milliseconds

2021-11-12 11:09:04 - [MESSAGE][INFO] - Navigating browser to: 'https://efatura-stage.elogo.com.tr/'

2021-11-12 11:09:14 - [MESSAGE][PASSED] - Browser is opened with url: 'https://efatura-stage.elogo.com.tr/'

2021-11-12 11:09:14 - [TEST_STEP][PASSED] - maximizeWindow(): Invoke 'com.kms.katalon.core.annotation.BeforeTestCase' method: 'Listener.sampleBeforeTestSuite(...)' completed.

2021-11-12 11:09:14 - [MESSAGE][INFO] - Maximizing current window

2021-11-12 11:09:14 - [MESSAGE][PASSED] - Current window maximized

2021-11-12 11:09:14 - [MESSAGE][INFO] - Invoke 'com.kms.katalon.core.annotation.BeforeTestCase' method: 'Listener.sampleBeforeTestSuite(...)' completed.

2021-11-12 11:09:14 - [TEST_STEP][FAILED] - runFeatureFile("Include/features/e-Saklama/e-Defter/e-Defter Saklama/Sil.feature"): Keyword runFeatureFile was failed (Root cause: com.kms.katalon.core.exception.StepFailedException: Feature file 'Include/features/e-Saklama/e-Defter/e-Defter Saklama/Sil.feature' was failed
	at com.kms.katalon.core.keyword.internal.KeywordMain.stepFailed(KeywordMain.groovy:50)
	at com.kms.katalon.core.keyword.internal.KeywordMain.stepFailed(KeywordMain.groovy)
	at com.kms.katalon.core.keyword.internal.KeywordMain.stepFailed(KeywordMain.groovy:23)
	at com.kms.katalon.core.keyword.internal.KeywordMain$stepFailed$0.call(Unknown Source)
	at com.kms.katalon.core.cucumber.keyword.CucumberBuiltinKeywords$_runFeatureFile_closure1.doCall(CucumberBuiltinKeywords.groovy:112)
	at com.kms.katalon.core.cucumber.keyword.CucumberBuiltinKeywords$_runFeatureFile_closure1.doCall(CucumberBuiltinKeywords.groovy)
	at com.kms.katalon.core.keyword.internal.KeywordMain.runKeyword(KeywordMain.groovy:68)
	at com.kms.katalon.core.keyword.internal.KeywordMain$runKeyword.call(Unknown Source)
	at com.kms.katalon.core.cucumber.keyword.CucumberBuiltinKeywords.runFeatureFile(CucumberBuiltinKeywords.groovy:73)
	at com.kms.katalon.core.cucumber.keyword.CucumberBuiltinKeywords$runFeatureFile$0.callStatic(Unknown Source)
	at com.kms.katalon.core.cucumber.keyword.CucumberBuiltinKeywords.runFeatureFile(CucumberBuiltinKeywords.groovy:246)
	at com.kms.katalon.core.cucumber.keyword.CucumberBuiltinKeywords$runFeatureFile.call(Unknown Source)
	at Sil.run(Sil:19)
	at com.kms.katalon.core.main.ScriptEngine.run(ScriptEngine.java:194)
	at com.kms.katalon.core.main.ScriptEngine.runScriptAsRawText(ScriptEngine.java:119)
	at com.kms.katalon.core.main.TestCaseExecutor.runScript(TestCaseExecutor.java:369)
	at com.kms.katalon.core.main.TestCaseExecutor.doExecute(TestCaseExecutor.java:360)
	at com.kms.katalon.core.main.TestCaseExecutor.processExecutionPhase(TestCaseExecutor.java:339)
	at com.kms.katalon.core.main.TestCaseExecutor.accessMainPhase(TestCaseExecutor.java:331)
	at com.kms.katalon.core.main.TestCaseExecutor.execute(TestCaseExecutor.java:248)
	at com.kms.katalon.core.main.TestSuiteExecutor.accessTestCaseMainPhase(TestSuiteExecutor.java:191)
	at com.kms.katalon.core.main.TestSuiteExecutor.accessTestSuiteMainPhase(TestSuiteExecutor.java:140)
	at com.kms.katalon.core.main.TestSuiteExecutor.execute(TestSuiteExecutor.java:89)
	at com.kms.katalon.core.main.TestCaseMain.startTestSuite(TestCaseMain.java:181)
	at com.kms.katalon.core.main.TestCaseMain$startTestSuite$0.call(Unknown Source)
	at TempTestSuite1636702497904.run(TempTestSuite1636702497904.groovy:39)
)

2021-11-12 11:09:14 - [MESSAGE][INFO] - Starting run keyword runFeatureFile: 'Include/features/e-Saklama/e-Defter/e-Defter Saklama/Sil.feature' and extract report to folder: 'C:\Users\DELL\Documents\GitHub\EES_KatalonLogo\Reports\20211112_103406\Suite Repository\e-Saklama\20211112_103457/cucumber_report/1636704554908'...

2021-11-12 11:09:14 - [MESSAGE][INFO] - Glue: []

2021-11-12 11:09:15 - [MESSAGE][INFO] - Checking called Test Case

2021-11-12 11:09:15 - [MESSAGE][INFO] - Starting to call Test Case 'Test Cases/Sayfalar/Giris_Sayfasi/Login'

2021-11-12 11:09:15 - [TEST_CASE][PASSED] - Test Cases/Sayfalar/Giris_Sayfasi/Login: Test Cases/Sayfalar/Giris_Sayfasi/Login

2021-11-12 11:09:15 - [TEST_STEP][PASSED] - Sayfa_Basligi = getWindowTitle(): Current window's title is: 'LOGO e-Fatura'

2021-11-12 11:09:15 - [MESSAGE][INFO] - Getting current window's title

2021-11-12 11:09:15 - [MESSAGE][PASSED] - Current window's title is: 'LOGO e-Fatura'

2021-11-12 11:09:15 - [TEST_STEP][PASSED] - verifyMatch(Sayfa_Basligi, "LOGO e-Fatura", false): Actual text 'LOGO e-Fatura' and expected text 'LOGO e-Fatura' are matched 

2021-11-12 11:09:15 - [MESSAGE][INFO] - Matching actual text 'LOGO e-Fatura' with expected text 'LOGO e-Fatura'

2021-11-12 11:09:15 - [MESSAGE][PASSED] - Actual text 'LOGO e-Fatura' and expected text 'LOGO e-Fatura' are matched 

2021-11-12 11:09:15 - [TEST_STEP][PASSED] - sendKeys(findTestObject("Sayfalar/Giris_Sayfasi/Firma_Kodu"), KullaniciAdi): Keys 'ELOGO6' sent to object: 'Object Repository/Sayfalar/Giris_Sayfasi/Firma_Kodu'

2021-11-12 11:09:15 - [MESSAGE][INFO] - Finding Test Object 'Object Repository/Sayfalar/Giris_Sayfasi/Firma_Kodu'

2021-11-12 11:09:16 - [MESSAGE][INFO] - Sending keys 'ELOGO6' to object: 'Object Repository/Sayfalar/Giris_Sayfasi/Firma_Kodu'

2021-11-12 11:09:16 - [MESSAGE][INFO] - Finding web element from Test Object's properties

2021-11-12 11:09:16 - [MESSAGE][INFO] - Checking timeout

2021-11-12 11:09:16 - [MESSAGE][INFO] - Finding web element with id: 'Object Repository/Sayfalar/Giris_Sayfasi/Firma_Kodu' located by 'By.xpath: //*[@id = 'AccountName']' in '30' second(s)

2021-11-12 11:09:16 - [MESSAGE][INFO] - Smart Wait Function is triggered

2021-11-12 11:09:16 - [MESSAGE][INFO] - Found 1 web elements with id: 'Object Repository/Sayfalar/Giris_Sayfasi/Firma_Kodu' located by 'By.xpath: //*[@id = 'AccountName']' in '30' second(s)

2021-11-12 11:09:16 - [MESSAGE][PASSED] - Keys 'ELOGO6' sent to object: 'Object Repository/Sayfalar/Giris_Sayfasi/Firma_Kodu'

2021-11-12 11:09:16 - [TEST_STEP][PASSED] - sendKeys(findTestObject("Sayfalar/Giris_Sayfasi/Sifre"), Sifre): Keys '123456' sent to object: 'Object Repository/Sayfalar/Giris_Sayfasi/Sifre'

2021-11-12 11:09:16 - [MESSAGE][INFO] - Finding Test Object 'Object Repository/Sayfalar/Giris_Sayfasi/Sifre'

2021-11-12 11:09:16 - [MESSAGE][INFO] - Sending keys '123456' to object: 'Object Repository/Sayfalar/Giris_Sayfasi/Sifre'

2021-11-12 11:09:16 - [MESSAGE][INFO] - Finding web element from Test Object's properties

2021-11-12 11:09:16 - [MESSAGE][INFO] - Checking timeout

2021-11-12 11:09:16 - [MESSAGE][INFO] - Finding web element with id: 'Object Repository/Sayfalar/Giris_Sayfasi/Sifre' located by 'By.xpath: //*[@id = 'Password']' in '30' second(s)

2021-11-12 11:09:16 - [MESSAGE][INFO] - Smart Wait Function is triggered

2021-11-12 11:09:16 - [MESSAGE][INFO] - Found 1 web elements with id: 'Object Repository/Sayfalar/Giris_Sayfasi/Sifre' located by 'By.xpath: //*[@id = 'Password']' in '30' second(s)

2021-11-12 11:09:16 - [MESSAGE][PASSED] - Keys '123456' sent to object: 'Object Repository/Sayfalar/Giris_Sayfasi/Sifre'

2021-11-12 11:09:16 - [TEST_STEP][PASSED] - findWebElement(findTestObject("Sayfalar/Giris_Sayfasi/Giris_Butonu")).click(): Found 1 web elements with id: 'Object Repository/Sayfalar/Giris_Sayfasi/Giris_Butonu' located by 'By.cssSelector: #btnLogin' in '30' second(s)

2021-11-12 11:09:16 - [MESSAGE][INFO] - Finding Test Object 'Object Repository/Sayfalar/Giris_Sayfasi/Giris_Butonu'

2021-11-12 11:09:16 - [MESSAGE][INFO] - Finding web element from Test Object's properties

2021-11-12 11:09:16 - [MESSAGE][INFO] - Checking timeout

2021-11-12 11:09:16 - [MESSAGE][INFO] - Finding web element with id: 'Object Repository/Sayfalar/Giris_Sayfasi/Giris_Butonu' located by 'By.cssSelector: #btnLogin' in '30' second(s)

2021-11-12 11:09:16 - [MESSAGE][INFO] - Smart Wait Function is triggered

2021-11-12 11:09:17 - [MESSAGE][INFO] - Found 1 web elements with id: 'Object Repository/Sayfalar/Giris_Sayfasi/Giris_Butonu' located by 'By.cssSelector: #btnLogin' in '30' second(s)

2021-11-12 11:09:20 - [TEST_STEP][PASSED] - if (verifyElementPresent(findTestObject("Object Repository/Sayfalar/Giris_Sayfasi/RetveTamam_Butonu"), 5, OPTIONAL)): null

2021-11-12 11:09:20 - [MESSAGE][INFO] - Finding Test Object 'Object Repository/Sayfalar/Giris_Sayfasi/RetveTamam_Butonu'

2021-11-12 11:09:20 - [MESSAGE][INFO] - Checking object

2021-11-12 11:09:20 - [MESSAGE][INFO] - Finding web element from Test Object's properties

2021-11-12 11:09:20 - [MESSAGE][INFO] - Checking timeout

2021-11-12 11:09:20 - [MESSAGE][INFO] - Finding web element with id: 'Object Repository/Sayfalar/Giris_Sayfasi/RetveTamam_Butonu' located by 'By.xpath: //*[@class = 'btn btn-default']' in '5' second(s)

2021-11-12 11:09:20 - [MESSAGE][INFO] - Smart Wait Function is triggered

2021-11-12 11:09:21 - [MESSAGE][INFO] - Found 1 web elements with id: 'Object Repository/Sayfalar/Giris_Sayfasi/RetveTamam_Butonu' located by 'By.xpath: //*[@class = 'btn btn-default']' in '5' second(s)

2021-11-12 11:09:21 - [MESSAGE][PASSED] - Object 'Object Repository/Sayfalar/Giris_Sayfasi/RetveTamam_Butonu' is present

2021-11-12 11:09:21 - [TEST_STEP][PASSED] - click(findTestObject("Object Repository/Sayfalar/Giris_Sayfasi/RetveTamam_Butonu")): Object: 'Object Repository/Sayfalar/Giris_Sayfasi/RetveTamam_Butonu' is clicked on

2021-11-12 11:09:21 - [MESSAGE][INFO] - Finding Test Object 'Object Repository/Sayfalar/Giris_Sayfasi/RetveTamam_Butonu'

2021-11-12 11:09:21 - [MESSAGE][INFO] - Checking object

2021-11-12 11:09:21 - [MESSAGE][INFO] - Finding web element from Test Object's properties

2021-11-12 11:09:21 - [MESSAGE][INFO] - Checking timeout

2021-11-12 11:09:21 - [MESSAGE][INFO] - Finding web element with id: 'Object Repository/Sayfalar/Giris_Sayfasi/RetveTamam_Butonu' located by 'By.xpath: //*[@class = 'btn btn-default']' in '30' second(s)

2021-11-12 11:09:21 - [MESSAGE][INFO] - Smart Wait Function is triggered

2021-11-12 11:09:21 - [MESSAGE][INFO] - Found 1 web elements with id: 'Object Repository/Sayfalar/Giris_Sayfasi/RetveTamam_Butonu' located by 'By.xpath: //*[@class = 'btn btn-default']' in '30' second(s)

2021-11-12 11:09:21 - [MESSAGE][INFO] - Clicking on object: 'Object Repository/Sayfalar/Giris_Sayfasi/RetveTamam_Butonu'

2021-11-12 11:09:21 - [MESSAGE][PASSED] - Object: 'Object Repository/Sayfalar/Giris_Sayfasi/RetveTamam_Butonu' is clicked on

2021-11-12 11:09:21 - [TEST_STEP][PASSED] - click(findTestObject("Object Repository/Sayfalar/Giris_Sayfasi/RetveTamam_Butonu")): Object: 'Object Repository/Sayfalar/Giris_Sayfasi/RetveTamam_Butonu' is clicked on

2021-11-12 11:09:21 - [MESSAGE][INFO] - Finding Test Object 'Object Repository/Sayfalar/Giris_Sayfasi/RetveTamam_Butonu'

2021-11-12 11:09:21 - [MESSAGE][INFO] - Checking object

2021-11-12 11:09:21 - [MESSAGE][INFO] - Finding web element from Test Object's properties

2021-11-12 11:09:21 - [MESSAGE][INFO] - Checking timeout

2021-11-12 11:09:21 - [MESSAGE][INFO] - Finding web element with id: 'Object Repository/Sayfalar/Giris_Sayfasi/RetveTamam_Butonu' located by 'By.xpath: //*[@class = 'btn btn-default']' in '30' second(s)

2021-11-12 11:09:21 - [MESSAGE][INFO] - Smart Wait Function is triggered

2021-11-12 11:09:24 - [MESSAGE][INFO] - Found 1 web elements with id: 'Object Repository/Sayfalar/Giris_Sayfasi/RetveTamam_Butonu' located by 'By.xpath: //*[@class = 'btn btn-default']' in '30' second(s)

2021-11-12 11:09:24 - [MESSAGE][INFO] - Clicking on object: 'Object Repository/Sayfalar/Giris_Sayfasi/RetveTamam_Butonu'

2021-11-12 11:09:24 - [MESSAGE][PASSED] - Object: 'Object Repository/Sayfalar/Giris_Sayfasi/RetveTamam_Butonu' is clicked on

2021-11-12 11:09:24 - [TEST_STEP][PASSED] - if (verifyElementPresent(findTestObject("Sayfalar/Giris_Sayfasi/PopupOK"), 5, OPTIONAL)): null

2021-11-12 11:09:24 - [MESSAGE][INFO] - Finding Test Object 'Object Repository/Sayfalar/Giris_Sayfasi/PopupOK'

2021-11-12 11:09:24 - [MESSAGE][INFO] - Checking object

2021-11-12 11:09:24 - [MESSAGE][INFO] - Finding web element from Test Object's properties

2021-11-12 11:09:24 - [MESSAGE][INFO] - Checking timeout

2021-11-12 11:09:24 - [MESSAGE][INFO] - Finding web element with id: 'Object Repository/Sayfalar/Giris_Sayfasi/PopupOK' located by 'By.cssSelector: .btn.btn-success' in '5' second(s)

2021-11-12 11:09:24 - [MESSAGE][INFO] - Smart Wait Function is triggered

2021-11-12 11:09:25 - [MESSAGE][INFO] - Found 1 web elements with id: 'Object Repository/Sayfalar/Giris_Sayfasi/PopupOK' located by 'By.cssSelector: .btn.btn-success' in '5' second(s)

2021-11-12 11:09:25 - [MESSAGE][PASSED] - Object 'Object Repository/Sayfalar/Giris_Sayfasi/PopupOK' is present

2021-11-12 11:09:25 - [TEST_STEP][PASSED] - click(findTestObject("Object Repository/Sayfalar/Giris_Sayfasi/PopupCarpiGiris")): Object: 'Object Repository/Sayfalar/Giris_Sayfasi/PopupCarpiGiris' is clicked on

2021-11-12 11:09:25 - [MESSAGE][INFO] - Finding Test Object 'Object Repository/Sayfalar/Giris_Sayfasi/PopupCarpiGiris'

2021-11-12 11:09:25 - [MESSAGE][INFO] - Checking object

2021-11-12 11:09:25 - [MESSAGE][INFO] - Finding web element from Test Object's properties

2021-11-12 11:09:25 - [MESSAGE][INFO] - Checking timeout

2021-11-12 11:09:25 - [MESSAGE][INFO] - Finding web element with id: 'Object Repository/Sayfalar/Giris_Sayfasi/PopupCarpiGiris' located by 'By.cssSelector: .bootbox-close-button.close' in '30' second(s)

2021-11-12 11:09:25 - [MESSAGE][INFO] - Smart Wait Function is triggered

2021-11-12 11:09:25 - [MESSAGE][INFO] - Found 1 web elements with id: 'Object Repository/Sayfalar/Giris_Sayfasi/PopupCarpiGiris' located by 'By.cssSelector: .bootbox-close-button.close' in '30' second(s)

2021-11-12 11:09:25 - [MESSAGE][INFO] - Clicking on object: 'Object Repository/Sayfalar/Giris_Sayfasi/PopupCarpiGiris'

2021-11-12 11:09:25 - [MESSAGE][PASSED] - Object: 'Object Repository/Sayfalar/Giris_Sayfasi/PopupCarpiGiris' is clicked on

2021-11-12 11:09:25 - [TEST_STEP][PASSED] - verifyElementVisible(findTestObject("Object Repository/Kullanici_Islemleri/KullaniciIslemleri")): Object 'Object Repository/Kullanici_Islemleri/KullaniciIslemleri' is visible

2021-11-12 11:09:25 - [MESSAGE][INFO] - Finding Test Object 'Object Repository/Kullanici_Islemleri/KullaniciIslemleri'

2021-11-12 11:09:26 - [MESSAGE][INFO] - Checking object

2021-11-12 11:09:26 - [MESSAGE][INFO] - Finding web element from Test Object's properties

2021-11-12 11:09:26 - [MESSAGE][INFO] - Checking timeout

2021-11-12 11:09:26 - [MESSAGE][INFO] - Finding web element with id: 'Object Repository/Kullanici_Islemleri/KullaniciIslemleri' located by 'By.cssSelector: .dropdown>a>img' in '30' second(s)

2021-11-12 11:09:26 - [MESSAGE][INFO] - Smart Wait Function is triggered

2021-11-12 11:09:26 - [MESSAGE][INFO] - Found 1 web elements with id: 'Object Repository/Kullanici_Islemleri/KullaniciIslemleri' located by 'By.cssSelector: .dropdown>a>img' in '30' second(s)

2021-11-12 11:09:26 - [MESSAGE][PASSED] - Object 'Object Repository/Kullanici_Islemleri/KullaniciIslemleri' is visible

2021-11-12 11:09:26 - [MESSAGE][PASSED] - Call Test Case 'Test Cases/Sayfalar/Giris_Sayfasi/Login' successfully

2021-11-12 11:09:26 - [MESSAGE][INFO] - Checking called Test Case

2021-11-12 11:09:26 - [MESSAGE][INFO] - Starting to call Test Case 'Test Cases/Menu/AnaMenuSecimi'

2021-11-12 11:09:26 - [TEST_CASE][PASSED] - Test Cases/Menu/AnaMenuSecimi: Test Cases/Menu/AnaMenuSecimi

2021-11-12 11:09:26 - [TEST_STEP][PASSED] - Method.TextDegerineEsitElementeTikla(findTestObject("Menu/Ana_Menu"), Ana_Menu): Method.TextDegerineEsitElementeTikla is PASSED

2021-11-12 11:09:26 - [MESSAGE][INFO] - Finding Test Object 'Object Repository/Menu/Ana_Menu'

2021-11-12 11:09:26 - [MESSAGE][INFO] - Checking timeout

2021-11-12 11:09:26 - [MESSAGE][INFO] - Finding web element with id: 'Object Repository/Menu/Ana_Menu' located by 'By.xpath: //*[@class = 'dropdown-toggle']' in '10' second(s)

2021-11-12 11:09:26 - [MESSAGE][INFO] - Smart Wait Function is triggered

2021-11-12 11:09:27 - [MESSAGE][INFO] - Found 14 web elements with id: 'Object Repository/Menu/Ana_Menu' located by 'By.xpath: //*[@class = 'dropdown-toggle']' in '10' second(s)

2021-11-12 11:09:27 - [MESSAGE][PASSED] - Method.TextDegerineEsitElementeTikla is PASSED

2021-11-12 11:09:27 - [MESSAGE][PASSED] - Call Test Case 'Test Cases/Menu/AnaMenuSecimi' successfully

2021-11-12 11:09:27 - [MESSAGE][INFO] - Checking called Test Case

2021-11-12 11:09:27 - [MESSAGE][INFO] - Starting to call Test Case 'Test Cases/Menu/BasligaGoreAltMenuSecimi'

2021-11-12 11:09:27 - [TEST_CASE][PASSED] - Test Cases/Menu/BasligaGoreAltMenuSecimi: Test Cases/Menu/BasligaGoreAltMenuSecimi

2021-11-12 11:09:27 - [TEST_STEP][PASSED] - Method.TextDegerineEsitElementinAltindakiTextDegerineEsitOlanaTikla(findTestObject("Menu/Menu_Basligi"), findTestObject("Menu/Basliga_Gore_Alt_Menu"), Baslik, Alt_Menu): Method.TextDegerineEsitElementinAltindakiTextDegerineEsitOlanaTikla is PASSED

2021-11-12 11:09:27 - [MESSAGE][INFO] - Finding Test Object 'Object Repository/Menu/Menu_Basligi'

2021-11-12 11:09:27 - [MESSAGE][INFO] - Finding Test Object 'Object Repository/Menu/Basliga_Gore_Alt_Menu'

2021-11-12 11:09:27 - [MESSAGE][INFO] - Checking timeout

2021-11-12 11:09:27 - [MESSAGE][INFO] - Finding web element with id: 'Object Repository/Menu/Menu_Basligi' located by 'By.xpath: //li[@class='dropdown dropdown-large open']//li[@class='dropdown-header']' in '10' second(s)

2021-11-12 11:09:27 - [MESSAGE][INFO] - Smart Wait Function is triggered

2021-11-12 11:09:27 - [MESSAGE][INFO] - Found 2 web elements with id: 'Object Repository/Menu/Menu_Basligi' located by 'By.xpath: //li[@class='dropdown dropdown-large open']//li[@class='dropdown-header']' in '10' second(s)

2021-11-12 11:09:27 - [MESSAGE][INFO] - Smart Wait Function is triggered

2021-11-12 11:09:29 - [MESSAGE][PASSED] - Method.TextDegerineEsitElementinAltindakiTextDegerineEsitOlanaTikla is PASSED

2021-11-12 11:09:29 - [MESSAGE][PASSED] - Call Test Case 'Test Cases/Menu/BasligaGoreAltMenuSecimi' successfully

2021-11-12 11:09:29 - [MESSAGE][INFO] - Checking called Test Case

2021-11-12 11:09:29 - [MESSAGE][INFO] - Starting to call Test Case 'Test Cases/Filtreler/ButonaTikla'

2021-11-12 11:09:29 - [TEST_CASE][PASSED] - Test Cases/Filtreler/ButonaTikla: Test Cases/Filtreler/ButonaTikla

2021-11-12 11:09:29 - [TEST_STEP][PASSED] - Method.TextDegerineEsitElementeTikla(findTestObject("Filtreler/Butonlar"), Filtre_Buton): Method.TextDegerineEsitElementeTikla is PASSED

2021-11-12 11:09:29 - [MESSAGE][INFO] - Finding Test Object 'Object Repository/Filtreler/Butonlar'

2021-11-12 11:09:29 - [MESSAGE][INFO] - Checking timeout

2021-11-12 11:09:29 - [MESSAGE][INFO] - Finding web element with id: 'Object Repository/Filtreler/Butonlar' located by 'By.cssSelector: .dxb>span' in '10' second(s)

2021-11-12 11:09:29 - [MESSAGE][INFO] - Smart Wait Function is triggered

2021-11-12 11:09:30 - [MESSAGE][INFO] - Found 1 web elements with id: 'Object Repository/Filtreler/Butonlar' located by 'By.cssSelector: .dxb>span' in '10' second(s)

2021-11-12 11:09:30 - [MESSAGE][PASSED] - Method.TextDegerineEsitElementeTikla is PASSED

2021-11-12 11:09:30 - [MESSAGE][PASSED] - Call Test Case 'Test Cases/Filtreler/ButonaTikla' successfully

2021-11-12 11:09:30 - [MESSAGE][INFO] - Checking called Test Case

2021-11-12 11:09:30 - [MESSAGE][INFO] - Starting to call Test Case 'Test Cases/Tablo/KlasorAcilir'

2021-11-12 11:09:30 - [TEST_CASE][ERROR] - Test Cases/Tablo/KlasorAcilir: Test Cases/Tablo/KlasorAcilir FAILED.
Reason:
org.codehaus.groovy.runtime.InvokerInvocationException: Assertion failed: 

assert a
       |
       false

	at Method.invokeMethod(Method.groovy)
	at com.kms.katalon.core.main.CustomKeywordDelegatingMetaClass.invokeStaticMethod(CustomKeywordDelegatingMetaClass.java:50)
	at KlasorAcilir.run(KlasorAcilir:19)
	at com.kms.katalon.core.main.ScriptEngine.run(ScriptEngine.java:194)
	at com.kms.katalon.core.main.ScriptEngine.runScriptAsRawText(ScriptEngine.java:119)
	at com.kms.katalon.core.main.TestCaseExecutor.runScript(TestCaseExecutor.java:369)
	at com.kms.katalon.core.main.TestCaseExecutor.doExecute(TestCaseExecutor.java:360)
	at com.kms.katalon.core.main.TestCaseExecutor.processExecutionPhase(TestCaseExecutor.java:339)
	at com.kms.katalon.core.main.TestCaseExecutor.accessMainPhase(TestCaseExecutor.java:331)
	at com.kms.katalon.core.main.TestCaseExecutor.execute(TestCaseExecutor.java:248)
	at com.kms.katalon.core.main.TestCaseMain.runTestCase(TestCaseMain.java:138)
	at com.kms.katalon.core.keyword.builtin.CallTestCaseKeyword$_callTestCase_closure1.doCall(CallTestCaseKeyword.groovy:59)
	at com.kms.katalon.core.keyword.builtin.CallTestCaseKeyword$_callTestCase_closure1.call(CallTestCaseKeyword.groovy)
	at com.kms.katalon.core.keyword.internal.KeywordMain.runKeyword(KeywordMain.groovy:68)
	at com.kms.katalon.core.keyword.builtin.CallTestCaseKeyword.callTestCase(CallTestCaseKeyword.groovy:81)
	at com.kms.katalon.core.keyword.builtin.CallTestCaseKeyword.execute(CallTestCaseKeyword.groovy:44)
	at com.kms.katalon.core.keyword.internal.KeywordExecutor.executeKeywordForPlatform(KeywordExecutor.groovy:73)
	at com.kms.katalon.core.keyword.BuiltinKeywords.callTestCase(BuiltinKeywords.groovy:334)
	at tablo.tablo.adliKlasorAcilir(tablo.groovy:166)
	at cucumber.runtime.Utils$1.call(Utils.java:26)
	at cucumber.runtime.Timeout.timeout(Timeout.java:16)
	at cucumber.runtime.Utils.invoke(Utils.java:20)
	at cucumber.runtime.java.JavaStepDefinition.execute(JavaStepDefinition.java:49)
	at cucumber.runner.PickleStepDefinitionMatch.runStep(PickleStepDefinitionMatch.java:50)
	at cucumber.runner.TestStep.executeStep(TestStep.java:63)
	at cucumber.runner.TestStep.run(TestStep.java:49)
	at cucumber.runner.PickleStepTestStep.run(PickleStepTestStep.java:43)
	at cucumber.runner.TestCase.run(TestCase.java:44)
	at cucumber.runner.Runner.runPickle(Runner.java:40)
	at cucumber.runtime.Runtime$1.run(Runtime.java:84)
	at cucumber.runtime.Runtime$SameThreadExecutorService.execute(Runtime.java:220)
	at cucumber.runtime.Runtime.run(Runtime.java:81)
	at cucumber.api.cli.Main.run(Main.java:26)
	at cucumber.api.cli.Main$run.call(Unknown Source)
	at com.kms.katalon.core.cucumber.keyword.CucumberBuiltinKeywords$_runFeatureFile_closure1.doCall(CucumberBuiltinKeywords.groovy:106)
	at com.kms.katalon.core.cucumber.keyword.CucumberBuiltinKeywords$_runFeatureFile_closure1.doCall(CucumberBuiltinKeywords.groovy)
	at com.kms.katalon.core.keyword.internal.KeywordMain.runKeyword(KeywordMain.groovy:68)
	at com.kms.katalon.core.keyword.internal.KeywordMain$runKeyword.call(Unknown Source)
	at com.kms.katalon.core.cucumber.keyword.CucumberBuiltinKeywords.runFeatureFile(CucumberBuiltinKeywords.groovy:73)
	at com.kms.katalon.core.cucumber.keyword.CucumberBuiltinKeywords$runFeatureFile$0.callStatic(Unknown Source)
	at com.kms.katalon.core.cucumber.keyword.CucumberBuiltinKeywords.runFeatureFile(CucumberBuiltinKeywords.groovy:246)
	at com.kms.katalon.core.cucumber.keyword.CucumberBuiltinKeywords$runFeatureFile.call(Unknown Source)
	at Sil.run(Sil:19)
	at com.kms.katalon.core.main.ScriptEngine.run(ScriptEngine.java:194)
	at com.kms.katalon.core.main.ScriptEngine.runScriptAsRawText(ScriptEngine.java:119)
	at com.kms.katalon.core.main.TestCaseExecutor.runScript(TestCaseExecutor.java:369)
	at com.kms.katalon.core.main.TestCaseExecutor.doExecute(TestCaseExecutor.java:360)
	at com.kms.katalon.core.main.TestCaseExecutor.processExecutionPhase(TestCaseExecutor.java:339)
	at com.kms.katalon.core.main.TestCaseExecutor.accessMainPhase(TestCaseExecutor.java:331)
	at com.kms.katalon.core.main.TestCaseExecutor.execute(TestCaseExecutor.java:248)
	at com.kms.katalon.core.main.TestSuiteExecutor.accessTestCaseMainPhase(TestSuiteExecutor.java:191)
	at com.kms.katalon.core.main.TestSuiteExecutor.accessTestSuiteMainPhase(TestSuiteExecutor.java:140)
	at com.kms.katalon.core.main.TestSuiteExecutor.execute(TestSuiteExecutor.java:89)
	at com.kms.katalon.core.main.TestCaseMain.startTestSuite(TestCaseMain.java:181)
	at com.kms.katalon.core.main.TestCaseMain$startTestSuite$0.call(Unknown Source)
	at TempTestSuite1636702497904.run(TempTestSuite1636702497904.groovy:39)
Caused by: Assertion failed: 

assert a
       |
       false

	at Method.TextDegerineEsitElementinAltindakineTikla(Method.groovy:262)
	... 56 more


2021-11-12 11:09:30 - [TEST_STEP][FAILED] - Method.TextDegerineEsitElementinAltindakineTikla(findTestObject("Object Repository/Tablo/Klasorler"), findTestObject("Object Repository/Tablo/KlasorAc"), Klasor): Assertion failed: 

assert a
       |
       false


2021-11-12 11:09:30 - [MESSAGE][INFO] - Finding Test Object 'Object Repository/Tablo/Klasorler'

2021-11-12 11:09:30 - [MESSAGE][INFO] - Finding Test Object 'Object Repository/Tablo/KlasorAc'

2021-11-12 11:09:30 - [MESSAGE][INFO] - Checking timeout

2021-11-12 11:09:30 - [MESSAGE][INFO] - Finding web element with id: 'Object Repository/Tablo/Klasorler' located by 'By.cssSelector: .dxtl.dxtl__B0' in '10' second(s)

2021-11-12 11:09:30 - [MESSAGE][INFO] - Smart Wait Function is triggered

2021-11-12 11:09:31 - [MESSAGE][INFO] - Smart Wait Function is triggered

2021-11-12 11:09:31 - [MESSAGE][INFO] - Smart Wait Function is triggered

2021-11-12 11:09:31 - [MESSAGE][INFO] - Smart Wait Function is triggered

2021-11-12 11:09:32 - [MESSAGE][INFO] - Smart Wait Function is triggered

2021-11-12 11:09:32 - [MESSAGE][INFO] - Smart Wait Function is triggered

2021-11-12 11:09:32 - [MESSAGE][INFO] - Smart Wait Function is triggered

2021-11-12 11:09:32 - [MESSAGE][INFO] - Smart Wait Function is triggered

2021-11-12 11:09:33 - [MESSAGE][INFO] - Smart Wait Function is triggered

2021-11-12 11:09:33 - [MESSAGE][INFO] - Smart Wait Function is triggered

2021-11-12 11:09:33 - [MESSAGE][INFO] - Smart Wait Function is triggered

2021-11-12 11:09:33 - [MESSAGE][INFO] - Smart Wait Function is triggered

2021-11-12 11:09:34 - [MESSAGE][INFO] - Smart Wait Function is triggered

2021-11-12 11:09:34 - [MESSAGE][INFO] - Smart Wait Function is triggered

2021-11-12 11:09:34 - [MESSAGE][INFO] - Smart Wait Function is triggered

2021-11-12 11:09:35 - [MESSAGE][INFO] - Smart Wait Function is triggered

2021-11-12 11:09:35 - [MESSAGE][INFO] - Smart Wait Function is triggered

2021-11-12 11:09:35 - [MESSAGE][INFO] - Smart Wait Function is triggered

2021-11-12 11:09:36 - [MESSAGE][INFO] - Smart Wait Function is triggered

2021-11-12 11:09:36 - [MESSAGE][INFO] - Smart Wait Function is triggered

2021-11-12 11:09:36 - [MESSAGE][INFO] - Smart Wait Function is triggered

2021-11-12 11:09:36 - [MESSAGE][INFO] - Smart Wait Function is triggered

2021-11-12 11:09:37 - [MESSAGE][INFO] - Smart Wait Function is triggered

2021-11-12 11:09:37 - [MESSAGE][INFO] - Smart Wait Function is triggered

2021-11-12 11:09:37 - [MESSAGE][INFO] - Smart Wait Function is triggered

2021-11-12 11:09:37 - [MESSAGE][INFO] - Smart Wait Function is triggered

2021-11-12 11:09:38 - [MESSAGE][INFO] - Smart Wait Function is triggered

2021-11-12 11:09:38 - [MESSAGE][INFO] - Smart Wait Function is triggered

2021-11-12 11:09:38 - [MESSAGE][INFO] - Smart Wait Function is triggered

2021-11-12 11:09:38 - [MESSAGE][INFO] - Smart Wait Function is triggered

2021-11-12 11:09:39 - [MESSAGE][INFO] - Smart Wait Function is triggered

2021-11-12 11:09:39 - [MESSAGE][INFO] - Smart Wait Function is triggered

2021-11-12 11:09:39 - [MESSAGE][INFO] - Smart Wait Function is triggered

2021-11-12 11:09:39 - [MESSAGE][INFO] - Smart Wait Function is triggered

2021-11-12 11:09:40 - [MESSAGE][INFO] - Smart Wait Function is triggered

2021-11-12 11:09:40 - [MESSAGE][INFO] - Smart Wait Function is triggered

2021-11-12 11:09:40 - [MESSAGE][INFO] - Smart Wait Function is triggered

2021-11-12 11:09:41 - [MESSAGE][INFO] - Smart Wait Function is triggered

2021-11-12 11:09:41 - [MESSAGE][INFO] - Smart Wait Function is triggered

2021-11-12 11:09:41 - [MESSAGE][INFO] - Smart Wait Function is triggered

2021-11-12 11:09:41 - [MESSAGE][INFO] - Smart Wait Function is triggered

2021-11-12 11:09:42 - [MESSAGE][INFO] - Unable to find the element located by 'By.cssSelector: .dxtl.dxtl__B0'. Please recheck the objects properties to make sure the desired element is located. 

2021-11-12 11:09:42 - [MESSAGE][FAILED] - Assertion failed: 

assert a
       |
       false


2021-11-12 11:09:42 - [MESSAGE][FAILED] - Unable to call Test Case 'Test Cases/Tablo/KlasorAcilir' (Root cause: com.kms.katalon.core.exception.StepErrorException: Call Test Case 'Test Cases/Tablo/KlasorAcilir' failed because of error(s)
	at com.kms.katalon.core.keyword.builtin.CallTestCaseKeyword$_callTestCase_closure1.doCall(CallTestCaseKeyword.groovy:66)
	at com.kms.katalon.core.keyword.builtin.CallTestCaseKeyword$_callTestCase_closure1.call(CallTestCaseKeyword.groovy)
	at com.kms.katalon.core.keyword.internal.KeywordMain.runKeyword(KeywordMain.groovy:68)
	at com.kms.katalon.core.keyword.builtin.CallTestCaseKeyword.callTestCase(CallTestCaseKeyword.groovy:81)
	at com.kms.katalon.core.keyword.builtin.CallTestCaseKeyword.execute(CallTestCaseKeyword.groovy:44)
	at com.kms.katalon.core.keyword.internal.KeywordExecutor.executeKeywordForPlatform(KeywordExecutor.groovy:73)
	at com.kms.katalon.core.keyword.BuiltinKeywords.callTestCase(BuiltinKeywords.groovy:334)
	at tablo.tablo.adliKlasorAcilir(tablo.groovy:166)
	at cucumber.runtime.Utils$1.call(Utils.java:26)
	at cucumber.runtime.Timeout.timeout(Timeout.java:16)
	at cucumber.runtime.Utils.invoke(Utils.java:20)
	at cucumber.runtime.java.JavaStepDefinition.execute(JavaStepDefinition.java:49)
	at cucumber.runner.PickleStepDefinitionMatch.runStep(PickleStepDefinitionMatch.java:50)
	at cucumber.runner.TestStep.executeStep(TestStep.java:63)
	at cucumber.runner.TestStep.run(TestStep.java:49)
	at cucumber.runner.PickleStepTestStep.run(PickleStepTestStep.java:43)
	at cucumber.runner.TestCase.run(TestCase.java:44)
	at cucumber.runner.Runner.runPickle(Runner.java:40)
	at cucumber.runtime.Runtime$1.run(Runtime.java:84)
	at cucumber.runtime.Runtime$SameThreadExecutorService.execute(Runtime.java:220)
	at cucumber.runtime.Runtime.run(Runtime.java:81)
	at cucumber.api.cli.Main.run(Main.java:26)
	at cucumber.api.cli.Main$run.call(Unknown Source)
	at com.kms.katalon.core.cucumber.keyword.CucumberBuiltinKeywords$_runFeatureFile_closure1.doCall(CucumberBuiltinKeywords.groovy:106)
	at com.kms.katalon.core.cucumber.keyword.CucumberBuiltinKeywords$_runFeatureFile_closure1.doCall(CucumberBuiltinKeywords.groovy)
	at com.kms.katalon.core.keyword.internal.KeywordMain.runKeyword(KeywordMain.groovy:68)
	at com.kms.katalon.core.keyword.internal.KeywordMain$runKeyword.call(Unknown Source)
	at com.kms.katalon.core.cucumber.keyword.CucumberBuiltinKeywords.runFeatureFile(CucumberBuiltinKeywords.groovy:73)
	at com.kms.katalon.core.cucumber.keyword.CucumberBuiltinKeywords$runFeatureFile$0.callStatic(Unknown Source)
	at com.kms.katalon.core.cucumber.keyword.CucumberBuiltinKeywords.runFeatureFile(CucumberBuiltinKeywords.groovy:246)
	at com.kms.katalon.core.cucumber.keyword.CucumberBuiltinKeywords$runFeatureFile.call(Unknown Source)
	at Sil.run(Sil:19)
	at com.kms.katalon.core.main.ScriptEngine.run(ScriptEngine.java:194)
	at com.kms.katalon.core.main.ScriptEngine.runScriptAsRawText(ScriptEngine.java:119)
	at com.kms.katalon.core.main.TestCaseExecutor.runScript(TestCaseExecutor.java:369)
	at com.kms.katalon.core.main.TestCaseExecutor.doExecute(TestCaseExecutor.java:360)
	at com.kms.katalon.core.main.TestCaseExecutor.processExecutionPhase(TestCaseExecutor.java:339)
	at com.kms.katalon.core.main.TestCaseExecutor.accessMainPhase(TestCaseExecutor.java:331)
	at com.kms.katalon.core.main.TestCaseExecutor.execute(TestCaseExecutor.java:248)
	at com.kms.katalon.core.main.TestSuiteExecutor.accessTestCaseMainPhase(TestSuiteExecutor.java:191)
	at com.kms.katalon.core.main.TestSuiteExecutor.accessTestSuiteMainPhase(TestSuiteExecutor.java:140)
	at com.kms.katalon.core.main.TestSuiteExecutor.execute(TestSuiteExecutor.java:89)
	at com.kms.katalon.core.main.TestCaseMain.startTestSuite(TestCaseMain.java:181)
	at com.kms.katalon.core.main.TestCaseMain$startTestSuite$0.call(Unknown Source)
	at TempTestSuite1636702497904.run(TempTestSuite1636702497904.groovy:39)
Caused by: org.codehaus.groovy.runtime.InvokerInvocationException: Assertion failed: 

assert a
       |
       false

	at Method.invokeMethod(Method.groovy)
	at com.kms.katalon.core.main.CustomKeywordDelegatingMetaClass.invokeStaticMethod(CustomKeywordDelegatingMetaClass.java:50)
	at KlasorAcilir.run(KlasorAcilir:19)
	at com.kms.katalon.core.main.ScriptEngine.run(ScriptEngine.java:194)
	at com.kms.katalon.core.main.ScriptEngine.runScriptAsRawText(ScriptEngine.java:119)
	at com.kms.katalon.core.main.TestCaseExecutor.runScript(TestCaseExecutor.java:369)
	at com.kms.katalon.core.main.TestCaseExecutor.doExecute(TestCaseExecutor.java:360)
	at com.kms.katalon.core.main.TestCaseExecutor.processExecutionPhase(TestCaseExecutor.java:339)
	at com.kms.katalon.core.main.TestCaseExecutor.accessMainPhase(TestCaseExecutor.java:331)
	at com.kms.katalon.core.main.TestCaseExecutor.execute(TestCaseExecutor.java:248)
	at com.kms.katalon.core.main.TestCaseMain.runTestCase(TestCaseMain.java:138)
	at com.kms.katalon.core.keyword.builtin.CallTestCaseKeyword$_callTestCase_closure1.doCall(CallTestCaseKeyword.groovy:59)
	... 44 more
Caused by: Assertion failed: 

assert a
       |
       false

	at Method.TextDegerineEsitElementinAltindakineTikla(Method.groovy:262)
	... 56 more
)

2021-11-12 11:09:42 - [TEST_CASE][ERROR] - Start Test Case : SCENARIO e-Defter Saklama Goster: SCENARIO e-Defter Saklama Goster FAILED.
Reason:
com.kms.katalon.core.exception.StepErrorException: Call Test Case 'Test Cases/Tablo/KlasorAcilir' failed because of error(s)
	at com.kms.katalon.core.keyword.builtin.CallTestCaseKeyword$_callTestCase_closure1.doCall(CallTestCaseKeyword.groovy:66)
	at com.kms.katalon.core.keyword.builtin.CallTestCaseKeyword$_callTestCase_closure1.call(CallTestCaseKeyword.groovy)
	at com.kms.katalon.core.keyword.internal.KeywordMain.runKeyword(KeywordMain.groovy:68)
	at com.kms.katalon.core.keyword.builtin.CallTestCaseKeyword.callTestCase(CallTestCaseKeyword.groovy:81)
	at com.kms.katalon.core.keyword.builtin.CallTestCaseKeyword.execute(CallTestCaseKeyword.groovy:44)
	at com.kms.katalon.core.keyword.internal.KeywordExecutor.executeKeywordForPlatform(KeywordExecutor.groovy:73)
	at com.kms.katalon.core.keyword.BuiltinKeywords.callTestCase(BuiltinKeywords.groovy:334)
	at tablo.tablo.adliKlasorAcilir(tablo.groovy:166)
	at ✽.2021 adlı klasör açılır(C:/Users/DELL/Documents/GitHub/EES_KatalonLogo/Include/features/e-Saklama/e-Defter/e-Defter Saklama/Sil.feature:8)
Caused by: org.codehaus.groovy.runtime.InvokerInvocationException: Assertion failed: 

assert a
       |
       false

	at Method.invokeMethod(Method.groovy)
	at com.kms.katalon.core.main.CustomKeywordDelegatingMetaClass.invokeStaticMethod(CustomKeywordDelegatingMetaClass.java:50)
	at KlasorAcilir.run(KlasorAcilir:19)
	at com.kms.katalon.core.main.ScriptEngine.run(ScriptEngine.java:194)
	at com.kms.katalon.core.main.ScriptEngine.runScriptAsRawText(ScriptEngine.java:119)
	at com.kms.katalon.core.main.TestCaseExecutor.runScript(TestCaseExecutor.java:369)
	at com.kms.katalon.core.main.TestCaseExecutor.doExecute(TestCaseExecutor.java:360)
	at com.kms.katalon.core.main.TestCaseExecutor.processExecutionPhase(TestCaseExecutor.java:339)
	at com.kms.katalon.core.main.TestCaseExecutor.accessMainPhase(TestCaseExecutor.java:331)
	at com.kms.katalon.core.main.TestCaseExecutor.execute(TestCaseExecutor.java:248)
	at com.kms.katalon.core.main.TestCaseMain.runTestCase(TestCaseMain.java:138)
	at com.kms.katalon.core.keyword.builtin.CallTestCaseKeyword$_callTestCase_closure1.doCall(CallTestCaseKeyword.groovy:59)
	at com.kms.katalon.core.keyword.builtin.CallTestCaseKeyword$_callTestCase_closure1.call(CallTestCaseKeyword.groovy)
	at com.kms.katalon.core.keyword.internal.KeywordMain.runKeyword(KeywordMain.groovy:68)
	at com.kms.katalon.core.keyword.builtin.CallTestCaseKeyword.callTestCase(CallTestCaseKeyword.groovy:81)
	at com.kms.katalon.core.keyword.builtin.CallTestCaseKeyword.execute(CallTestCaseKeyword.groovy:44)
	at com.kms.katalon.core.keyword.internal.KeywordExecutor.executeKeywordForPlatform(KeywordExecutor.groovy:73)
	at com.kms.katalon.core.keyword.BuiltinKeywords.callTestCase(BuiltinKeywords.groovy:334)
	at tablo.tablo.adliKlasorAcilir(tablo.groovy:166)
	at cucumber.runtime.Utils$1.call(Utils.java:26)
	at cucumber.runtime.Timeout.timeout(Timeout.java:16)
	at cucumber.runtime.Utils.invoke(Utils.java:20)
	at cucumber.runtime.java.JavaStepDefinition.execute(JavaStepDefinition.java:49)
	at cucumber.runner.PickleStepDefinitionMatch.runStep(PickleStepDefinitionMatch.java:50)
	at cucumber.runner.TestStep.executeStep(TestStep.java:63)
	at cucumber.runner.TestStep.run(TestStep.java:49)
	at cucumber.runner.PickleStepTestStep.run(PickleStepTestStep.java:43)
	at cucumber.runner.TestCase.run(TestCase.java:44)
	at cucumber.runner.Runner.runPickle(Runner.java:40)
	at cucumber.runtime.Runtime$1.run(Runtime.java:84)
	at cucumber.runtime.Runtime$SameThreadExecutorService.execute(Runtime.java:220)
	at cucumber.runtime.Runtime.run(Runtime.java:81)
	at cucumber.api.cli.Main.run(Main.java:26)
	at cucumber.api.cli.Main$run.call(Unknown Source)
	at com.kms.katalon.core.cucumber.keyword.CucumberBuiltinKeywords$_runFeatureFile_closure1.doCall(CucumberBuiltinKeywords.groovy:106)
	at com.kms.katalon.core.cucumber.keyword.CucumberBuiltinKeywords$_runFeatureFile_closure1.doCall(CucumberBuiltinKeywords.groovy)
	at com.kms.katalon.core.keyword.internal.KeywordMain.runKeyword(KeywordMain.groovy:68)
	at com.kms.katalon.core.keyword.internal.KeywordMain$runKeyword.call(Unknown Source)
	at com.kms.katalon.core.cucumber.keyword.CucumberBuiltinKeywords.runFeatureFile(CucumberBuiltinKeywords.groovy:73)
	at com.kms.katalon.core.cucumber.keyword.CucumberBuiltinKeywords$runFeatureFile$0.callStatic(Unknown Source)
	at com.kms.katalon.core.cucumber.keyword.CucumberBuiltinKeywords.runFeatureFile(CucumberBuiltinKeywords.groovy:246)
	at com.kms.katalon.core.cucumber.keyword.CucumberBuiltinKeywords$runFeatureFile.call(Unknown Source)
	at Sil.run(Sil:19)
	at com.kms.katalon.core.main.ScriptEngine.run(ScriptEngine.java:194)
	at com.kms.katalon.core.main.ScriptEngine.runScriptAsRawText(ScriptEngine.java:119)
	at com.kms.katalon.core.main.TestCaseExecutor.runScript(TestCaseExecutor.java:369)
	at com.kms.katalon.core.main.TestCaseExecutor.doExecute(TestCaseExecutor.java:360)
	at com.kms.katalon.core.main.TestCaseExecutor.processExecutionPhase(TestCaseExecutor.java:339)
	at com.kms.katalon.core.main.TestCaseExecutor.accessMainPhase(TestCaseExecutor.java:331)
	at com.kms.katalon.core.main.TestCaseExecutor.execute(TestCaseExecutor.java:248)
	at com.kms.katalon.core.main.TestSuiteExecutor.accessTestCaseMainPhase(TestSuiteExecutor.java:191)
	at com.kms.katalon.core.main.TestSuiteExecutor.accessTestSuiteMainPhase(TestSuiteExecutor.java:140)
	at com.kms.katalon.core.main.TestSuiteExecutor.execute(TestSuiteExecutor.java:89)
	at com.kms.katalon.core.main.TestCaseMain.startTestSuite(TestCaseMain.java:181)
	at com.kms.katalon.core.main.TestCaseMain$startTestSuite$0.call(Unknown Source)
	at TempTestSuite1636702497904.run(TempTestSuite1636702497904.groovy:39)
Caused by: Assertion failed: 

assert a
       |
       false

	at Method.TextDegerineEsitElementinAltindakineTikla(Method.groovy:262)
	... 56 more


2021-11-12 11:09:42 - [TEST_STEP][PASSED] - Kullanıcı adı ELOGO6 ve Şifre 123456 olarak giriş yapılır: Kullanıcı adı ELOGO6 ve Şifre 123456 olarak giriş yapılır

2021-11-12 11:09:42 - [MESSAGE][PASSED] - Kullanıcı adı ELOGO6 ve Şifre 123456 olarak giriş yapılır

2021-11-12 11:09:42 - [TEST_STEP][PASSED] - Ana menüden e-Saklama seçilir: Ana menüden e-Saklama seçilir

2021-11-12 11:09:42 - [MESSAGE][PASSED] - Ana menüden e-Saklama seçilir

2021-11-12 11:09:42 - [TEST_STEP][PASSED] - Alt menü e-Defter başlığı altındaki e-Defter Saklama seçilir: Alt menü e-Defter başlığı altındaki e-Defter Saklama seçilir

2021-11-12 11:09:42 - [MESSAGE][PASSED] - Alt menü e-Defter başlığı altındaki e-Defter Saklama seçilir

2021-11-12 11:09:42 - [TEST_STEP][PASSED] - Filtre butonlarından Listele seçilir: Filtre butonlarından Listele seçilir

2021-11-12 11:09:42 - [MESSAGE][PASSED] - Filtre butonlarından Listele seçilir

2021-11-12 11:09:42 - [TEST_STEP][ERROR] - 2021 adlı klasör açılır: 2021 adlı klasör açılır FAILED.
Reason:
com.kms.katalon.core.exception.StepErrorException: Call Test Case 'Test Cases/Tablo/KlasorAcilir' failed because of error(s)
	at com.kms.katalon.core.keyword.builtin.CallTestCaseKeyword$_callTestCase_closure1.doCall(CallTestCaseKeyword.groovy:66)
	at com.kms.katalon.core.keyword.builtin.CallTestCaseKeyword$_callTestCase_closure1.call(CallTestCaseKeyword.groovy)
	at com.kms.katalon.core.keyword.internal.KeywordMain.runKeyword(KeywordMain.groovy:68)
	at com.kms.katalon.core.keyword.builtin.CallTestCaseKeyword.callTestCase(CallTestCaseKeyword.groovy:81)
	at com.kms.katalon.core.keyword.builtin.CallTestCaseKeyword.execute(CallTestCaseKeyword.groovy:44)
	at com.kms.katalon.core.keyword.internal.KeywordExecutor.executeKeywordForPlatform(KeywordExecutor.groovy:73)
	at com.kms.katalon.core.keyword.BuiltinKeywords.callTestCase(BuiltinKeywords.groovy:334)
	at tablo.tablo.adliKlasorAcilir(tablo.groovy:166)
	at ✽.2021 adlı klasör açılır(C:/Users/DELL/Documents/GitHub/EES_KatalonLogo/Include/features/e-Saklama/e-Defter/e-Defter Saklama/Sil.feature:8)
Caused by: org.codehaus.groovy.runtime.InvokerInvocationException: Assertion failed: 

assert a
       |
       false

	at Method.invokeMethod(Method.groovy)
	at com.kms.katalon.core.main.CustomKeywordDelegatingMetaClass.invokeStaticMethod(CustomKeywordDelegatingMetaClass.java:50)
	at KlasorAcilir.run(KlasorAcilir:19)
	at com.kms.katalon.core.main.ScriptEngine.run(ScriptEngine.java:194)
	at com.kms.katalon.core.main.ScriptEngine.runScriptAsRawText(ScriptEngine.java:119)
	at com.kms.katalon.core.main.TestCaseExecutor.runScript(TestCaseExecutor.java:369)
	at com.kms.katalon.core.main.TestCaseExecutor.doExecute(TestCaseExecutor.java:360)
	at com.kms.katalon.core.main.TestCaseExecutor.processExecutionPhase(TestCaseExecutor.java:339)
	at com.kms.katalon.core.main.TestCaseExecutor.accessMainPhase(TestCaseExecutor.java:331)
	at com.kms.katalon.core.main.TestCaseExecutor.execute(TestCaseExecutor.java:248)
	at com.kms.katalon.core.main.TestCaseMain.runTestCase(TestCaseMain.java:138)
	at com.kms.katalon.core.keyword.builtin.CallTestCaseKeyword$_callTestCase_closure1.doCall(CallTestCaseKeyword.groovy:59)
	at com.kms.katalon.core.keyword.builtin.CallTestCaseKeyword$_callTestCase_closure1.call(CallTestCaseKeyword.groovy)
	at com.kms.katalon.core.keyword.internal.KeywordMain.runKeyword(KeywordMain.groovy:68)
	at com.kms.katalon.core.keyword.builtin.CallTestCaseKeyword.callTestCase(CallTestCaseKeyword.groovy:81)
	at com.kms.katalon.core.keyword.builtin.CallTestCaseKeyword.execute(CallTestCaseKeyword.groovy:44)
	at com.kms.katalon.core.keyword.internal.KeywordExecutor.executeKeywordForPlatform(KeywordExecutor.groovy:73)
	at com.kms.katalon.core.keyword.BuiltinKeywords.callTestCase(BuiltinKeywords.groovy:334)
	at tablo.tablo.adliKlasorAcilir(tablo.groovy:166)
	at cucumber.runtime.Utils$1.call(Utils.java:26)
	at cucumber.runtime.Timeout.timeout(Timeout.java:16)
	at cucumber.runtime.Utils.invoke(Utils.java:20)
	at cucumber.runtime.java.JavaStepDefinition.execute(JavaStepDefinition.java:49)
	at cucumber.runner.PickleStepDefinitionMatch.runStep(PickleStepDefinitionMatch.java:50)
	at cucumber.runner.TestStep.executeStep(TestStep.java:63)
	at cucumber.runner.TestStep.run(TestStep.java:49)
	at cucumber.runner.PickleStepTestStep.run(PickleStepTestStep.java:43)
	at cucumber.runner.TestCase.run(TestCase.java:44)
	at cucumber.runner.Runner.runPickle(Runner.java:40)
	at cucumber.runtime.Runtime$1.run(Runtime.java:84)
	at cucumber.runtime.Runtime$SameThreadExecutorService.execute(Runtime.java:220)
	at cucumber.runtime.Runtime.run(Runtime.java:81)
	at cucumber.api.cli.Main.run(Main.java:26)
	at cucumber.api.cli.Main$run.call(Unknown Source)
	at com.kms.katalon.core.cucumber.keyword.CucumberBuiltinKeywords$_runFeatureFile_closure1.doCall(CucumberBuiltinKeywords.groovy:106)
	at com.kms.katalon.core.cucumber.keyword.CucumberBuiltinKeywords$_runFeatureFile_closure1.doCall(CucumberBuiltinKeywords.groovy)
	at com.kms.katalon.core.keyword.internal.KeywordMain.runKeyword(KeywordMain.groovy:68)
	at com.kms.katalon.core.keyword.internal.KeywordMain$runKeyword.call(Unknown Source)
	at com.kms.katalon.core.cucumber.keyword.CucumberBuiltinKeywords.runFeatureFile(CucumberBuiltinKeywords.groovy:73)
	at com.kms.katalon.core.cucumber.keyword.CucumberBuiltinKeywords$runFeatureFile$0.callStatic(Unknown Source)
	at com.kms.katalon.core.cucumber.keyword.CucumberBuiltinKeywords.runFeatureFile(CucumberBuiltinKeywords.groovy:246)
	at com.kms.katalon.core.cucumber.keyword.CucumberBuiltinKeywords$runFeatureFile.call(Unknown Source)
	at Sil.run(Sil:19)
	at com.kms.katalon.core.main.ScriptEngine.run(ScriptEngine.java:194)
	at com.kms.katalon.core.main.ScriptEngine.runScriptAsRawText(ScriptEngine.java:119)
	at com.kms.katalon.core.main.TestCaseExecutor.runScript(TestCaseExecutor.java:369)
	at com.kms.katalon.core.main.TestCaseExecutor.doExecute(TestCaseExecutor.java:360)
	at com.kms.katalon.core.main.TestCaseExecutor.processExecutionPhase(TestCaseExecutor.java:339)
	at com.kms.katalon.core.main.TestCaseExecutor.accessMainPhase(TestCaseExecutor.java:331)
	at com.kms.katalon.core.main.TestCaseExecutor.execute(TestCaseExecutor.java:248)
	at com.kms.katalon.core.main.TestSuiteExecutor.accessTestCaseMainPhase(TestSuiteExecutor.java:191)
	at com.kms.katalon.core.main.TestSuiteExecutor.accessTestSuiteMainPhase(TestSuiteExecutor.java:140)
	at com.kms.katalon.core.main.TestSuiteExecutor.execute(TestSuiteExecutor.java:89)
	at com.kms.katalon.core.main.TestCaseMain.startTestSuite(TestCaseMain.java:181)
	at com.kms.katalon.core.main.TestCaseMain$startTestSuite$0.call(Unknown Source)
	at TempTestSuite1636702497904.run(TempTestSuite1636702497904.groovy:39)
Caused by: Assertion failed: 

assert a
       |
       false

	at Method.TextDegerineEsitElementinAltindakineTikla(Method.groovy:262)
	... 56 more


2021-11-12 11:09:42 - [MESSAGE][ERROR] - 2021 adlı klasör açılır FAILED.
Reason:
com.kms.katalon.core.exception.StepErrorException: Call Test Case 'Test Cases/Tablo/KlasorAcilir' failed because of error(s)
	at com.kms.katalon.core.keyword.builtin.CallTestCaseKeyword$_callTestCase_closure1.doCall(CallTestCaseKeyword.groovy:66)
	at com.kms.katalon.core.keyword.builtin.CallTestCaseKeyword$_callTestCase_closure1.call(CallTestCaseKeyword.groovy)
	at com.kms.katalon.core.keyword.internal.KeywordMain.runKeyword(KeywordMain.groovy:68)
	at com.kms.katalon.core.keyword.builtin.CallTestCaseKeyword.callTestCase(CallTestCaseKeyword.groovy:81)
	at com.kms.katalon.core.keyword.builtin.CallTestCaseKeyword.execute(CallTestCaseKeyword.groovy:44)
	at com.kms.katalon.core.keyword.internal.KeywordExecutor.executeKeywordForPlatform(KeywordExecutor.groovy:73)
	at com.kms.katalon.core.keyword.BuiltinKeywords.callTestCase(BuiltinKeywords.groovy:334)
	at tablo.tablo.adliKlasorAcilir(tablo.groovy:166)
	at ✽.2021 adlı klasör açılır(C:/Users/DELL/Documents/GitHub/EES_KatalonLogo/Include/features/e-Saklama/e-Defter/e-Defter Saklama/Sil.feature:8)
Caused by: org.codehaus.groovy.runtime.InvokerInvocationException: Assertion failed: 

assert a
       |
       false

	at Method.invokeMethod(Method.groovy)
	at com.kms.katalon.core.main.CustomKeywordDelegatingMetaClass.invokeStaticMethod(CustomKeywordDelegatingMetaClass.java:50)
	at KlasorAcilir.run(KlasorAcilir:19)
	at com.kms.katalon.core.main.ScriptEngine.run(ScriptEngine.java:194)
	at com.kms.katalon.core.main.ScriptEngine.runScriptAsRawText(ScriptEngine.java:119)
	at com.kms.katalon.core.main.TestCaseExecutor.runScript(TestCaseExecutor.java:369)
	at com.kms.katalon.core.main.TestCaseExecutor.doExecute(TestCaseExecutor.java:360)
	at com.kms.katalon.core.main.TestCaseExecutor.processExecutionPhase(TestCaseExecutor.java:339)
	at com.kms.katalon.core.main.TestCaseExecutor.accessMainPhase(TestCaseExecutor.java:331)
	at com.kms.katalon.core.main.TestCaseExecutor.execute(TestCaseExecutor.java:248)
	at com.kms.katalon.core.main.TestCaseMain.runTestCase(TestCaseMain.java:138)
	at com.kms.katalon.core.keyword.builtin.CallTestCaseKeyword$_callTestCase_closure1.doCall(CallTestCaseKeyword.groovy:59)
	at com.kms.katalon.core.keyword.builtin.CallTestCaseKeyword$_callTestCase_closure1.call(CallTestCaseKeyword.groovy)
	at com.kms.katalon.core.keyword.internal.KeywordMain.runKeyword(KeywordMain.groovy:68)
	at com.kms.katalon.core.keyword.builtin.CallTestCaseKeyword.callTestCase(CallTestCaseKeyword.groovy:81)
	at com.kms.katalon.core.keyword.builtin.CallTestCaseKeyword.execute(CallTestCaseKeyword.groovy:44)
	at com.kms.katalon.core.keyword.internal.KeywordExecutor.executeKeywordForPlatform(KeywordExecutor.groovy:73)
	at com.kms.katalon.core.keyword.BuiltinKeywords.callTestCase(BuiltinKeywords.groovy:334)
	at tablo.tablo.adliKlasorAcilir(tablo.groovy:166)
	at cucumber.runtime.Utils$1.call(Utils.java:26)
	at cucumber.runtime.Timeout.timeout(Timeout.java:16)
	at cucumber.runtime.Utils.invoke(Utils.java:20)
	at cucumber.runtime.java.JavaStepDefinition.execute(JavaStepDefinition.java:49)
	at cucumber.runner.PickleStepDefinitionMatch.runStep(PickleStepDefinitionMatch.java:50)
	at cucumber.runner.TestStep.executeStep(TestStep.java:63)
	at cucumber.runner.TestStep.run(TestStep.java:49)
	at cucumber.runner.PickleStepTestStep.run(PickleStepTestStep.java:43)
	at cucumber.runner.TestCase.run(TestCase.java:44)
	at cucumber.runner.Runner.runPickle(Runner.java:40)
	at cucumber.runtime.Runtime$1.run(Runtime.java:84)
	at cucumber.runtime.Runtime$SameThreadExecutorService.execute(Runtime.java:220)
	at cucumber.runtime.Runtime.run(Runtime.java:81)
	at cucumber.api.cli.Main.run(Main.java:26)
	at cucumber.api.cli.Main$run.call(Unknown Source)
	at com.kms.katalon.core.cucumber.keyword.CucumberBuiltinKeywords$_runFeatureFile_closure1.doCall(CucumberBuiltinKeywords.groovy:106)
	at com.kms.katalon.core.cucumber.keyword.CucumberBuiltinKeywords$_runFeatureFile_closure1.doCall(CucumberBuiltinKeywords.groovy)
	at com.kms.katalon.core.keyword.internal.KeywordMain.runKeyword(KeywordMain.groovy:68)
	at com.kms.katalon.core.keyword.internal.KeywordMain$runKeyword.call(Unknown Source)
	at com.kms.katalon.core.cucumber.keyword.CucumberBuiltinKeywords.runFeatureFile(CucumberBuiltinKeywords.groovy:73)
	at com.kms.katalon.core.cucumber.keyword.CucumberBuiltinKeywords$runFeatureFile$0.callStatic(Unknown Source)
	at com.kms.katalon.core.cucumber.keyword.CucumberBuiltinKeywords.runFeatureFile(CucumberBuiltinKeywords.groovy:246)
	at com.kms.katalon.core.cucumber.keyword.CucumberBuiltinKeywords$runFeatureFile.call(Unknown Source)
	at Sil.run(Sil:19)
	at com.kms.katalon.core.main.ScriptEngine.run(ScriptEngine.java:194)
	at com.kms.katalon.core.main.ScriptEngine.runScriptAsRawText(ScriptEngine.java:119)
	at com.kms.katalon.core.main.TestCaseExecutor.runScript(TestCaseExecutor.java:369)
	at com.kms.katalon.core.main.TestCaseExecutor.doExecute(TestCaseExecutor.java:360)
	at com.kms.katalon.core.main.TestCaseExecutor.processExecutionPhase(TestCaseExecutor.java:339)
	at com.kms.katalon.core.main.TestCaseExecutor.accessMainPhase(TestCaseExecutor.java:331)
	at com.kms.katalon.core.main.TestCaseExecutor.execute(TestCaseExecutor.java:248)
	at com.kms.katalon.core.main.TestSuiteExecutor.accessTestCaseMainPhase(TestSuiteExecutor.java:191)
	at com.kms.katalon.core.main.TestSuiteExecutor.accessTestSuiteMainPhase(TestSuiteExecutor.java:140)
	at com.kms.katalon.core.main.TestSuiteExecutor.execute(TestSuiteExecutor.java:89)
	at com.kms.katalon.core.main.TestCaseMain.startTestSuite(TestCaseMain.java:181)
	at com.kms.katalon.core.main.TestCaseMain$startTestSuite$0.call(Unknown Source)
	at TempTestSuite1636702497904.run(TempTestSuite1636702497904.groovy:39)
Caused by: Assertion failed: 

assert a
       |
       false

	at Method.TextDegerineEsitElementinAltindakineTikla(Method.groovy:262)
	... 56 more


2021-11-12 11:09:42 - [TEST_STEP][NOT_RUN] - Mart 2021 adlı klasör açılır: Mart 2021 adlı klasör açılır

2021-11-12 11:09:42 - [MESSAGE][NOT_RUN] - Mart 2021 adlı klasör açılır

2021-11-12 11:09:42 - [TEST_STEP][NOT_RUN] - Yevmiye Dosyaları adlı klasör açılır: Yevmiye Dosyaları adlı klasör açılır

2021-11-12 11:09:42 - [MESSAGE][NOT_RUN] - Yevmiye Dosyaları adlı klasör açılır

2021-11-12 11:09:42 - [TEST_STEP][NOT_RUN] - Berat Dosyaları adlı klasör açılır: Berat Dosyaları adlı klasör açılır

2021-11-12 11:09:42 - [MESSAGE][NOT_RUN] - Berat Dosyaları adlı klasör açılır

2021-11-12 11:09:42 - [TEST_STEP][NOT_RUN] - 1234567806-202103-YB-000001.zip adlı klasör seçilir: 1234567806-202103-YB-000001.zip adlı klasör seçilir

2021-11-12 11:09:42 - [MESSAGE][NOT_RUN] - 1234567806-202103-YB-000001.zip adlı klasör seçilir

2021-11-12 11:09:42 - [TEST_STEP][NOT_RUN] - Butonlardan Sil isimli butona tıklanır: Butonlardan Sil isimli butona tıklanır

2021-11-12 11:09:42 - [MESSAGE][NOT_RUN] - Butonlardan Sil isimli butona tıklanır

2021-11-12 11:09:42 - [TEST_STEP][NOT_RUN] - Popup mesajı Seçili e-Defter dosyaları silinecektir içeriyor mu: Popup mesajı Seçili e-Defter dosyaları silinecektir içeriyor mu

2021-11-12 11:09:42 - [MESSAGE][NOT_RUN] - Popup mesajı Seçili e-Defter dosyaları silinecektir içeriyor mu

2021-11-12 11:09:42 - [TEST_STEP][NOT_RUN] - Yönetim popupında Evet seçilir: Yönetim popupında Evet seçilir

2021-11-12 11:09:42 - [MESSAGE][NOT_RUN] - Yönetim popupında Evet seçilir

2021-11-12 11:09:42 - [TEST_STEP][NOT_RUN] - Yönetim popupında Tamam seçilir: Yönetim popupında Tamam seçilir

2021-11-12 11:09:42 - [MESSAGE][NOT_RUN] - Yönetim popupında Tamam seçilir

2021-11-12 11:09:42 - [TEST_STEP][NOT_RUN] - Kullanıcı işlemlerinden Çıkış seçilir: Kullanıcı işlemlerinden Çıkış seçilir

2021-11-12 11:09:42 - [MESSAGE][NOT_RUN] - Kullanıcı işlemlerinden Çıkış seçilir

2021-11-12 11:09:42 - [MESSAGE][FAILED] - Feature file 'Include/features/e-Saklama/e-Defter/e-Defter Saklama/Sil.feature' was failed

2021-11-12 11:09:42 - [MESSAGE][FAILED] - Keyword runFeatureFile was failed (Root cause: com.kms.katalon.core.exception.StepFailedException: Feature file 'Include/features/e-Saklama/e-Defter/e-Defter Saklama/Sil.feature' was failed
	at com.kms.katalon.core.keyword.internal.KeywordMain.stepFailed(KeywordMain.groovy:50)
	at com.kms.katalon.core.keyword.internal.KeywordMain.stepFailed(KeywordMain.groovy)
	at com.kms.katalon.core.keyword.internal.KeywordMain.stepFailed(KeywordMain.groovy:23)
	at com.kms.katalon.core.keyword.internal.KeywordMain$stepFailed$0.call(Unknown Source)
	at com.kms.katalon.core.cucumber.keyword.CucumberBuiltinKeywords$_runFeatureFile_closure1.doCall(CucumberBuiltinKeywords.groovy:112)
	at com.kms.katalon.core.cucumber.keyword.CucumberBuiltinKeywords$_runFeatureFile_closure1.doCall(CucumberBuiltinKeywords.groovy)
	at com.kms.katalon.core.keyword.internal.KeywordMain.runKeyword(KeywordMain.groovy:68)
	at com.kms.katalon.core.keyword.internal.KeywordMain$runKeyword.call(Unknown Source)
	at com.kms.katalon.core.cucumber.keyword.CucumberBuiltinKeywords.runFeatureFile(CucumberBuiltinKeywords.groovy:73)
	at com.kms.katalon.core.cucumber.keyword.CucumberBuiltinKeywords$runFeatureFile$0.callStatic(Unknown Source)
	at com.kms.katalon.core.cucumber.keyword.CucumberBuiltinKeywords.runFeatureFile(CucumberBuiltinKeywords.groovy:246)
	at com.kms.katalon.core.cucumber.keyword.CucumberBuiltinKeywords$runFeatureFile.call(Unknown Source)
	at Sil.run(Sil:19)
	at com.kms.katalon.core.main.ScriptEngine.run(ScriptEngine.java:194)
	at com.kms.katalon.core.main.ScriptEngine.runScriptAsRawText(ScriptEngine.java:119)
	at com.kms.katalon.core.main.TestCaseExecutor.runScript(TestCaseExecutor.java:369)
	at com.kms.katalon.core.main.TestCaseExecutor.doExecute(TestCaseExecutor.java:360)
	at com.kms.katalon.core.main.TestCaseExecutor.processExecutionPhase(TestCaseExecutor.java:339)
	at com.kms.katalon.core.main.TestCaseExecutor.accessMainPhase(TestCaseExecutor.java:331)
	at com.kms.katalon.core.main.TestCaseExecutor.execute(TestCaseExecutor.java:248)
	at com.kms.katalon.core.main.TestSuiteExecutor.accessTestCaseMainPhase(TestSuiteExecutor.java:191)
	at com.kms.katalon.core.main.TestSuiteExecutor.accessTestSuiteMainPhase(TestSuiteExecutor.java:140)
	at com.kms.katalon.core.main.TestSuiteExecutor.execute(TestSuiteExecutor.java:89)
	at com.kms.katalon.core.main.TestCaseMain.startTestSuite(TestCaseMain.java:181)
	at com.kms.katalon.core.main.TestCaseMain$startTestSuite$0.call(Unknown Source)
	at TempTestSuite1636702497904.run(TempTestSuite1636702497904.groovy:39)
)

2021-11-12 11:09:42 - [TEST_STEP][PASSED] - Start listener action : sampleAfterTestSuite: Invoke 'com.kms.katalon.core.annotation.AfterTestCase' method: 'Listener.sampleAfterTestSuite(...)' completed.

2021-11-12 11:09:42 - [MESSAGE][INFO] - Starting invoke 'com.kms.katalon.core.annotation.AfterTestCase' method: 'Listener.sampleAfterTestSuite(...)'

2021-11-12 11:09:42 - [TEST_STEP][PASSED] - closeBrowser(): Invoke 'com.kms.katalon.core.annotation.AfterTestCase' method: 'Listener.sampleAfterTestSuite(...)' completed.

2021-11-12 11:09:42 - [MESSAGE][INFO] - Closing browser

2021-11-12 11:09:42 - [MESSAGE][PASSED] - Browser is closed

2021-11-12 11:09:42 - [MESSAGE][INFO] - Invoke 'com.kms.katalon.core.annotation.AfterTestCase' method: 'Listener.sampleAfterTestSuite(...)' completed.]]></system-out>
         <system-err><![CDATA[2021-11-12 11:09:02 - [TEST_CASE][FAILED] - Test Cases/Case Repository/e-Saklama/e-Defter/e-Defter Saklama/Sil: Test Cases/Case Repository/e-Saklama/e-Defter/e-Defter Saklama/Sil FAILED.
Reason:
com.kms.katalon.core.exception.StepFailedException: Feature file 'Include/features/e-Saklama/e-Defter/e-Defter Saklama/Sil.feature' was failed
	at com.kms.katalon.core.keyword.internal.KeywordMain.stepFailed(KeywordMain.groovy:50)
	at com.kms.katalon.core.keyword.internal.KeywordMain.stepFailed(KeywordMain.groovy)
	at com.kms.katalon.core.keyword.internal.KeywordMain.stepFailed(KeywordMain.groovy:23)
	at com.kms.katalon.core.keyword.internal.KeywordMain$stepFailed$0.call(Unknown Source)
	at com.kms.katalon.core.cucumber.keyword.CucumberBuiltinKeywords$_runFeatureFile_closure1.doCall(CucumberBuiltinKeywords.groovy:112)
	at com.kms.katalon.core.cucumber.keyword.CucumberBuiltinKeywords$_runFeatureFile_closure1.doCall(CucumberBuiltinKeywords.groovy)
	at com.kms.katalon.core.keyword.internal.KeywordMain.runKeyword(KeywordMain.groovy:68)
	at com.kms.katalon.core.keyword.internal.KeywordMain$runKeyword.call(Unknown Source)
	at com.kms.katalon.core.cucumber.keyword.CucumberBuiltinKeywords.runFeatureFile(CucumberBuiltinKeywords.groovy:73)
	at com.kms.katalon.core.cucumber.keyword.CucumberBuiltinKeywords$runFeatureFile$0.callStatic(Unknown Source)
	at com.kms.katalon.core.cucumber.keyword.CucumberBuiltinKeywords.runFeatureFile(CucumberBuiltinKeywords.groovy:246)
	at com.kms.katalon.core.cucumber.keyword.CucumberBuiltinKeywords$runFeatureFile.call(Unknown Source)
	at Sil.run(Sil:19)
	at com.kms.katalon.core.main.ScriptEngine.run(ScriptEngine.java:194)
	at com.kms.katalon.core.main.ScriptEngine.runScriptAsRawText(ScriptEngine.java:119)
	at com.kms.katalon.core.main.TestCaseExecutor.runScript(TestCaseExecutor.java:369)
	at com.kms.katalon.core.main.TestCaseExecutor.doExecute(TestCaseExecutor.java:360)
	at com.kms.katalon.core.main.TestCaseExecutor.processExecutionPhase(TestCaseExecutor.java:339)
	at com.kms.katalon.core.main.TestCaseExecutor.accessMainPhase(TestCaseExecutor.java:331)
	at com.kms.katalon.core.main.TestCaseExecutor.execute(TestCaseExecutor.java:248)
	at com.kms.katalon.core.main.TestSuiteExecutor.accessTestCaseMainPhase(TestSuiteExecutor.java:191)
	at com.kms.katalon.core.main.TestSuiteExecutor.accessTestSuiteMainPhase(TestSuiteExecutor.java:140)
	at com.kms.katalon.core.main.TestSuiteExecutor.execute(TestSuiteExecutor.java:89)
	at com.kms.katalon.core.main.TestCaseMain.startTestSuite(TestCaseMain.java:181)
	at com.kms.katalon.core.main.TestCaseMain$startTestSuite$0.call(Unknown Source)
	at TempTestSuite1636702497904.run(TempTestSuite1636702497904.groovy:39)]]></system-err>
      </testcase>
      <system-out><![CDATA[2021-11-12 11:06:10 - [TEST_SUITE][FAILED] - e-Saklama: Test Cases/Case Repository/e-Saklama/e-Defter/e-Defter Saklama/Sil FAILED.
Reason:
com.kms.katalon.core.exception.StepFailedException: Feature file 'Include/features/e-Saklama/e-Defter/e-Defter Saklama/Sil.feature' was failed
	at com.kms.katalon.core.keyword.internal.KeywordMain.stepFailed(KeywordMain.groovy:50)
	at com.kms.katalon.core.keyword.internal.KeywordMain.stepFailed(KeywordMain.groovy)
	at com.kms.katalon.core.keyword.internal.KeywordMain.stepFailed(KeywordMain.groovy:23)
	at com.kms.katalon.core.keyword.internal.KeywordMain$stepFailed$0.call(Unknown Source)
	at com.kms.katalon.core.cucumber.keyword.CucumberBuiltinKeywords$_runFeatureFile_closure1.doCall(CucumberBuiltinKeywords.groovy:112)
	at com.kms.katalon.core.cucumber.keyword.CucumberBuiltinKeywords$_runFeatureFile_closure1.doCall(CucumberBuiltinKeywords.groovy)
	at com.kms.katalon.core.keyword.internal.KeywordMain.runKeyword(KeywordMain.groovy:68)
	at com.kms.katalon.core.keyword.internal.KeywordMain$runKeyword.call(Unknown Source)
	at com.kms.katalon.core.cucumber.keyword.CucumberBuiltinKeywords.runFeatureFile(CucumberBuiltinKeywords.groovy:73)
	at com.kms.katalon.core.cucumber.keyword.CucumberBuiltinKeywords$runFeatureFile$0.callStatic(Unknown Source)
	at com.kms.katalon.core.cucumber.keyword.CucumberBuiltinKeywords.runFeatureFile(CucumberBuiltinKeywords.groovy:246)
	at com.kms.katalon.core.cucumber.keyword.CucumberBuiltinKeywords$runFeatureFile.call(Unknown Source)
	at Sil.run(Sil:19)
	at com.kms.katalon.core.main.ScriptEngine.run(ScriptEngine.java:194)
	at com.kms.katalon.core.main.ScriptEngine.runScriptAsRawText(ScriptEngine.java:119)
	at com.kms.katalon.core.main.TestCaseExecutor.runScript(TestCaseExecutor.java:369)
	at com.kms.katalon.core.main.TestCaseExecutor.doExecute(TestCaseExecutor.java:360)
	at com.kms.katalon.core.main.TestCaseExecutor.processExecutionPhase(TestCaseExecutor.java:339)
	at com.kms.katalon.core.main.TestCaseExecutor.accessMainPhase(TestCaseExecutor.java:331)
	at com.kms.katalon.core.main.TestCaseExecutor.execute(TestCaseExecutor.java:248)
	at com.kms.katalon.core.main.TestSuiteExecutor.accessTestCaseMainPhase(TestSuiteExecutor.java:191)
	at com.kms.katalon.core.main.TestSuiteExecutor.accessTestSuiteMainPhase(TestSuiteExecutor.java:140)
	at com.kms.katalon.core.main.TestSuiteExecutor.execute(TestSuiteExecutor.java:89)
	at com.kms.katalon.core.main.TestCaseMain.startTestSuite(TestCaseMain.java:181)
	at com.kms.katalon.core.main.TestCaseMain$startTestSuite$0.call(Unknown Source)
	at TempTestSuite1636702497904.run(TempTestSuite1636702497904.groovy:39)]]></system-out>
      <system-err><![CDATA[2021-11-12 11:06:10 - [TEST_SUITE][FAILED] - e-Saklama: Test Cases/Case Repository/e-Saklama/e-Defter/e-Defter Saklama/Sil FAILED.
Reason:
com.kms.katalon.core.exception.StepFailedException: Feature file 'Include/features/e-Saklama/e-Defter/e-Defter Saklama/Sil.feature' was failed
	at com.kms.katalon.core.keyword.internal.KeywordMain.stepFailed(KeywordMain.groovy:50)
	at com.kms.katalon.core.keyword.internal.KeywordMain.stepFailed(KeywordMain.groovy)
	at com.kms.katalon.core.keyword.internal.KeywordMain.stepFailed(KeywordMain.groovy:23)
	at com.kms.katalon.core.keyword.internal.KeywordMain$stepFailed$0.call(Unknown Source)
	at com.kms.katalon.core.cucumber.keyword.CucumberBuiltinKeywords$_runFeatureFile_closure1.doCall(CucumberBuiltinKeywords.groovy:112)
	at com.kms.katalon.core.cucumber.keyword.CucumberBuiltinKeywords$_runFeatureFile_closure1.doCall(CucumberBuiltinKeywords.groovy)
	at com.kms.katalon.core.keyword.internal.KeywordMain.runKeyword(KeywordMain.groovy:68)
	at com.kms.katalon.core.keyword.internal.KeywordMain$runKeyword.call(Unknown Source)
	at com.kms.katalon.core.cucumber.keyword.CucumberBuiltinKeywords.runFeatureFile(CucumberBuiltinKeywords.groovy:73)
	at com.kms.katalon.core.cucumber.keyword.CucumberBuiltinKeywords$runFeatureFile$0.callStatic(Unknown Source)
	at com.kms.katalon.core.cucumber.keyword.CucumberBuiltinKeywords.runFeatureFile(CucumberBuiltinKeywords.groovy:246)
	at com.kms.katalon.core.cucumber.keyword.CucumberBuiltinKeywords$runFeatureFile.call(Unknown Source)
	at Sil.run(Sil:19)
	at com.kms.katalon.core.main.ScriptEngine.run(ScriptEngine.java:194)
	at com.kms.katalon.core.main.ScriptEngine.runScriptAsRawText(ScriptEngine.java:119)
	at com.kms.katalon.core.main.TestCaseExecutor.runScript(TestCaseExecutor.java:369)
	at com.kms.katalon.core.main.TestCaseExecutor.doExecute(TestCaseExecutor.java:360)
	at com.kms.katalon.core.main.TestCaseExecutor.processExecutionPhase(TestCaseExecutor.java:339)
	at com.kms.katalon.core.main.TestCaseExecutor.accessMainPhase(TestCaseExecutor.java:331)
	at com.kms.katalon.core.main.TestCaseExecutor.execute(TestCaseExecutor.java:248)
	at com.kms.katalon.core.main.TestSuiteExecutor.accessTestCaseMainPhase(TestSuiteExecutor.java:191)
	at com.kms.katalon.core.main.TestSuiteExecutor.accessTestSuiteMainPhase(TestSuiteExecutor.java:140)
	at com.kms.katalon.core.main.TestSuiteExecutor.execute(TestSuiteExecutor.java:89)
	at com.kms.katalon.core.main.TestCaseMain.startTestSuite(TestCaseMain.java:181)
	at com.kms.katalon.core.main.TestCaseMain$startTestSuite$0.call(Unknown Source)
	at TempTestSuite1636702497904.run(TempTestSuite1636702497904.groovy:39)]]></system-err>
   </testsuite>
</testsuites>
