[
  {
    "line": 1,
    "elements": [
      {
        "line": 20,
        "name": "Tasarim Araclari Yukle e-Fatura",
        "description": "",
        "id": "tasarim-araclari-yukle-e-fatura;tasarim-araclari-yukle-e-fatura;;2",
        "type": "scenario",
        "keyword": "Scenario Outline",
        "steps": [
          {
            "result": {
              "duration": 12528895800,
              "status": "passed"
            },
            "line": 4,
            "name": "Kullanıcı adı ELOGO6 ve Şifre 123456 olarak giriş yapılır",
            "match": {
              "arguments": [
                {
                  "val": "ELOGO6",
                  "offset": 14
                },
                {
                  "val": "123456",
                  "offset": 30
                }
              ],
              "location": "girisSayfasi.login(String,String)"
            },
            "keyword": "* "
          },
          {
            "result": {
              "duration": 789595000,
              "status": "passed"
            },
            "line": 5,
            "name": "Ana menüden Ayarlar seçilir",
            "match": {
              "arguments": [
                {
                  "val": "Ayarlar",
                  "offset": 12
                }
              ],
              "location": "menu.anaMenuSecimi(String)"
            },
            "keyword": "* "
          },
          {
            "result": {
              "duration": 8565848700,
              "status": "passed"
            },
            "line": 6,
            "name": "Alt menü Görsel Tasarımlar başlığı altındaki Tasarım Araçları seçilir",
            "match": {
              "arguments": [
                {
                  "val": "Görsel Tasarımlar",
                  "offset": 9
                },
                {
                  "val": "Tasarım Araçları",
                  "offset": 45
                }
              ],
              "location": "menu.basligaGoreAltMenuSecimi(String,String)"
            },
            "keyword": "* "
          },
          {
            "result": {
              "duration": 571790700,
              "status": "passed"
            },
            "line": 7,
            "name": "Tabloda veri var mı kontrol edilir",
            "match": {
              "location": "tablo.tablodaVeriVarMi()"
            },
            "keyword": "* "
          },
          {
            "result": {
              "duration": 574587200,
              "status": "passed"
            },
            "line": 8,
            "name": "Butonlardan Yukle isimli butona tıklanır",
            "match": {
              "arguments": [
                {
                  "val": "Yukle",
                  "offset": 12
                }
              ],
              "location": "butonlar.butonaTikla(String)"
            },
            "keyword": "* "
          },
          {
            "result": {
              "duration": 1008506100,
              "status": "passed"
            },
            "line": 9,
            "name": "Alt butonlardan e-Fatura butonuna tıklanır",
            "match": {
              "arguments": [
                {
                  "val": "e-Fatura",
                  "offset": 16
                }
              ],
              "location": "butonlar.altButonaTikla(String)"
            },
            "keyword": "* "
          },
          {
            "result": {
              "duration": 6060537500,
              "status": "passed"
            },
            "line": 10,
            "name": "Tasarım Araçları Dosya Yükleme alanına C:\\otomasyonupfiles\\Ayarlar\\FCDD449F-F6B4-4D5F-B436-1E81B80A7193.xslt dizinindeki dosya yüklenir",
            "match": {
              "arguments": [
                {
                  "val": "C:\\otomasyonupfiles\\Ayarlar\\FCDD449F-F6B4-4D5F-B436-1E81B80A7193.xslt",
                  "offset": 39
                }
              ],
              "location": "yukle.tasaarimAraclariDosyaYukleme(String)"
            },
            "keyword": "* "
          },
          {
            "result": {
              "error_message": "com.kms.katalon.core.exception.StepErrorException: Call Test Case \u0027Test Cases/Tablo/TablodaUnvanliVeriOlusturulduMu\u0027 failed because of error(s)\r\n\tat com.kms.katalon.core.keyword.builtin.CallTestCaseKeyword$_callTestCase_closure1.doCall(CallTestCaseKeyword.groovy:66)\r\n\tat com.kms.katalon.core.keyword.builtin.CallTestCaseKeyword$_callTestCase_closure1.call(CallTestCaseKeyword.groovy)\r\n\tat com.kms.katalon.core.keyword.internal.KeywordMain.runKeyword(KeywordMain.groovy:68)\r\n\tat com.kms.katalon.core.keyword.builtin.CallTestCaseKeyword.callTestCase(CallTestCaseKeyword.groovy:81)\r\n\tat com.kms.katalon.core.keyword.builtin.CallTestCaseKeyword.execute(CallTestCaseKeyword.groovy:44)\r\n\tat com.kms.katalon.core.keyword.internal.KeywordExecutor.executeKeywordForPlatform(KeywordExecutor.groovy:73)\r\n\tat com.kms.katalon.core.keyword.BuiltinKeywords.callTestCase(BuiltinKeywords.groovy:334)\r\n\tat tablo.tablo.tablodaUnvanliVeriOlusturulduMu(tablo.groovy:115)\r\n\tat ✽.Tabloda FCDD449F-F6B4-4D5F-B436-1E81B80A7193.xslt- ünvanlı veri oluşturuldu mu(C:/Users/DELL/Documents/GitHub/EES_KatalonLogo/Include/features/Ayarlar/Gorsel Tasarimlar/Tasarim Araclari/Yukle e-Fatura.feature:15)\r\nCaused by: org.codehaus.groovy.runtime.InvokerInvocationException: Assertion failed: \n\nassert a\n       |\n       false\n\r\n\tat Method.invokeMethod(Method.groovy)\r\n\tat com.kms.katalon.core.main.CustomKeywordDelegatingMetaClass.invokeStaticMethod(CustomKeywordDelegatingMetaClass.java:50)\r\n\tat TablodaUnvanliVeriOlusturulduMu.run(TablodaUnvanliVeriOlusturulduMu:22)\r\n\tat com.kms.katalon.core.main.ScriptEngine.run(ScriptEngine.java:194)\r\n\tat com.kms.katalon.core.main.ScriptEngine.runScriptAsRawText(ScriptEngine.java:119)\r\n\tat com.kms.katalon.core.main.TestCaseExecutor.runScript(TestCaseExecutor.java:369)\r\n\tat com.kms.katalon.core.main.TestCaseExecutor.doExecute(TestCaseExecutor.java:360)\r\n\tat com.kms.katalon.core.main.TestCaseExecutor.processExecutionPhase(TestCaseExecutor.java:339)\r\n\tat com.kms.katalon.core.main.TestCaseExecutor.accessMainPhase(TestCaseExecutor.java:331)\r\n\tat com.kms.katalon.core.main.TestCaseExecutor.execute(TestCaseExecutor.java:248)\r\n\tat com.kms.katalon.core.main.TestCaseMain.runTestCase(TestCaseMain.java:138)\r\n\tat com.kms.katalon.core.keyword.builtin.CallTestCaseKeyword$_callTestCase_closure1.doCall(CallTestCaseKeyword.groovy:59)\r\n\tat com.kms.katalon.core.keyword.builtin.CallTestCaseKeyword$_callTestCase_closure1.call(CallTestCaseKeyword.groovy)\r\n\tat com.kms.katalon.core.keyword.internal.KeywordMain.runKeyword(KeywordMain.groovy:68)\r\n\tat com.kms.katalon.core.keyword.builtin.CallTestCaseKeyword.callTestCase(CallTestCaseKeyword.groovy:81)\r\n\tat com.kms.katalon.core.keyword.builtin.CallTestCaseKeyword.execute(CallTestCaseKeyword.groovy:44)\r\n\tat com.kms.katalon.core.keyword.internal.KeywordExecutor.executeKeywordForPlatform(KeywordExecutor.groovy:73)\r\n\tat com.kms.katalon.core.keyword.BuiltinKeywords.callTestCase(BuiltinKeywords.groovy:334)\r\n\tat tablo.tablo.tablodaUnvanliVeriOlusturulduMu(tablo.groovy:115)\r\n\tat cucumber.runtime.Utils$1.call(Utils.java:26)\r\n\tat cucumber.runtime.Timeout.timeout(Timeout.java:16)\r\n\tat cucumber.runtime.Utils.invoke(Utils.java:20)\r\n\tat cucumber.runtime.java.JavaStepDefinition.execute(JavaStepDefinition.java:49)\r\n\tat cucumber.runner.PickleStepDefinitionMatch.runStep(PickleStepDefinitionMatch.java:50)\r\n\tat cucumber.runner.TestStep.executeStep(TestStep.java:63)\r\n\tat cucumber.runner.TestStep.run(TestStep.java:49)\r\n\tat cucumber.runner.PickleStepTestStep.run(PickleStepTestStep.java:43)\r\n\tat cucumber.runner.TestCase.run(TestCase.java:44)\r\n\tat cucumber.runner.Runner.runPickle(Runner.java:40)\r\n\tat cucumber.runtime.Runtime$1.run(Runtime.java:84)\r\n\tat cucumber.runtime.Runtime$SameThreadExecutorService.execute(Runtime.java:220)\r\n\tat cucumber.runtime.Runtime.run(Runtime.java:81)\r\n\tat cucumber.api.cli.Main.run(Main.java:26)\r\n\tat cucumber.api.cli.Main$run.call(Unknown Source)\r\n\tat com.kms.katalon.core.cucumber.keyword.CucumberBuiltinKeywords$_runFeatureFile_closure1.doCall(CucumberBuiltinKeywords.groovy:106)\r\n\tat com.kms.katalon.core.cucumber.keyword.CucumberBuiltinKeywords$_runFeatureFile_closure1.doCall(CucumberBuiltinKeywords.groovy)\r\n\tat com.kms.katalon.core.keyword.internal.KeywordMain.runKeyword(KeywordMain.groovy:68)\r\n\tat com.kms.katalon.core.keyword.internal.KeywordMain$runKeyword.call(Unknown Source)\r\n\tat com.kms.katalon.core.cucumber.keyword.CucumberBuiltinKeywords.runFeatureFile(CucumberBuiltinKeywords.groovy:73)\r\n\tat com.kms.katalon.core.cucumber.keyword.CucumberBuiltinKeywords$runFeatureFile$0.callStatic(Unknown Source)\r\n\tat com.kms.katalon.core.cucumber.keyword.CucumberBuiltinKeywords.runFeatureFile(CucumberBuiltinKeywords.groovy:246)\r\n\tat com.kms.katalon.core.cucumber.keyword.CucumberBuiltinKeywords$runFeatureFile.call(Unknown Source)\r\n\tat Yukle e-Fatura.run(Yukle e-Fatura:19)\r\n\tat com.kms.katalon.core.main.ScriptEngine.run(ScriptEngine.java:194)\r\n\tat com.kms.katalon.core.main.ScriptEngine.runScriptAsRawText(ScriptEngine.java:119)\r\n\tat com.kms.katalon.core.main.TestCaseExecutor.runScript(TestCaseExecutor.java:369)\r\n\tat com.kms.katalon.core.main.TestCaseExecutor.doExecute(TestCaseExecutor.java:360)\r\n\tat com.kms.katalon.core.main.TestCaseExecutor.processExecutionPhase(TestCaseExecutor.java:339)\r\n\tat com.kms.katalon.core.main.TestCaseExecutor.accessMainPhase(TestCaseExecutor.java:331)\r\n\tat com.kms.katalon.core.main.TestCaseExecutor.execute(TestCaseExecutor.java:248)\r\n\tat com.kms.katalon.core.main.TestSuiteExecutor.accessTestCaseMainPhase(TestSuiteExecutor.java:191)\r\n\tat com.kms.katalon.core.main.TestSuiteExecutor.accessTestSuiteMainPhase(TestSuiteExecutor.java:140)\r\n\tat com.kms.katalon.core.main.TestSuiteExecutor.execute(TestSuiteExecutor.java:89)\r\n\tat com.kms.katalon.core.main.TestCaseMain.startTestSuite(TestCaseMain.java:181)\r\n\tat com.kms.katalon.core.main.TestCaseMain$startTestSuite$0.call(Unknown Source)\r\n\tat TempTestSuite1637223005608.run(TempTestSuite1637223005608.groovy:39)\r\nCaused by: Assertion failed: \n\nassert a\n       |\n       false\n\r\n\tat Method.TextDegerineEsitElementVarMi(Method.groovy:277)\r\n\t... 56 more\r\n",
              "duration": 5049670400,
              "status": "failed"
            },
            "line": 15,
            "name": "Tabloda FCDD449F-F6B4-4D5F-B436-1E81B80A7193.xslt- ünvanlı veri oluşturuldu mu",
            "match": {
              "arguments": [
                {
                  "val": "FCDD449F-F6B4-4D5F-B436-1E81B80A7193.xslt-",
                  "offset": 8
                }
              ],
              "location": "tablo.tablodaUnvanliVeriOlusturulduMu(String)"
            },
            "keyword": "* "
          },
          {
            "result": {
              "duration": 5800,
              "status": "skipped"
            },
            "line": 16,
            "name": "Kullanıcı işlemlerinden Çıkış seçilir",
            "match": {
              "arguments": [
                {
                  "val": "Çıkış",
                  "offset": 24
                }
              ],
              "location": "kullaniciIslemleri.kullaniciIslemi(String)"
            },
            "keyword": "* "
          }
        ]
      }
    ],
    "name": "Tasarim Araclari Yukle e-Fatura",
    "description": "",
    "id": "tasarim-araclari-yukle-e-fatura",
    "keyword": "Feature",
    "uri": "C:/Users/DELL/Documents/GitHub/EES_KatalonLogo/Include/features/Ayarlar/Gorsel Tasarimlar/Tasarim Araclari/Yukle e-Fatura.feature",
    "tags": []
  }
]